<?xml version="1.0" encoding="UTF-8"?>
<!-- Generated by org.testng.reporters.JUnitXMLReporter -->
<testsuite hostname="HW1746" ignored="10" name="Grouping" tests="6" failures="0" timestamp="30 Jan 2018 11:53:43 GMT" time="251.806" errors="0">
  <testcase name="TC_019_VerifyAimsUploaderBySelectingIVRSMSOption" time="26.907" classname="com.Indigo.OCC.TC_019_VerifyAimsUploaderBySelectingIVRSMSOption"/>
  <testcase name="TC_030_VerfyPaxSMSIVRManualWithSMSIVR" time="42.506" classname="com.Indigo.OCC.TC_030_VerfyPaxSMSIVRManualWithSMSIVR"/>
  <testcase name="TC_014_VerifyPasengerAdhocMessagBySelectingSMSOption" time="46.558" classname="com.Indigo.OCC.TC_014_VerifyPasengerAdhocMessagBySelectingSMSOption"/>
  <testcase name="TC_016_VerifyCrewAdhocMessageBySelectingCrewNotificationTypeAsImportantNotification" time="50.762" classname="com.Indigo.OCC.TC_016_VerifyCrewAdhocMessageBySelectingCrewNotificationTypeAsImportantNotification"/>
  <testcase name="TC_020_VerifyManualFlightCancellationUsingIVRSMSOption" time="44.391" classname="com.Indigo.OCC.TC_020_VerifyManualFlightCancellationUsingIVRSMSOption"/>
  <testcase name="TC_018_VerifySchedulePassengerMessageTable" time="8.778" classname="com.Indigo.OCC.TC_018_VerifySchedulePassengerMessageTable"/>
  <testcase name="@BeforeSuite setupSuite" time="0.0" classname="com.ctaf.accelerators.TestEngine">
    <ignored/>
  </testcase> <!-- @BeforeSuite setupSuite -->
  <testcase name="@BeforeSuite setupSuite" time="0.0" classname="com.ctaf.accelerators.TestEngine">
    <ignored/>
  </testcase> <!-- @BeforeSuite setupSuite -->
  <testcase name="@BeforeSuite setupSuite" time="0.0" classname="com.ctaf.accelerators.TestEngine">
    <ignored/>
  </testcase> <!-- @BeforeSuite setupSuite -->
  <testcase name="@BeforeSuite setupSuite" time="0.0" classname="com.ctaf.accelerators.TestEngine">
    <ignored/>
  </testcase> <!-- @BeforeSuite setupSuite -->
  <testcase name="@BeforeSuite setupSuite" time="0.0" classname="com.ctaf.accelerators.TestEngine">
    <ignored/>
  </testcase> <!-- @BeforeSuite setupSuite -->
  <testcase name="@AfterSuite tearDown" time="0.0" classname="com.ctaf.accelerators.TestEngine">
    <ignored/>
  </testcase> <!-- @AfterSuite tearDown -->
  <testcase name="@AfterSuite tearDown" time="0.0" classname="com.ctaf.accelerators.TestEngine">
    <ignored/>
  </testcase> <!-- @AfterSuite tearDown -->
  <testcase name="@AfterSuite tearDown" time="0.0" classname="com.ctaf.accelerators.TestEngine">
    <ignored/>
  </testcase> <!-- @AfterSuite tearDown -->
  <testcase name="@AfterSuite tearDown" time="0.0" classname="com.ctaf.accelerators.TestEngine">
    <ignored/>
  </testcase> <!-- @AfterSuite tearDown -->
  <testcase name="@AfterSuite tearDown" time="0.0" classname="com.ctaf.accelerators.TestEngine">
    <ignored/>
  </testcase> <!-- @AfterSuite tearDown -->
</testsuite> <!-- Grouping -->
