<?xml version="1.0" encoding="UTF-8"?>
<testng-results skipped="0" failed="115" total="195" passed="80">
  <reporter-output>
  </reporter-output>
  <suite name="Failed suite [DPC]" duration-ms="277429" started-at="2017-02-11T09:41:27Z" finished-at="2017-02-11T09:46:04Z">
    <groups>
    </groups>
    <test name="Chrome(failed)" duration-ms="277429" started-at="2017-02-11T09:41:27Z" finished-at="2017-02-11T09:46:04Z">
      <class name="com.desktopWeb.scripts.common.TC_03_CommonChecks_HomePage_HamburgerMenu_Login_Signout_GuestUser">
        <test-method status="PASS" signature="setupSuite(org.testng.ITestContext)[pri:0, instance:com.desktopWeb.scripts.common.TC_03_CommonChecks_HomePage_HamburgerMenu_Login_Signout_GuestUser@1e800aaa]" name="setupSuite" is-config="true" duration-ms="67" started-at="2017-02-11T15:01:49Z" finished-at="2017-02-11T15:01:49Z">
          <params>
            <param index="0">
              <value>
                <![CDATA[org.testng.TestRunner@6a16b724]]>
              </value>
            </param>
          </params>
          <reporter-output>
          </reporter-output>
        </test-method> <!-- setupSuite -->
        <test-method status="PASS" signature="reportHeader(java.lang.reflect.Method)[pri:0, instance:com.desktopWeb.scripts.common.TC_03_CommonChecks_HomePage_HamburgerMenu_Login_Signout_GuestUser@1e800aaa]" name="reportHeader" is-config="true" duration-ms="46265" started-at="2017-02-11T15:01:49Z" finished-at="2017-02-11T15:02:35Z">
          <params>
            <param index="0">
              <value>
                <![CDATA[public void com.desktopWeb.scripts.common.TC_03_CommonChecks_HomePage_HamburgerMenu_Login_Signout_GuestUser.TC03_CommonChecks_HomePage_HambergerMenu_Login_Signout_GuestUser(java.lang.String,java.lang.String,java.lang.String) throws java.lang.Throwable]]>
              </value>
            </param>
          </params>
          <reporter-output>
          </reporter-output>
        </test-method> <!-- reportHeader -->
        <test-method status="PASS" signature="TC03_CommonChecks_HomePage_HambergerMenu_Login_Signout_GuestUser(java.lang.String, java.lang.String, java.lang.String)[pri:0, instance:com.desktopWeb.scripts.common.TC_03_CommonChecks_HomePage_HamburgerMenu_Login_Signout_GuestUser@1e800aaa]" name="TC03_CommonChecks_HomePage_HambergerMenu_Login_Signout_GuestUser" duration-ms="214603" started-at="2017-02-11T15:02:35Z" data-provider="testData" finished-at="2017-02-11T15:06:10Z">
          <params>
            <param index="0">
              <value>
                <![CDATA[Guest@gmail.com]]>
              </value>
            </param>
            <param index="1">
              <value>
                <![CDATA[Guest]]>
              </value>
            </param>
            <param index="2">
              <value>
                <![CDATA[Verify the presence of Hamburger Menu, Links present in Hamburger, Engage Victoria Logo, Search Site, Engage Victoria' on hero block, text -  Share ideas here and have your say about what matters to you, Image on hero block, Advance search section, Website feature section, Active Consultation section, Stay Informed section, Footer section for Guest User]]>
              </value>
            </param>
          </params>
          <reporter-output>
          </reporter-output>
        </test-method> <!-- TC03_CommonChecks_HomePage_HambergerMenu_Login_Signout_GuestUser -->
        <test-method status="PASS" signature="tearDownMethod()[pri:0, instance:com.desktopWeb.scripts.common.TC_03_CommonChecks_HomePage_HamburgerMenu_Login_Signout_GuestUser@1e800aaa]" name="tearDownMethod" is-config="true" duration-ms="1241" started-at="2017-02-11T15:06:10Z" finished-at="2017-02-11T15:06:11Z">
          <reporter-output>
          </reporter-output>
        </test-method> <!-- tearDownMethod -->
        <test-method status="PASS" signature="tearDown(org.testng.ITestContext)[pri:0, instance:com.desktopWeb.scripts.common.TC_03_CommonChecks_HomePage_HamburgerMenu_Login_Signout_GuestUser@1e800aaa]" name="tearDown" is-config="true" duration-ms="95" started-at="2017-02-11T15:06:11Z" finished-at="2017-02-11T15:06:11Z">
          <params>
            <param index="0">
              <value>
                <![CDATA[org.testng.TestRunner@6a16b724]]>
              </value>
            </param>
          </params>
          <reporter-output>
          </reporter-output>
        </test-method> <!-- tearDown -->
        <test-method status="PASS" signature="setupSuite(org.testng.ITestContext)[pri:0, instance:com.desktopWeb.scripts.common.TC_03_CommonChecks_HomePage_HamburgerMenu_Login_Signout_GuestUser@1e800aaa]" name="setupSuite" is-config="true" duration-ms="0" started-at="2017-02-11T15:06:11Z" finished-at="2017-02-11T15:06:11Z">
          <params>
            <param index="0">
              <value>
                <![CDATA[org.testng.TestRunner@6a16b724]]>
              </value>
            </param>
          </params>
          <reporter-output>
          </reporter-output>
        </test-method> <!-- setupSuite -->
        <test-method status="PASS" signature="reportHeader(java.lang.reflect.Method)[pri:0, instance:com.desktopWeb.scripts.common.TC_03_CommonChecks_HomePage_HamburgerMenu_Login_Signout_GuestUser@1e800aaa]" name="reportHeader" is-config="true" duration-ms="59630" started-at="2017-02-11T15:06:11Z" finished-at="2017-02-11T15:07:11Z">
          <params>
            <param index="0">
              <value>
                <![CDATA[public void com.desktopWeb.scripts.common.TC_03_CommonChecks_HomePage_HamburgerMenu_Login_Signout_GuestUser.TC03_CommonChecks_HomePage_HambergerMenu_Login_Signout_GuestUser(java.lang.String,java.lang.String,java.lang.String) throws java.lang.Throwable]]>
              </value>
            </param>
          </params>
          <reporter-output>
          </reporter-output>
        </test-method> <!-- reportHeader -->
        <test-method status="PASS" signature="TC03_CommonChecks_HomePage_HambergerMenu_Login_Signout_GuestUser(java.lang.String, java.lang.String, java.lang.String)[pri:0, instance:com.desktopWeb.scripts.common.TC_03_CommonChecks_HomePage_HamburgerMenu_Login_Signout_GuestUser@1e800aaa]" name="TC03_CommonChecks_HomePage_HambergerMenu_Login_Signout_GuestUser" duration-ms="254408" started-at="2017-02-11T15:07:11Z" data-provider="testData" finished-at="2017-02-11T15:11:25Z">
          <params>
            <param index="0">
              <value>
                <![CDATA[Guest@gmail.com]]>
              </value>
            </param>
            <param index="1">
              <value>
                <![CDATA[Guest]]>
              </value>
            </param>
            <param index="2">
              <value>
                <![CDATA[Verify the presence of Hamburger Menu, Links present in Hamburger, Engage Victoria Logo, Search Site, Engage Victoria' on hero block, text -  Share ideas here and have your say about what matters to you, Image on hero block, Advance search section, Website feature section, Active Consultation section, Stay Informed section, Footer section for Guest User]]>
              </value>
            </param>
          </params>
          <reporter-output>
          </reporter-output>
        </test-method> <!-- TC03_CommonChecks_HomePage_HambergerMenu_Login_Signout_GuestUser -->
        <test-method status="PASS" signature="tearDownMethod()[pri:0, instance:com.desktopWeb.scripts.common.TC_03_CommonChecks_HomePage_HamburgerMenu_Login_Signout_GuestUser@1e800aaa]" name="tearDownMethod" is-config="true" duration-ms="1368" started-at="2017-02-11T15:11:25Z" finished-at="2017-02-11T15:11:27Z">
          <reporter-output>
          </reporter-output>
        </test-method> <!-- tearDownMethod -->
        <test-method status="PASS" signature="tearDown(org.testng.ITestContext)[pri:0, instance:com.desktopWeb.scripts.common.TC_03_CommonChecks_HomePage_HamburgerMenu_Login_Signout_GuestUser@1e800aaa]" name="tearDown" is-config="true" duration-ms="68" started-at="2017-02-11T15:11:27Z" finished-at="2017-02-11T15:11:27Z">
          <params>
            <param index="0">
              <value>
                <![CDATA[org.testng.TestRunner@6a16b724]]>
              </value>
            </param>
          </params>
          <reporter-output>
          </reporter-output>
        </test-method> <!-- tearDown -->
        <test-method status="PASS" signature="setupSuite(org.testng.ITestContext)[pri:0, instance:com.desktopWeb.scripts.common.TC_03_CommonChecks_HomePage_HamburgerMenu_Login_Signout_GuestUser@1e800aaa]" name="setupSuite" is-config="true" duration-ms="6" started-at="2017-02-11T15:11:27Z" finished-at="2017-02-11T15:11:27Z">
          <params>
            <param index="0">
              <value>
                <![CDATA[org.testng.TestRunner@6a16b724]]>
              </value>
            </param>
          </params>
          <reporter-output>
          </reporter-output>
        </test-method> <!-- setupSuite -->
        <test-method status="PASS" signature="reportHeader(java.lang.reflect.Method)[pri:0, instance:com.desktopWeb.scripts.common.TC_03_CommonChecks_HomePage_HamburgerMenu_Login_Signout_GuestUser@1e800aaa]" name="reportHeader" is-config="true" duration-ms="59349" started-at="2017-02-11T15:11:27Z" finished-at="2017-02-11T15:12:26Z">
          <params>
            <param index="0">
              <value>
                <![CDATA[public void com.desktopWeb.scripts.common.TC_03_CommonChecks_HomePage_HamburgerMenu_Login_Signout_GuestUser.TC03_CommonChecks_HomePage_HambergerMenu_Login_Signout_GuestUser(java.lang.String,java.lang.String,java.lang.String) throws java.lang.Throwable]]>
              </value>
            </param>
          </params>
          <reporter-output>
          </reporter-output>
        </test-method> <!-- reportHeader -->
        <test-method status="PASS" signature="TC03_CommonChecks_HomePage_HambergerMenu_Login_Signout_GuestUser(java.lang.String, java.lang.String, java.lang.String)[pri:0, instance:com.desktopWeb.scripts.common.TC_03_CommonChecks_HomePage_HamburgerMenu_Login_Signout_GuestUser@1e800aaa]" name="TC03_CommonChecks_HomePage_HambergerMenu_Login_Signout_GuestUser" duration-ms="216934" started-at="2017-02-11T15:12:26Z" data-provider="testData" finished-at="2017-02-11T15:16:03Z">
          <params>
            <param index="0">
              <value>
                <![CDATA[Guest@gmail.com]]>
              </value>
            </param>
            <param index="1">
              <value>
                <![CDATA[Guest]]>
              </value>
            </param>
            <param index="2">
              <value>
                <![CDATA[Verify the presence of Hamburger Menu, Links present in Hamburger, Engage Victoria Logo, Search Site, Engage Victoria' on hero block, text -  Share ideas here and have your say about what matters to you, Image on hero block, Advance search section, Website feature section, Active Consultation section, Stay Informed section, Footer section for Guest User]]>
              </value>
            </param>
          </params>
          <reporter-output>
          </reporter-output>
        </test-method> <!-- TC03_CommonChecks_HomePage_HambergerMenu_Login_Signout_GuestUser -->
        <test-method status="PASS" signature="tearDownMethod()[pri:0, instance:com.desktopWeb.scripts.common.TC_03_CommonChecks_HomePage_HamburgerMenu_Login_Signout_GuestUser@1e800aaa]" name="tearDownMethod" is-config="true" duration-ms="1115" started-at="2017-02-11T15:16:03Z" finished-at="2017-02-11T15:16:04Z">
          <reporter-output>
          </reporter-output>
        </test-method> <!-- tearDownMethod -->
        <test-method status="PASS" signature="tearDown(org.testng.ITestContext)[pri:0, instance:com.desktopWeb.scripts.common.TC_03_CommonChecks_HomePage_HamburgerMenu_Login_Signout_GuestUser@1e800aaa]" name="tearDown" is-config="true" duration-ms="82" started-at="2017-02-11T15:16:04Z" finished-at="2017-02-11T15:16:04Z">
          <params>
            <param index="0">
              <value>
                <![CDATA[org.testng.TestRunner@6a16b724]]>
              </value>
            </param>
          </params>
          <reporter-output>
          </reporter-output>
        </test-method> <!-- tearDown -->
      </class> <!-- com.desktopWeb.scripts.common.TC_03_CommonChecks_HomePage_HamburgerMenu_Login_Signout_GuestUser -->
    </test> <!-- Chrome(failed) -->
  </suite> <!-- Failed suite [DPC] -->
  <suite name="DPC" duration-ms="74175270" started-at="2017-02-10T12:55:31Z" finished-at="2017-02-11T09:31:47Z">
    <groups>
    </groups>
    <test name="Grouping" duration-ms="74175270" started-at="2017-02-10T12:55:31Z" finished-at="2017-02-11T09:31:47Z">
      <class name="com.desktopWeb.scripts.sprint1.TC_155_Verify_Page_News_Page_Mobile_Preview_Cm">
        <test-method status="PASS" signature="reportHeader(java.lang.reflect.Method)[pri:0, instance:com.desktopWeb.scripts.sprint1.TC_155_Verify_Page_News_Page_Mobile_Preview_Cm@5c6648b0]" name="reportHeader" is-config="true" duration-ms="40175" started-at="2017-02-11T13:31:17Z" finished-at="2017-02-11T13:31:57Z">
          <params>
            <param index="0">
              <value>
                <![CDATA[public void com.desktopWeb.scripts.sprint1.TC_155_Verify_Page_News_Page_Mobile_Preview_Cm.TC155_Verify_Page_News_Page_Mobile_Preview_Cm(java.lang.String,java.lang.String,java.lang.String,java.lang.String) throws java.lang.Throwable]]>
              </value>
            </param>
          </params>
          <reporter-output>
          </reporter-output>
        </test-method> <!-- reportHeader -->
        <test-method status="FAIL" signature="TC155_Verify_Page_News_Page_Mobile_Preview_Cm(java.lang.String, java.lang.String, java.lang.String, java.lang.String)[pri:0, instance:com.desktopWeb.scripts.sprint1.TC_155_Verify_Page_News_Page_Mobile_Preview_Cm@5c6648b0]" name="TC155_Verify_Page_News_Page_Mobile_Preview_Cm" duration-ms="238057" started-at="2017-02-11T13:31:57Z" data-provider="testData" finished-at="2017-02-11T13:35:55Z">
          <params>
            <param index="0">
              <value>
                <![CDATA[autoconmanager@harvestdp.com]]>
              </value>
            </param>
            <param index="1">
              <value>
                <![CDATA[Automation2017]]>
              </value>
            </param>
            <param index="2">
              <value>
                <![CDATA[New Project for Test Execution]]>
              </value>
            </param>
            <param index="3">
              <value>
                <![CDATA[Verify Authoring/Page/News_Page/Mobile Preview by Consultation Manager]]>
              </value>
            </param>
          </params>
          <exception class="java.lang.AssertionError">
            <message>
              <![CDATA[Step TC155_Verify_Page_News_Page_Mobile_Preview_Cm Failed with description Failed expected [true] but found [false]]]>
            </message>
            <full-stacktrace>
              <![CDATA[java.lang.AssertionError: Step TC155_Verify_Page_News_Page_Mobile_Preview_Cm Failed with description Failed expected [true] but found [false]
	at org.testng.Assert.fail(Assert.java:94)
	at org.testng.Assert.failNotEquals(Assert.java:494)
	at org.testng.Assert.assertTrue(Assert.java:42)
	at com.ctaf.support.HtmlReportSupport.onFailure(HtmlReportSupport.java:778)
	at com.ctaf.utilities.Reporter.failureReport(Reporter.java:91)
	at com.desktopWeb.scripts.sprint1.TC_155_Verify_Page_News_Page_Mobile_Preview_Cm.TC155_Verify_Page_News_Page_Mobile_Preview_Cm(TC_155_Verify_Page_News_Page_Mobile_Preview_Cm.java:27)
	at sun.reflect.NativeMethodAccessorImpl.invoke0(Native Method)
	at sun.reflect.NativeMethodAccessorImpl.invoke(Unknown Source)
	at sun.reflect.DelegatingMethodAccessorImpl.invoke(Unknown Source)
	at java.lang.reflect.Method.invoke(Unknown Source)
	at org.testng.internal.MethodInvocationHelper.invokeMethod(MethodInvocationHelper.java:80)
	at org.testng.internal.Invoker.invokeMethod(Invoker.java:714)
	at org.testng.internal.Invoker.invokeTestMethod(Invoker.java:901)
	at org.testng.internal.Invoker.invokeTestMethods(Invoker.java:1231)
	at org.testng.internal.TestMethodWorker.invokeTestMethods(TestMethodWorker.java:127)
	at org.testng.internal.TestMethodWorker.run(TestMethodWorker.java:111)
	at org.testng.TestRunner.privateRun(TestRunner.java:767)
	at org.testng.TestRunner.run(TestRunner.java:617)
	at org.testng.SuiteRunner.runTest(SuiteRunner.java:334)
	at org.testng.SuiteRunner.runSequentially(SuiteRunner.java:329)
	at org.testng.SuiteRunner.privateRun(SuiteRunner.java:291)
	at org.testng.SuiteRunner.run(SuiteRunner.java:240)
	at org.testng.SuiteRunnerWorker.runSuite(SuiteRunnerWorker.java:52)
	at org.testng.SuiteRunnerWorker.run(SuiteRunnerWorker.java:86)
	at org.testng.TestNG.runSuitesSequentially(TestNG.java:1198)
	at org.testng.TestNG.runSuitesLocally(TestNG.java:1123)
	at org.testng.TestNG.run(TestNG.java:1031)
	at org.apache.maven.surefire.testng.TestNGExecutor.run(TestNGExecutor.java:178)
	at org.apache.maven.surefire.testng.TestNGXmlTestSuite.execute(TestNGXmlTestSuite.java:92)
	at org.apache.maven.surefire.testng.TestNGProvider.invoke(TestNGProvider.java:96)
	at sun.reflect.NativeMethodAccessorImpl.invoke0(Native Method)
	at sun.reflect.NativeMethodAccessorImpl.invoke(Unknown Source)
	at sun.reflect.DelegatingMethodAccessorImpl.invoke(Unknown Source)
	at java.lang.reflect.Method.invoke(Unknown Source)
	at org.apache.maven.surefire.util.ReflectionUtils.invokeMethodWithArray2(ReflectionUtils.java:208)
	at org.apache.maven.surefire.booter.ProviderFactory$ProviderProxy.invoke(ProviderFactory.java:159)
	at org.apache.maven.surefire.booter.ProviderFactory.invokeProvider(ProviderFactory.java:87)
	at org.apache.maven.surefire.booter.ForkedBooter.runSuitesInProcess(ForkedBooter.java:153)
	at org.apache.maven.surefire.booter.ForkedBooter.main(ForkedBooter.java:95)
]]>
            </full-stacktrace>
          </exception> <!-- java.lang.AssertionError -->
          <reporter-output>
          </reporter-output>
        </test-method> <!-- TC155_Verify_Page_News_Page_Mobile_Preview_Cm -->
        <test-method status="PASS" signature="tearDownMethod()[pri:0, instance:com.desktopWeb.scripts.sprint1.TC_155_Verify_Page_News_Page_Mobile_Preview_Cm@5c6648b0]" name="tearDownMethod" is-config="true" duration-ms="1365" started-at="2017-02-11T13:35:55Z" finished-at="2017-02-11T13:35:56Z">
          <reporter-output>
          </reporter-output>
        </test-method> <!-- tearDownMethod -->
      </class> <!-- com.desktopWeb.scripts.sprint1.TC_155_Verify_Page_News_Page_Mobile_Preview_Cm -->
      <class name="com.desktopWeb.scripts.common.TC_15_CommonChecks_InvalidEmailIDPWD">
        <test-method status="PASS" signature="reportHeader(java.lang.reflect.Method)[pri:0, instance:com.desktopWeb.scripts.common.TC_15_CommonChecks_InvalidEmailIDPWD@4afcd809]" name="reportHeader" is-config="true" duration-ms="66547" started-at="2017-02-11T07:23:14Z" finished-at="2017-02-11T07:24:20Z">
          <params>
            <param index="0">
              <value>
                <![CDATA[public void com.desktopWeb.scripts.common.TC_15_CommonChecks_InvalidEmailIDPWD.TC15_CommonChecks_InvalidEmailIDPWD(java.lang.String,java.lang.String,java.lang.String) throws java.lang.Throwable]]>
              </value>
            </param>
          </params>
          <reporter-output>
          </reporter-output>
        </test-method> <!-- reportHeader -->
        <test-method status="PASS" signature="TC15_CommonChecks_InvalidEmailIDPWD(java.lang.String, java.lang.String, java.lang.String)[pri:0, instance:com.desktopWeb.scripts.common.TC_15_CommonChecks_InvalidEmailIDPWD@4afcd809]" name="TC15_CommonChecks_InvalidEmailIDPWD" duration-ms="15707" started-at="2017-02-11T07:24:20Z" data-provider="testData" finished-at="2017-02-11T07:24:36Z">
          <params>
            <param index="0">
              <value>
                <![CDATA[autosm2017gmail.com]]>
              </value>
            </param>
            <param index="1">
              <value>
                <![CDATA[Password2016!]]>
              </value>
            </param>
            <param index="2">
              <value>
                <![CDATA[Verify error message while login from Menu and footer with Invalid Email id]]>
              </value>
            </param>
          </params>
          <reporter-output>
          </reporter-output>
        </test-method> <!-- TC15_CommonChecks_InvalidEmailIDPWD -->
        <test-method status="PASS" signature="tearDownMethod()[pri:0, instance:com.desktopWeb.scripts.common.TC_15_CommonChecks_InvalidEmailIDPWD@4afcd809]" name="tearDownMethod" is-config="true" duration-ms="1076" started-at="2017-02-11T07:24:36Z" finished-at="2017-02-11T07:24:37Z">
          <reporter-output>
          </reporter-output>
        </test-method> <!-- tearDownMethod -->
      </class> <!-- com.desktopWeb.scripts.common.TC_15_CommonChecks_InvalidEmailIDPWD -->
      <class name="com.desktopWeb.scripts.setting.TC_57_Detail_Setting_Project_Desc">
        <test-method status="PASS" signature="reportHeader(java.lang.reflect.Method)[pri:0, instance:com.desktopWeb.scripts.setting.TC_57_Detail_Setting_Project_Desc@2d3379b4]" name="reportHeader" is-config="true" duration-ms="32810" started-at="2017-02-10T19:18:18Z" finished-at="2017-02-10T19:18:51Z">
          <params>
            <param index="0">
              <value>
                <![CDATA[public void com.desktopWeb.scripts.setting.TC_57_Detail_Setting_Project_Desc.TC57_Detail_Setting_Project_Desc(java.lang.String,java.lang.String,java.lang.String,java.lang.String,java.lang.String,java.lang.String) throws java.lang.Throwable]]>
              </value>
            </param>
          </params>
          <reporter-output>
          </reporter-output>
        </test-method> <!-- reportHeader -->
        <test-method status="PASS" signature="TC57_Detail_Setting_Project_Desc(java.lang.String, java.lang.String, java.lang.String, java.lang.String, java.lang.String, java.lang.String)[pri:0, instance:com.desktopWeb.scripts.setting.TC_57_Detail_Setting_Project_Desc@2d3379b4]" name="TC57_Detail_Setting_Project_Desc" duration-ms="108686" started-at="2017-02-10T19:18:51Z" data-provider="testData" finished-at="2017-02-10T19:20:39Z">
          <params>
            <param index="0">
              <value>
                <![CDATA[autosm2017@gmail.com]]>
              </value>
            </param>
            <param index="1">
              <value>
                <![CDATA[Automation2017]]>
              </value>
            </param>
            <param index="2">
              <value>
                <![CDATA[New Project for Test Execution]]>
              </value>
            </param>
            <param index="3">
              <value>
                <![CDATA[New Project for Test Execution-ENEX]]>
              </value>
            </param>
            <param index="4">
              <value>
                <![CDATA[submittoworkflow]]>
              </value>
            </param>
            <param index="5">
              <value>
                <![CDATA[Verify Authoring/Setting/Details Funtionality]]>
              </value>
            </param>
          </params>
          <reporter-output>
          </reporter-output>
        </test-method> <!-- TC57_Detail_Setting_Project_Desc -->
        <test-method status="PASS" signature="tearDownMethod()[pri:0, instance:com.desktopWeb.scripts.setting.TC_57_Detail_Setting_Project_Desc@2d3379b4]" name="tearDownMethod" is-config="true" duration-ms="1454" started-at="2017-02-10T19:20:39Z" finished-at="2017-02-10T19:20:41Z">
          <reporter-output>
          </reporter-output>
        </test-method> <!-- tearDownMethod -->
      </class> <!-- com.desktopWeb.scripts.setting.TC_57_Detail_Setting_Project_Desc -->
      <class name="com.desktopWeb.scripts.sprint1.TC_123_Verify_Project_Sub_Page_Mobile_Preview_En">
        <test-method status="PASS" signature="reportHeader(java.lang.reflect.Method)[pri:0, instance:com.desktopWeb.scripts.sprint1.TC_123_Verify_Project_Sub_Page_Mobile_Preview_En@3270d194]" name="reportHeader" is-config="true" duration-ms="47858" started-at="2017-02-11T03:46:18Z" finished-at="2017-02-11T03:47:06Z">
          <params>
            <param index="0">
              <value>
                <![CDATA[public void com.desktopWeb.scripts.sprint1.TC_123_Verify_Project_Sub_Page_Mobile_Preview_En.TC123_Verify_Project_Sub_Page_Mobile_Preview_En(java.lang.String,java.lang.String,java.lang.String,java.lang.String) throws java.lang.Throwable]]>
              </value>
            </param>
          </params>
          <reporter-output>
          </reporter-output>
        </test-method> <!-- reportHeader -->
        <test-method status="FAIL" signature="TC123_Verify_Project_Sub_Page_Mobile_Preview_En(java.lang.String, java.lang.String, java.lang.String, java.lang.String)[pri:0, instance:com.desktopWeb.scripts.sprint1.TC_123_Verify_Project_Sub_Page_Mobile_Preview_En@3270d194]" name="TC123_Verify_Project_Sub_Page_Mobile_Preview_En" duration-ms="257291" started-at="2017-02-11T03:47:06Z" data-provider="testData" finished-at="2017-02-11T03:51:23Z">
          <params>
            <param index="0">
              <value>
                <![CDATA[autoenmanager@harvestdp.com]]>
              </value>
            </param>
            <param index="1">
              <value>
                <![CDATA[Automation2017]]>
              </value>
            </param>
            <param index="2">
              <value>
                <![CDATA[New Project for Test Execution]]>
              </value>
            </param>
            <param index="3">
              <value>
                <![CDATA[Verify Authoring/Page/Project_Sub_Page/Mobile Preview by Engagement Manager]]>
              </value>
            </param>
          </params>
          <exception class="java.lang.AssertionError">
            <message>
              <![CDATA[Step TC123_Verify_Project_Sub_Page_Mobile_Preview_En Failed with description Failed expected [true] but found [false]]]>
            </message>
            <full-stacktrace>
              <![CDATA[java.lang.AssertionError: Step TC123_Verify_Project_Sub_Page_Mobile_Preview_En Failed with description Failed expected [true] but found [false]
	at org.testng.Assert.fail(Assert.java:94)
	at org.testng.Assert.failNotEquals(Assert.java:494)
	at org.testng.Assert.assertTrue(Assert.java:42)
	at com.ctaf.support.HtmlReportSupport.onFailure(HtmlReportSupport.java:778)
	at com.ctaf.utilities.Reporter.failureReport(Reporter.java:91)
	at com.desktopWeb.scripts.sprint1.TC_123_Verify_Project_Sub_Page_Mobile_Preview_En.TC123_Verify_Project_Sub_Page_Mobile_Preview_En(TC_123_Verify_Project_Sub_Page_Mobile_Preview_En.java:26)
	at sun.reflect.NativeMethodAccessorImpl.invoke0(Native Method)
	at sun.reflect.NativeMethodAccessorImpl.invoke(Unknown Source)
	at sun.reflect.DelegatingMethodAccessorImpl.invoke(Unknown Source)
	at java.lang.reflect.Method.invoke(Unknown Source)
	at org.testng.internal.MethodInvocationHelper.invokeMethod(MethodInvocationHelper.java:80)
	at org.testng.internal.Invoker.invokeMethod(Invoker.java:714)
	at org.testng.internal.Invoker.invokeTestMethod(Invoker.java:901)
	at org.testng.internal.Invoker.invokeTestMethods(Invoker.java:1231)
	at org.testng.internal.TestMethodWorker.invokeTestMethods(TestMethodWorker.java:127)
	at org.testng.internal.TestMethodWorker.run(TestMethodWorker.java:111)
	at org.testng.TestRunner.privateRun(TestRunner.java:767)
	at org.testng.TestRunner.run(TestRunner.java:617)
	at org.testng.SuiteRunner.runTest(SuiteRunner.java:334)
	at org.testng.SuiteRunner.runSequentially(SuiteRunner.java:329)
	at org.testng.SuiteRunner.privateRun(SuiteRunner.java:291)
	at org.testng.SuiteRunner.run(SuiteRunner.java:240)
	at org.testng.SuiteRunnerWorker.runSuite(SuiteRunnerWorker.java:52)
	at org.testng.SuiteRunnerWorker.run(SuiteRunnerWorker.java:86)
	at org.testng.TestNG.runSuitesSequentially(TestNG.java:1198)
	at org.testng.TestNG.runSuitesLocally(TestNG.java:1123)
	at org.testng.TestNG.run(TestNG.java:1031)
	at org.apache.maven.surefire.testng.TestNGExecutor.run(TestNGExecutor.java:178)
	at org.apache.maven.surefire.testng.TestNGXmlTestSuite.execute(TestNGXmlTestSuite.java:92)
	at org.apache.maven.surefire.testng.TestNGProvider.invoke(TestNGProvider.java:96)
	at sun.reflect.NativeMethodAccessorImpl.invoke0(Native Method)
	at sun.reflect.NativeMethodAccessorImpl.invoke(Unknown Source)
	at sun.reflect.DelegatingMethodAccessorImpl.invoke(Unknown Source)
	at java.lang.reflect.Method.invoke(Unknown Source)
	at org.apache.maven.surefire.util.ReflectionUtils.invokeMethodWithArray2(ReflectionUtils.java:208)
	at org.apache.maven.surefire.booter.ProviderFactory$ProviderProxy.invoke(ProviderFactory.java:159)
	at org.apache.maven.surefire.booter.ProviderFactory.invokeProvider(ProviderFactory.java:87)
	at org.apache.maven.surefire.booter.ForkedBooter.runSuitesInProcess(ForkedBooter.java:153)
	at org.apache.maven.surefire.booter.ForkedBooter.main(ForkedBooter.java:95)
]]>
            </full-stacktrace>
          </exception> <!-- java.lang.AssertionError -->
          <reporter-output>
          </reporter-output>
        </test-method> <!-- TC123_Verify_Project_Sub_Page_Mobile_Preview_En -->
        <test-method status="PASS" signature="tearDownMethod()[pri:0, instance:com.desktopWeb.scripts.sprint1.TC_123_Verify_Project_Sub_Page_Mobile_Preview_En@3270d194]" name="tearDownMethod" is-config="true" duration-ms="1607" started-at="2017-02-11T03:51:23Z" finished-at="2017-02-11T03:51:25Z">
          <reporter-output>
          </reporter-output>
        </test-method> <!-- tearDownMethod -->
      </class> <!-- com.desktopWeb.scripts.sprint1.TC_123_Verify_Project_Sub_Page_Mobile_Preview_En -->
      <class name="com.desktopWeb.scripts.tools.TC_40_Add_Document_Library">
        <test-method status="PASS" signature="reportHeader(java.lang.reflect.Method)[pri:0, instance:com.desktopWeb.scripts.tools.TC_40_Add_Document_Library@3febb011]" name="reportHeader" is-config="true" duration-ms="90451" started-at="2017-02-11T10:11:36Z" finished-at="2017-02-11T10:13:06Z">
          <params>
            <param index="0">
              <value>
                <![CDATA[public void com.desktopWeb.scripts.tools.TC_40_Add_Document_Library.TC40_Add_Document_Library(java.lang.String,java.lang.String,java.lang.String,java.lang.String,java.lang.String,java.lang.String,java.lang.String,java.lang.String,java.lang.String,java.lang.String,java.lang.String,java.lang.String,java.lang.String) throws java.lang.Throwable]]>
              </value>
            </param>
          </params>
          <reporter-output>
          </reporter-output>
        </test-method> <!-- reportHeader -->
        <test-method status="FAIL" signature="TC40_Add_Document_Library(java.lang.String, java.lang.String, java.lang.String, java.lang.String, java.lang.String, java.lang.String, java.lang.String, java.lang.String, java.lang.String, java.lang.String, java.lang.String, java.lang.String, java.lang.String)[pri:0, instance:com.desktopWeb.scripts.tools.TC_40_Add_Document_Library@3febb011]" name="TC40_Add_Document_Library" duration-ms="194994" started-at="2017-02-11T10:13:06Z" data-provider="testData" finished-at="2017-02-11T10:16:21Z">
          <params>
            <param index="0">
              <value>
                <![CDATA[autosm2017@gmail.com]]>
              </value>
            </param>
            <param index="1">
              <value>
                <![CDATA[Automation2017]]>
              </value>
            </param>
            <param index="2">
              <value>
                <![CDATA[Public Document Library]]>
              </value>
            </param>
            <param index="3">
              <value>
                <![CDATA[Automation Testing]]>
              </value>
            </param>
            <param index="4">
              <value>
                <![CDATA[Automation Project]]>
              </value>
            </param>
            <param index="5">
              <value>
                <![CDATA[New Automation Project]]>
              </value>
            </param>
            <param index="6">
              <value>
                <![CDATA[Department of Education & Training]]>
              </value>
            </param>
            <param index="7">
              <value>
                <![CDATA[Public]]>
              </value>
            </param>
            <param index="8">
              <value>
                <![CDATA[Active]]>
              </value>
            </param>
            <param index="9">
              <value>
                <![CDATA[autoconmanager,autoprauthor]]>
              </value>
            </param>
            <param index="10">
              <value>
                <![CDATA[Consultation Manager,Project Author]]>
              </value>
            </param>
            <param index="11">
              <value>
                <![CDATA[Yes]]>
              </value>
            </param>
            <param index="12">
              <value>
                <![CDATA[Verify Add Document to page]]>
              </value>
            </param>
          </params>
          <exception class="java.lang.AssertionError">
            <message>
              <![CDATA[Step Click Failed with description Unable to click By.xpath: //input[@id='projectTemplate1'] expected [true] but found [false]]]>
            </message>
            <full-stacktrace>
              <![CDATA[java.lang.AssertionError: Step Click Failed with description Unable to click By.xpath: //input[@id='projectTemplate1'] expected [true] but found [false]
	at org.testng.Assert.fail(Assert.java:94)
	at org.testng.Assert.failNotEquals(Assert.java:494)
	at org.testng.Assert.assertTrue(Assert.java:42)
	at com.ctaf.support.HtmlReportSupport.onFailure(HtmlReportSupport.java:778)
	at com.ctaf.utilities.Reporter.failureReport(Reporter.java:91)
	at com.desktopWeb.workflows.HelperClass.scrollandClick(HelperClass.java:476)
	at com.desktopWeb.workflows.HelperClass.createProject(HelperClass.java:2058)
	at com.desktopWeb.scripts.tools.TC_40_Add_Document_Library.TC40_Add_Document_Library(TC_40_Add_Document_Library.java:26)
	at sun.reflect.NativeMethodAccessorImpl.invoke0(Native Method)
	at sun.reflect.NativeMethodAccessorImpl.invoke(Unknown Source)
	at sun.reflect.DelegatingMethodAccessorImpl.invoke(Unknown Source)
	at java.lang.reflect.Method.invoke(Unknown Source)
	at org.testng.internal.MethodInvocationHelper.invokeMethod(MethodInvocationHelper.java:80)
	at org.testng.internal.Invoker.invokeMethod(Invoker.java:714)
	at org.testng.internal.Invoker.invokeTestMethod(Invoker.java:901)
	at org.testng.internal.Invoker.invokeTestMethods(Invoker.java:1231)
	at org.testng.internal.TestMethodWorker.invokeTestMethods(TestMethodWorker.java:127)
	at org.testng.internal.TestMethodWorker.run(TestMethodWorker.java:111)
	at org.testng.TestRunner.privateRun(TestRunner.java:767)
	at org.testng.TestRunner.run(TestRunner.java:617)
	at org.testng.SuiteRunner.runTest(SuiteRunner.java:334)
	at org.testng.SuiteRunner.runSequentially(SuiteRunner.java:329)
	at org.testng.SuiteRunner.privateRun(SuiteRunner.java:291)
	at org.testng.SuiteRunner.run(SuiteRunner.java:240)
	at org.testng.SuiteRunnerWorker.runSuite(SuiteRunnerWorker.java:52)
	at org.testng.SuiteRunnerWorker.run(SuiteRunnerWorker.java:86)
	at org.testng.TestNG.runSuitesSequentially(TestNG.java:1198)
	at org.testng.TestNG.runSuitesLocally(TestNG.java:1123)
	at org.testng.TestNG.run(TestNG.java:1031)
	at org.apache.maven.surefire.testng.TestNGExecutor.run(TestNGExecutor.java:178)
	at org.apache.maven.surefire.testng.TestNGXmlTestSuite.execute(TestNGXmlTestSuite.java:92)
	at org.apache.maven.surefire.testng.TestNGProvider.invoke(TestNGProvider.java:96)
	at sun.reflect.NativeMethodAccessorImpl.invoke0(Native Method)
	at sun.reflect.NativeMethodAccessorImpl.invoke(Unknown Source)
	at sun.reflect.DelegatingMethodAccessorImpl.invoke(Unknown Source)
	at java.lang.reflect.Method.invoke(Unknown Source)
	at org.apache.maven.surefire.util.ReflectionUtils.invokeMethodWithArray2(ReflectionUtils.java:208)
	at org.apache.maven.surefire.booter.ProviderFactory$ProviderProxy.invoke(ProviderFactory.java:159)
	at org.apache.maven.surefire.booter.ProviderFactory.invokeProvider(ProviderFactory.java:87)
	at org.apache.maven.surefire.booter.ForkedBooter.runSuitesInProcess(ForkedBooter.java:153)
	at org.apache.maven.surefire.booter.ForkedBooter.main(ForkedBooter.java:95)
]]>
            </full-stacktrace>
          </exception> <!-- java.lang.AssertionError -->
          <reporter-output>
          </reporter-output>
        </test-method> <!-- TC40_Add_Document_Library -->
        <test-method status="PASS" signature="tearDownMethod()[pri:0, instance:com.desktopWeb.scripts.tools.TC_40_Add_Document_Library@3febb011]" name="tearDownMethod" is-config="true" duration-ms="967" started-at="2017-02-11T10:16:21Z" finished-at="2017-02-11T10:16:22Z">
          <reporter-output>
          </reporter-output>
        </test-method> <!-- tearDownMethod -->
      </class> <!-- com.desktopWeb.scripts.tools.TC_40_Add_Document_Library -->
      <class name="com.desktopWeb.scripts.sprint1.TC_149_Verify_Page_News_Page_Mobile_Preview_En">
        <test-method status="PASS" signature="reportHeader(java.lang.reflect.Method)[pri:0, instance:com.desktopWeb.scripts.sprint1.TC_149_Verify_Page_News_Page_Mobile_Preview_En@6aeb35e6]" name="reportHeader" is-config="true" duration-ms="54687" started-at="2017-02-11T13:01:12Z" finished-at="2017-02-11T13:02:07Z">
          <params>
            <param index="0">
              <value>
                <![CDATA[public void com.desktopWeb.scripts.sprint1.TC_149_Verify_Page_News_Page_Mobile_Preview_En.TC149_Verify_Page_News_Page_Mobile_Preview_En(java.lang.String,java.lang.String,java.lang.String,java.lang.String) throws java.lang.Throwable]]>
              </value>
            </param>
          </params>
          <reporter-output>
          </reporter-output>
        </test-method> <!-- reportHeader -->
        <test-method status="FAIL" signature="TC149_Verify_Page_News_Page_Mobile_Preview_En(java.lang.String, java.lang.String, java.lang.String, java.lang.String)[pri:0, instance:com.desktopWeb.scripts.sprint1.TC_149_Verify_Page_News_Page_Mobile_Preview_En@6aeb35e6]" name="TC149_Verify_Page_News_Page_Mobile_Preview_En" duration-ms="238885" started-at="2017-02-11T13:02:07Z" data-provider="testData" finished-at="2017-02-11T13:06:06Z">
          <params>
            <param index="0">
              <value>
                <![CDATA[autoenmanager@harvestdp.com]]>
              </value>
            </param>
            <param index="1">
              <value>
                <![CDATA[Automation2017]]>
              </value>
            </param>
            <param index="2">
              <value>
                <![CDATA[New Project for Test Execution]]>
              </value>
            </param>
            <param index="3">
              <value>
                <![CDATA[Verify Authoring/Page/News_Page/Mobile Preview by Engagement Manager]]>
              </value>
            </param>
          </params>
          <exception class="java.lang.AssertionError">
            <message>
              <![CDATA[Step TC149_Verify_Page_News_Page_Mobile_Preview_En Failed with description Failed expected [true] but found [false]]]>
            </message>
            <full-stacktrace>
              <![CDATA[java.lang.AssertionError: Step TC149_Verify_Page_News_Page_Mobile_Preview_En Failed with description Failed expected [true] but found [false]
	at org.testng.Assert.fail(Assert.java:94)
	at org.testng.Assert.failNotEquals(Assert.java:494)
	at org.testng.Assert.assertTrue(Assert.java:42)
	at com.ctaf.support.HtmlReportSupport.onFailure(HtmlReportSupport.java:778)
	at com.ctaf.utilities.Reporter.failureReport(Reporter.java:91)
	at com.desktopWeb.scripts.sprint1.TC_149_Verify_Page_News_Page_Mobile_Preview_En.TC149_Verify_Page_News_Page_Mobile_Preview_En(TC_149_Verify_Page_News_Page_Mobile_Preview_En.java:27)
	at sun.reflect.NativeMethodAccessorImpl.invoke0(Native Method)
	at sun.reflect.NativeMethodAccessorImpl.invoke(Unknown Source)
	at sun.reflect.DelegatingMethodAccessorImpl.invoke(Unknown Source)
	at java.lang.reflect.Method.invoke(Unknown Source)
	at org.testng.internal.MethodInvocationHelper.invokeMethod(MethodInvocationHelper.java:80)
	at org.testng.internal.Invoker.invokeMethod(Invoker.java:714)
	at org.testng.internal.Invoker.invokeTestMethod(Invoker.java:901)
	at org.testng.internal.Invoker.invokeTestMethods(Invoker.java:1231)
	at org.testng.internal.TestMethodWorker.invokeTestMethods(TestMethodWorker.java:127)
	at org.testng.internal.TestMethodWorker.run(TestMethodWorker.java:111)
	at org.testng.TestRunner.privateRun(TestRunner.java:767)
	at org.testng.TestRunner.run(TestRunner.java:617)
	at org.testng.SuiteRunner.runTest(SuiteRunner.java:334)
	at org.testng.SuiteRunner.runSequentially(SuiteRunner.java:329)
	at org.testng.SuiteRunner.privateRun(SuiteRunner.java:291)
	at org.testng.SuiteRunner.run(SuiteRunner.java:240)
	at org.testng.SuiteRunnerWorker.runSuite(SuiteRunnerWorker.java:52)
	at org.testng.SuiteRunnerWorker.run(SuiteRunnerWorker.java:86)
	at org.testng.TestNG.runSuitesSequentially(TestNG.java:1198)
	at org.testng.TestNG.runSuitesLocally(TestNG.java:1123)
	at org.testng.TestNG.run(TestNG.java:1031)
	at org.apache.maven.surefire.testng.TestNGExecutor.run(TestNGExecutor.java:178)
	at org.apache.maven.surefire.testng.TestNGXmlTestSuite.execute(TestNGXmlTestSuite.java:92)
	at org.apache.maven.surefire.testng.TestNGProvider.invoke(TestNGProvider.java:96)
	at sun.reflect.NativeMethodAccessorImpl.invoke0(Native Method)
	at sun.reflect.NativeMethodAccessorImpl.invoke(Unknown Source)
	at sun.reflect.DelegatingMethodAccessorImpl.invoke(Unknown Source)
	at java.lang.reflect.Method.invoke(Unknown Source)
	at org.apache.maven.surefire.util.ReflectionUtils.invokeMethodWithArray2(ReflectionUtils.java:208)
	at org.apache.maven.surefire.booter.ProviderFactory$ProviderProxy.invoke(ProviderFactory.java:159)
	at org.apache.maven.surefire.booter.ProviderFactory.invokeProvider(ProviderFactory.java:87)
	at org.apache.maven.surefire.booter.ForkedBooter.runSuitesInProcess(ForkedBooter.java:153)
	at org.apache.maven.surefire.booter.ForkedBooter.main(ForkedBooter.java:95)
]]>
            </full-stacktrace>
          </exception> <!-- java.lang.AssertionError -->
          <reporter-output>
          </reporter-output>
        </test-method> <!-- TC149_Verify_Page_News_Page_Mobile_Preview_En -->
        <test-method status="PASS" signature="tearDownMethod()[pri:0, instance:com.desktopWeb.scripts.sprint1.TC_149_Verify_Page_News_Page_Mobile_Preview_En@6aeb35e6]" name="tearDownMethod" is-config="true" duration-ms="509" started-at="2017-02-11T13:06:06Z" finished-at="2017-02-11T13:06:06Z">
          <reporter-output>
          </reporter-output>
        </test-method> <!-- tearDownMethod -->
      </class> <!-- com.desktopWeb.scripts.sprint1.TC_149_Verify_Page_News_Page_Mobile_Preview_En -->
      <class name="com.desktopWeb.scripts.sprint1.TC_117_Detail_Project_Sub_Page_Project_En">
        <test-method status="PASS" signature="reportHeader(java.lang.reflect.Method)[pri:0, instance:com.desktopWeb.scripts.sprint1.TC_117_Detail_Project_Sub_Page_Project_En@443118b0]" name="reportHeader" is-config="true" duration-ms="28893" started-at="2017-02-10T21:01:11Z" finished-at="2017-02-10T21:01:40Z">
          <params>
            <param index="0">
              <value>
                <![CDATA[public void com.desktopWeb.scripts.sprint1.TC_117_Detail_Project_Sub_Page_Project_En.TC117_Detail_Project_Sub_Page_Project_En(java.lang.String,java.lang.String,java.lang.String,java.lang.String,java.lang.String,java.lang.String) throws java.lang.Throwable]]>
              </value>
            </param>
          </params>
          <reporter-output>
          </reporter-output>
        </test-method> <!-- reportHeader -->
        <test-method status="PASS" signature="TC117_Detail_Project_Sub_Page_Project_En(java.lang.String, java.lang.String, java.lang.String, java.lang.String, java.lang.String, java.lang.String)[pri:0, instance:com.desktopWeb.scripts.sprint1.TC_117_Detail_Project_Sub_Page_Project_En@443118b0]" name="TC117_Detail_Project_Sub_Page_Project_En" duration-ms="223082" started-at="2017-02-10T21:01:40Z" data-provider="testData" finished-at="2017-02-10T21:05:23Z">
          <params>
            <param index="0">
              <value>
                <![CDATA[autoenmanager@harvestdp.com]]>
              </value>
            </param>
            <param index="1">
              <value>
                <![CDATA[Automation2017]]>
              </value>
            </param>
            <param index="2">
              <value>
                <![CDATA[New Project for Test Execution]]>
              </value>
            </param>
            <param index="3">
              <value>
                <![CDATA[New Project for Test Execution]]>
              </value>
            </param>
            <param index="4">
              <value>
                <![CDATA[ignore]]>
              </value>
            </param>
            <param index="5">
              <value>
                <![CDATA[Verify Authoring/Page/Project_Sub_Page/Details by Engagement Manager Funtionality]]>
              </value>
            </param>
          </params>
          <reporter-output>
          </reporter-output>
        </test-method> <!-- TC117_Detail_Project_Sub_Page_Project_En -->
        <test-method status="PASS" signature="tearDownMethod()[pri:0, instance:com.desktopWeb.scripts.sprint1.TC_117_Detail_Project_Sub_Page_Project_En@443118b0]" name="tearDownMethod" is-config="true" duration-ms="963" started-at="2017-02-10T21:05:23Z" finished-at="2017-02-10T21:05:24Z">
          <reporter-output>
          </reporter-output>
        </test-method> <!-- tearDownMethod -->
      </class> <!-- com.desktopWeb.scripts.sprint1.TC_117_Detail_Project_Sub_Page_Project_En -->
      <class name="com.desktopWeb.scripts.dashboard.TC_111_Verify_DashBoard_Sitemap_Links">
        <test-method status="PASS" signature="reportHeader(java.lang.reflect.Method)[pri:0, instance:com.desktopWeb.scripts.dashboard.TC_111_Verify_DashBoard_Sitemap_Links@34e9fd99]" name="reportHeader" is-config="true" duration-ms="50497" started-at="2017-02-11T05:19:55Z" finished-at="2017-02-11T05:20:45Z">
          <params>
            <param index="0">
              <value>
                <![CDATA[public void com.desktopWeb.scripts.dashboard.TC_111_Verify_DashBoard_Sitemap_Links.TC111_Verify_DashBoard_Sitemap_Links(java.lang.String,java.lang.String,java.lang.String) throws java.lang.Throwable]]>
              </value>
            </param>
          </params>
          <reporter-output>
          </reporter-output>
        </test-method> <!-- reportHeader -->
        <test-method status="PASS" signature="TC111_Verify_DashBoard_Sitemap_Links(java.lang.String, java.lang.String, java.lang.String)[pri:0, instance:com.desktopWeb.scripts.dashboard.TC_111_Verify_DashBoard_Sitemap_Links@34e9fd99]" name="TC111_Verify_DashBoard_Sitemap_Links" duration-ms="1529588" started-at="2017-02-11T05:20:45Z" data-provider="testData" finished-at="2017-02-11T05:46:15Z">
          <params>
            <param index="0">
              <value>
                <![CDATA[autosm2017@gmail.com]]>
              </value>
            </param>
            <param index="1">
              <value>
                <![CDATA[Automation2017]]>
              </value>
            </param>
            <param index="2">
              <value>
                <![CDATA[Verify Dashboarde/Sitemap Links]]>
              </value>
            </param>
          </params>
          <reporter-output>
          </reporter-output>
        </test-method> <!-- TC111_Verify_DashBoard_Sitemap_Links -->
        <test-method status="PASS" signature="tearDownMethod()[pri:0, instance:com.desktopWeb.scripts.dashboard.TC_111_Verify_DashBoard_Sitemap_Links@34e9fd99]" name="tearDownMethod" is-config="true" duration-ms="1525" started-at="2017-02-11T05:46:15Z" finished-at="2017-02-11T05:46:17Z">
          <reporter-output>
          </reporter-output>
        </test-method> <!-- tearDownMethod -->
      </class> <!-- com.desktopWeb.scripts.dashboard.TC_111_Verify_DashBoard_Sitemap_Links -->
      <class name="com.desktopWeb.scripts.sprint1.TC_159_Detail_Page_News_Page_Project_Cm">
        <test-method status="PASS" signature="reportHeader(java.lang.reflect.Method)[pri:0, instance:com.desktopWeb.scripts.sprint1.TC_159_Detail_Page_News_Page_Project_Cm@1d2adfbe]" name="reportHeader" is-config="true" duration-ms="109933" started-at="2017-02-11T13:46:52Z" finished-at="2017-02-11T13:48:42Z">
          <params>
            <param index="0">
              <value>
                <![CDATA[public void com.desktopWeb.scripts.sprint1.TC_159_Detail_Page_News_Page_Project_Cm.TC159_Detail_Page_News_Page_Project_Cm(java.lang.String,java.lang.String,java.lang.String,java.lang.String,java.lang.String,java.lang.String) throws java.lang.Throwable]]>
              </value>
            </param>
          </params>
          <reporter-output>
          </reporter-output>
        </test-method> <!-- reportHeader -->
        <test-method status="FAIL" signature="TC159_Detail_Page_News_Page_Project_Cm(java.lang.String, java.lang.String, java.lang.String, java.lang.String, java.lang.String, java.lang.String)[pri:0, instance:com.desktopWeb.scripts.sprint1.TC_159_Detail_Page_News_Page_Project_Cm@1d2adfbe]" name="TC159_Detail_Page_News_Page_Project_Cm" duration-ms="252149" started-at="2017-02-11T13:48:42Z" data-provider="testData" finished-at="2017-02-11T13:52:54Z">
          <params>
            <param index="0">
              <value>
                <![CDATA[autoconmanager@harvestdp.com]]>
              </value>
            </param>
            <param index="1">
              <value>
                <![CDATA[Automation2017]]>
              </value>
            </param>
            <param index="2">
              <value>
                <![CDATA[New Project for Test Execution]]>
              </value>
            </param>
            <param index="3">
              <value>
                <![CDATA[New Project for Test Execution]]>
              </value>
            </param>
            <param index="4">
              <value>
                <![CDATA[savechanges]]>
              </value>
            </param>
            <param index="5">
              <value>
                <![CDATA[Verify Authoring/Page/News_Page/Details funtionality by Consultation Manager]]>
              </value>
            </param>
          </params>
          <exception class="java.lang.AssertionError">
            <message>
              <![CDATA[Step TC159_Detail_Page_News_Page_Project_Cm Failed with description Failed expected [true] but found [false]]]>
            </message>
            <full-stacktrace>
              <![CDATA[java.lang.AssertionError: Step TC159_Detail_Page_News_Page_Project_Cm Failed with description Failed expected [true] but found [false]
	at org.testng.Assert.fail(Assert.java:94)
	at org.testng.Assert.failNotEquals(Assert.java:494)
	at org.testng.Assert.assertTrue(Assert.java:42)
	at com.ctaf.support.HtmlReportSupport.onFailure(HtmlReportSupport.java:778)
	at com.ctaf.utilities.Reporter.failureReport(Reporter.java:91)
	at com.desktopWeb.scripts.sprint1.TC_159_Detail_Page_News_Page_Project_Cm.TC159_Detail_Page_News_Page_Project_Cm(TC_159_Detail_Page_News_Page_Project_Cm.java:31)
	at sun.reflect.NativeMethodAccessorImpl.invoke0(Native Method)
	at sun.reflect.NativeMethodAccessorImpl.invoke(Unknown Source)
	at sun.reflect.DelegatingMethodAccessorImpl.invoke(Unknown Source)
	at java.lang.reflect.Method.invoke(Unknown Source)
	at org.testng.internal.MethodInvocationHelper.invokeMethod(MethodInvocationHelper.java:80)
	at org.testng.internal.Invoker.invokeMethod(Invoker.java:714)
	at org.testng.internal.Invoker.invokeTestMethod(Invoker.java:901)
	at org.testng.internal.Invoker.invokeTestMethods(Invoker.java:1231)
	at org.testng.internal.TestMethodWorker.invokeTestMethods(TestMethodWorker.java:127)
	at org.testng.internal.TestMethodWorker.run(TestMethodWorker.java:111)
	at org.testng.TestRunner.privateRun(TestRunner.java:767)
	at org.testng.TestRunner.run(TestRunner.java:617)
	at org.testng.SuiteRunner.runTest(SuiteRunner.java:334)
	at org.testng.SuiteRunner.runSequentially(SuiteRunner.java:329)
	at org.testng.SuiteRunner.privateRun(SuiteRunner.java:291)
	at org.testng.SuiteRunner.run(SuiteRunner.java:240)
	at org.testng.SuiteRunnerWorker.runSuite(SuiteRunnerWorker.java:52)
	at org.testng.SuiteRunnerWorker.run(SuiteRunnerWorker.java:86)
	at org.testng.TestNG.runSuitesSequentially(TestNG.java:1198)
	at org.testng.TestNG.runSuitesLocally(TestNG.java:1123)
	at org.testng.TestNG.run(TestNG.java:1031)
	at org.apache.maven.surefire.testng.TestNGExecutor.run(TestNGExecutor.java:178)
	at org.apache.maven.surefire.testng.TestNGXmlTestSuite.execute(TestNGXmlTestSuite.java:92)
	at org.apache.maven.surefire.testng.TestNGProvider.invoke(TestNGProvider.java:96)
	at sun.reflect.NativeMethodAccessorImpl.invoke0(Native Method)
	at sun.reflect.NativeMethodAccessorImpl.invoke(Unknown Source)
	at sun.reflect.DelegatingMethodAccessorImpl.invoke(Unknown Source)
	at java.lang.reflect.Method.invoke(Unknown Source)
	at org.apache.maven.surefire.util.ReflectionUtils.invokeMethodWithArray2(ReflectionUtils.java:208)
	at org.apache.maven.surefire.booter.ProviderFactory$ProviderProxy.invoke(ProviderFactory.java:159)
	at org.apache.maven.surefire.booter.ProviderFactory.invokeProvider(ProviderFactory.java:87)
	at org.apache.maven.surefire.booter.ForkedBooter.runSuitesInProcess(ForkedBooter.java:153)
	at org.apache.maven.surefire.booter.ForkedBooter.main(ForkedBooter.java:95)
]]>
            </full-stacktrace>
          </exception> <!-- java.lang.AssertionError -->
          <reporter-output>
          </reporter-output>
        </test-method> <!-- TC159_Detail_Page_News_Page_Project_Cm -->
        <test-method status="PASS" signature="tearDownMethod()[pri:0, instance:com.desktopWeb.scripts.sprint1.TC_159_Detail_Page_News_Page_Project_Cm@1d2adfbe]" name="tearDownMethod" is-config="true" duration-ms="849" started-at="2017-02-11T13:52:54Z" finished-at="2017-02-11T13:52:55Z">
          <reporter-output>
          </reporter-output>
        </test-method> <!-- tearDownMethod -->
      </class> <!-- com.desktopWeb.scripts.sprint1.TC_159_Detail_Page_News_Page_Project_Cm -->
      <class name="com.desktopWeb.scripts.tools.TC_22_Add_Heading">
        <test-method status="PASS" signature="reportHeader(java.lang.reflect.Method)[pri:0, instance:com.desktopWeb.scripts.tools.TC_22_Add_Heading@1bd4fdd]" name="reportHeader" is-config="true" duration-ms="28167" started-at="2017-02-10T20:28:28Z" finished-at="2017-02-10T20:28:56Z">
          <params>
            <param index="0">
              <value>
                <![CDATA[public void com.desktopWeb.scripts.tools.TC_22_Add_Heading.TC22_Add_Heading(java.lang.String,java.lang.String,java.lang.String,java.lang.String,java.lang.String,java.lang.String,java.lang.String,java.lang.String,java.lang.String,java.lang.String,java.lang.String,java.lang.String) throws java.lang.Throwable]]>
              </value>
            </param>
          </params>
          <reporter-output>
          </reporter-output>
        </test-method> <!-- reportHeader -->
        <test-method status="FAIL" signature="TC22_Add_Heading(java.lang.String, java.lang.String, java.lang.String, java.lang.String, java.lang.String, java.lang.String, java.lang.String, java.lang.String, java.lang.String, java.lang.String, java.lang.String, java.lang.String)[pri:0, instance:com.desktopWeb.scripts.tools.TC_22_Add_Heading@1bd4fdd]" name="TC22_Add_Heading" duration-ms="491275" started-at="2017-02-10T20:28:56Z" data-provider="testData" finished-at="2017-02-10T20:37:07Z">
          <params>
            <param index="0">
              <value>
                <![CDATA[autosm2017@gmail.com]]>
              </value>
            </param>
            <param index="1">
              <value>
                <![CDATA[Automation2017]]>
              </value>
            </param>
            <param index="2">
              <value>
                <![CDATA[Automation Testing]]>
              </value>
            </param>
            <param index="3">
              <value>
                <![CDATA[Automation Project]]>
              </value>
            </param>
            <param index="4">
              <value>
                <![CDATA[New Automation Project]]>
              </value>
            </param>
            <param index="5">
              <value>
                <![CDATA[Department of Education & Training]]>
              </value>
            </param>
            <param index="6">
              <value>
                <![CDATA[Public]]>
              </value>
            </param>
            <param index="7">
              <value>
                <![CDATA[Active]]>
              </value>
            </param>
            <param index="8">
              <value>
                <![CDATA[autoconmanager,autoprauthor]]>
              </value>
            </param>
            <param index="9">
              <value>
                <![CDATA[Consultation Manager,Project Author]]>
              </value>
            </param>
            <param index="10">
              <value>
                <![CDATA[Yes]]>
              </value>
            </param>
            <param index="11">
              <value>
                <![CDATA[Verify Add Heading to page]]>
              </value>
            </param>
          </params>
          <exception class="java.lang.AssertionError">
            <message>
              <![CDATA[Step TC22_Add_Heading Failed with description Failed expected [true] but found [false]]]>
            </message>
            <full-stacktrace>
              <![CDATA[java.lang.AssertionError: Step TC22_Add_Heading Failed with description Failed expected [true] but found [false]
	at org.testng.Assert.fail(Assert.java:94)
	at org.testng.Assert.failNotEquals(Assert.java:494)
	at org.testng.Assert.assertTrue(Assert.java:42)
	at com.ctaf.support.HtmlReportSupport.onFailure(HtmlReportSupport.java:778)
	at com.ctaf.utilities.Reporter.failureReport(Reporter.java:91)
	at com.desktopWeb.scripts.tools.TC_22_Add_Heading.TC22_Add_Heading(TC_22_Add_Heading.java:30)
	at sun.reflect.NativeMethodAccessorImpl.invoke0(Native Method)
	at sun.reflect.NativeMethodAccessorImpl.invoke(Unknown Source)
	at sun.reflect.DelegatingMethodAccessorImpl.invoke(Unknown Source)
	at java.lang.reflect.Method.invoke(Unknown Source)
	at org.testng.internal.MethodInvocationHelper.invokeMethod(MethodInvocationHelper.java:80)
	at org.testng.internal.Invoker.invokeMethod(Invoker.java:714)
	at org.testng.internal.Invoker.invokeTestMethod(Invoker.java:901)
	at org.testng.internal.Invoker.invokeTestMethods(Invoker.java:1231)
	at org.testng.internal.TestMethodWorker.invokeTestMethods(TestMethodWorker.java:127)
	at org.testng.internal.TestMethodWorker.run(TestMethodWorker.java:111)
	at org.testng.TestRunner.privateRun(TestRunner.java:767)
	at org.testng.TestRunner.run(TestRunner.java:617)
	at org.testng.SuiteRunner.runTest(SuiteRunner.java:334)
	at org.testng.SuiteRunner.runSequentially(SuiteRunner.java:329)
	at org.testng.SuiteRunner.privateRun(SuiteRunner.java:291)
	at org.testng.SuiteRunner.run(SuiteRunner.java:240)
	at org.testng.SuiteRunnerWorker.runSuite(SuiteRunnerWorker.java:52)
	at org.testng.SuiteRunnerWorker.run(SuiteRunnerWorker.java:86)
	at org.testng.TestNG.runSuitesSequentially(TestNG.java:1198)
	at org.testng.TestNG.runSuitesLocally(TestNG.java:1123)
	at org.testng.TestNG.run(TestNG.java:1031)
	at org.apache.maven.surefire.testng.TestNGExecutor.run(TestNGExecutor.java:178)
	at org.apache.maven.surefire.testng.TestNGXmlTestSuite.execute(TestNGXmlTestSuite.java:92)
	at org.apache.maven.surefire.testng.TestNGProvider.invoke(TestNGProvider.java:96)
	at sun.reflect.NativeMethodAccessorImpl.invoke0(Native Method)
	at sun.reflect.NativeMethodAccessorImpl.invoke(Unknown Source)
	at sun.reflect.DelegatingMethodAccessorImpl.invoke(Unknown Source)
	at java.lang.reflect.Method.invoke(Unknown Source)
	at org.apache.maven.surefire.util.ReflectionUtils.invokeMethodWithArray2(ReflectionUtils.java:208)
	at org.apache.maven.surefire.booter.ProviderFactory$ProviderProxy.invoke(ProviderFactory.java:159)
	at org.apache.maven.surefire.booter.ProviderFactory.invokeProvider(ProviderFactory.java:87)
	at org.apache.maven.surefire.booter.ForkedBooter.runSuitesInProcess(ForkedBooter.java:153)
	at org.apache.maven.surefire.booter.ForkedBooter.main(ForkedBooter.java:95)
]]>
            </full-stacktrace>
          </exception> <!-- java.lang.AssertionError -->
          <reporter-output>
          </reporter-output>
        </test-method> <!-- TC22_Add_Heading -->
        <test-method status="PASS" signature="tearDownMethod()[pri:0, instance:com.desktopWeb.scripts.tools.TC_22_Add_Heading@1bd4fdd]" name="tearDownMethod" is-config="true" duration-ms="980" started-at="2017-02-10T20:37:07Z" finished-at="2017-02-10T20:37:08Z">
          <reporter-output>
          </reporter-output>
        </test-method> <!-- tearDownMethod -->
      </class> <!-- com.desktopWeb.scripts.tools.TC_22_Add_Heading -->
      <class name="com.desktopWeb.scripts.sprint1.TC_146_Verify_Page_News_Page_Delete_En">
        <test-method status="PASS" signature="reportHeader(java.lang.reflect.Method)[pri:0, instance:com.desktopWeb.scripts.sprint1.TC_146_Verify_Page_News_Page_Delete_En@765d7657]" name="reportHeader" is-config="true" duration-ms="108190" started-at="2017-02-11T12:44:45Z" finished-at="2017-02-11T12:46:33Z">
          <params>
            <param index="0">
              <value>
                <![CDATA[public void com.desktopWeb.scripts.sprint1.TC_146_Verify_Page_News_Page_Delete_En.TC146_Verify_Page_News_Page_Delete_En(java.lang.String,java.lang.String,java.lang.String,java.lang.String) throws java.lang.Throwable]]>
              </value>
            </param>
          </params>
          <reporter-output>
          </reporter-output>
        </test-method> <!-- reportHeader -->
        <test-method status="FAIL" signature="TC146_Verify_Page_News_Page_Delete_En(java.lang.String, java.lang.String, java.lang.String, java.lang.String)[pri:0, instance:com.desktopWeb.scripts.sprint1.TC_146_Verify_Page_News_Page_Delete_En@765d7657]" name="TC146_Verify_Page_News_Page_Delete_En" duration-ms="254446" started-at="2017-02-11T12:46:33Z" data-provider="testData" finished-at="2017-02-11T12:50:47Z">
          <params>
            <param index="0">
              <value>
                <![CDATA[autoenmanager@harvestdp.com]]>
              </value>
            </param>
            <param index="1">
              <value>
                <![CDATA[Automation2017]]>
              </value>
            </param>
            <param index="2">
              <value>
                <![CDATA[New Project for Test Execution]]>
              </value>
            </param>
            <param index="3">
              <value>
                <![CDATA[Verify Authoring/Page/News_Page/Delete funtionality for Engagement Manager]]>
              </value>
            </param>
          </params>
          <exception class="java.lang.AssertionError">
            <message>
              <![CDATA[Step TC146_Verify_Page_News_Page_Delete_En Failed with description Failed expected [true] but found [false]]]>
            </message>
            <full-stacktrace>
              <![CDATA[java.lang.AssertionError: Step TC146_Verify_Page_News_Page_Delete_En Failed with description Failed expected [true] but found [false]
	at org.testng.Assert.fail(Assert.java:94)
	at org.testng.Assert.failNotEquals(Assert.java:494)
	at org.testng.Assert.assertTrue(Assert.java:42)
	at com.ctaf.support.HtmlReportSupport.onFailure(HtmlReportSupport.java:778)
	at com.ctaf.utilities.Reporter.failureReport(Reporter.java:91)
	at com.desktopWeb.scripts.sprint1.TC_146_Verify_Page_News_Page_Delete_En.TC146_Verify_Page_News_Page_Delete_En(TC_146_Verify_Page_News_Page_Delete_En.java:29)
	at sun.reflect.NativeMethodAccessorImpl.invoke0(Native Method)
	at sun.reflect.NativeMethodAccessorImpl.invoke(Unknown Source)
	at sun.reflect.DelegatingMethodAccessorImpl.invoke(Unknown Source)
	at java.lang.reflect.Method.invoke(Unknown Source)
	at org.testng.internal.MethodInvocationHelper.invokeMethod(MethodInvocationHelper.java:80)
	at org.testng.internal.Invoker.invokeMethod(Invoker.java:714)
	at org.testng.internal.Invoker.invokeTestMethod(Invoker.java:901)
	at org.testng.internal.Invoker.invokeTestMethods(Invoker.java:1231)
	at org.testng.internal.TestMethodWorker.invokeTestMethods(TestMethodWorker.java:127)
	at org.testng.internal.TestMethodWorker.run(TestMethodWorker.java:111)
	at org.testng.TestRunner.privateRun(TestRunner.java:767)
	at org.testng.TestRunner.run(TestRunner.java:617)
	at org.testng.SuiteRunner.runTest(SuiteRunner.java:334)
	at org.testng.SuiteRunner.runSequentially(SuiteRunner.java:329)
	at org.testng.SuiteRunner.privateRun(SuiteRunner.java:291)
	at org.testng.SuiteRunner.run(SuiteRunner.java:240)
	at org.testng.SuiteRunnerWorker.runSuite(SuiteRunnerWorker.java:52)
	at org.testng.SuiteRunnerWorker.run(SuiteRunnerWorker.java:86)
	at org.testng.TestNG.runSuitesSequentially(TestNG.java:1198)
	at org.testng.TestNG.runSuitesLocally(TestNG.java:1123)
	at org.testng.TestNG.run(TestNG.java:1031)
	at org.apache.maven.surefire.testng.TestNGExecutor.run(TestNGExecutor.java:178)
	at org.apache.maven.surefire.testng.TestNGXmlTestSuite.execute(TestNGXmlTestSuite.java:92)
	at org.apache.maven.surefire.testng.TestNGProvider.invoke(TestNGProvider.java:96)
	at sun.reflect.NativeMethodAccessorImpl.invoke0(Native Method)
	at sun.reflect.NativeMethodAccessorImpl.invoke(Unknown Source)
	at sun.reflect.DelegatingMethodAccessorImpl.invoke(Unknown Source)
	at java.lang.reflect.Method.invoke(Unknown Source)
	at org.apache.maven.surefire.util.ReflectionUtils.invokeMethodWithArray2(ReflectionUtils.java:208)
	at org.apache.maven.surefire.booter.ProviderFactory$ProviderProxy.invoke(ProviderFactory.java:159)
	at org.apache.maven.surefire.booter.ProviderFactory.invokeProvider(ProviderFactory.java:87)
	at org.apache.maven.surefire.booter.ForkedBooter.runSuitesInProcess(ForkedBooter.java:153)
	at org.apache.maven.surefire.booter.ForkedBooter.main(ForkedBooter.java:95)
]]>
            </full-stacktrace>
          </exception> <!-- java.lang.AssertionError -->
          <reporter-output>
          </reporter-output>
        </test-method> <!-- TC146_Verify_Page_News_Page_Delete_En -->
        <test-method status="PASS" signature="tearDownMethod()[pri:0, instance:com.desktopWeb.scripts.sprint1.TC_146_Verify_Page_News_Page_Delete_En@765d7657]" name="tearDownMethod" is-config="true" duration-ms="1348" started-at="2017-02-11T12:50:47Z" finished-at="2017-02-11T12:50:49Z">
          <reporter-output>
          </reporter-output>
        </test-method> <!-- tearDownMethod -->
      </class> <!-- com.desktopWeb.scripts.sprint1.TC_146_Verify_Page_News_Page_Delete_En -->
      <class name="com.desktopWeb.scripts.tools.TC_21_Add_Block_Quote">
        <test-method status="PASS" signature="reportHeader(java.lang.reflect.Method)[pri:0, instance:com.desktopWeb.scripts.tools.TC_21_Add_Block_Quote@3754a4bf]" name="reportHeader" is-config="true" duration-ms="32141" started-at="2017-02-10T19:43:34Z" finished-at="2017-02-10T19:44:06Z">
          <params>
            <param index="0">
              <value>
                <![CDATA[public void com.desktopWeb.scripts.tools.TC_21_Add_Block_Quote.TC21_Add_Block_Quote(java.lang.String,java.lang.String,java.lang.String,java.lang.String,java.lang.String,java.lang.String,java.lang.String,java.lang.String,java.lang.String,java.lang.String,java.lang.String,java.lang.String,java.lang.String) throws java.lang.Throwable]]>
              </value>
            </param>
          </params>
          <reporter-output>
          </reporter-output>
        </test-method> <!-- reportHeader -->
        <test-method status="PASS" signature="TC21_Add_Block_Quote(java.lang.String, java.lang.String, java.lang.String, java.lang.String, java.lang.String, java.lang.String, java.lang.String, java.lang.String, java.lang.String, java.lang.String, java.lang.String, java.lang.String, java.lang.String)[pri:0, instance:com.desktopWeb.scripts.tools.TC_21_Add_Block_Quote@3754a4bf]" name="TC21_Add_Block_Quote" duration-ms="561613" started-at="2017-02-10T19:44:06Z" data-provider="testData" finished-at="2017-02-10T19:53:28Z">
          <params>
            <param index="0">
              <value>
                <![CDATA[autosm2017@gmail.com]]>
              </value>
            </param>
            <param index="1">
              <value>
                <![CDATA[Automation2017]]>
              </value>
            </param>
            <param index="2">
              <value>
                <![CDATA[Be Good. Do Good]]>
              </value>
            </param>
            <param index="3">
              <value>
                <![CDATA[Misc]]>
              </value>
            </param>
            <param index="4">
              <value>
                <![CDATA[Automation Project]]>
              </value>
            </param>
            <param index="5">
              <value>
                <![CDATA[New Automation Project]]>
              </value>
            </param>
            <param index="6">
              <value>
                <![CDATA[Department of Education & Training]]>
              </value>
            </param>
            <param index="7">
              <value>
                <![CDATA[Public]]>
              </value>
            </param>
            <param index="8">
              <value>
                <![CDATA[Active]]>
              </value>
            </param>
            <param index="9">
              <value>
                <![CDATA[autoconmanager,autoprauthor]]>
              </value>
            </param>
            <param index="10">
              <value>
                <![CDATA[Consultation Manager,Project Author]]>
              </value>
            </param>
            <param index="11">
              <value>
                <![CDATA[Yes]]>
              </value>
            </param>
            <param index="12">
              <value>
                <![CDATA[Verify Add Block Quote to page]]>
              </value>
            </param>
          </params>
          <reporter-output>
          </reporter-output>
        </test-method> <!-- TC21_Add_Block_Quote -->
        <test-method status="PASS" signature="tearDownMethod()[pri:0, instance:com.desktopWeb.scripts.tools.TC_21_Add_Block_Quote@3754a4bf]" name="tearDownMethod" is-config="true" duration-ms="1340" started-at="2017-02-10T19:53:28Z" finished-at="2017-02-10T19:53:29Z">
          <reporter-output>
          </reporter-output>
        </test-method> <!-- tearDownMethod -->
      </class> <!-- com.desktopWeb.scripts.tools.TC_21_Add_Block_Quote -->
      <class name="com.desktopWeb.scripts.sprint1.TC_129_Verify_Project_Sub_Page_Delete_Cm">
        <test-method status="PASS" signature="reportHeader(java.lang.reflect.Method)[pri:0, instance:com.desktopWeb.scripts.sprint1.TC_129_Verify_Project_Sub_Page_Delete_Cm@692f203f]" name="reportHeader" is-config="true" duration-ms="82390" started-at="2017-02-11T08:04:06Z" finished-at="2017-02-11T08:05:28Z">
          <params>
            <param index="0">
              <value>
                <![CDATA[public void com.desktopWeb.scripts.sprint1.TC_129_Verify_Project_Sub_Page_Delete_Cm.TC129_Verify_Project_Sub_Page_Delete_Cm(java.lang.String,java.lang.String,java.lang.String,java.lang.String) throws java.lang.Throwable]]>
              </value>
            </param>
          </params>
          <reporter-output>
          </reporter-output>
        </test-method> <!-- reportHeader -->
        <test-method status="FAIL" signature="TC129_Verify_Project_Sub_Page_Delete_Cm(java.lang.String, java.lang.String, java.lang.String, java.lang.String)[pri:0, instance:com.desktopWeb.scripts.sprint1.TC_129_Verify_Project_Sub_Page_Delete_Cm@692f203f]" name="TC129_Verify_Project_Sub_Page_Delete_Cm" duration-ms="223045" started-at="2017-02-11T08:05:28Z" data-provider="testData" finished-at="2017-02-11T08:09:11Z">
          <params>
            <param index="0">
              <value>
                <![CDATA[autoenmanager@harvestdp.com]]>
              </value>
            </param>
            <param index="1">
              <value>
                <![CDATA[Automation2017]]>
              </value>
            </param>
            <param index="2">
              <value>
                <![CDATA[New Project for Test Execution]]>
              </value>
            </param>
            <param index="3">
              <value>
                <![CDATA[Verify Authoring/Page/Project_Sub_Page/Delete by Consultation Manager]]>
              </value>
            </param>
          </params>
          <exception class="java.lang.AssertionError">
            <message>
              <![CDATA[Step Click Failed with description Unable to click on Settings expected [true] but found [false]]]>
            </message>
            <full-stacktrace>
              <![CDATA[java.lang.AssertionError: Step Click Failed with description Unable to click on Settings expected [true] but found [false]
	at org.testng.Assert.fail(Assert.java:94)
	at org.testng.Assert.failNotEquals(Assert.java:494)
	at org.testng.Assert.assertTrue(Assert.java:42)
	at com.ctaf.support.HtmlReportSupport.onFailure(HtmlReportSupport.java:778)
	at com.ctaf.utilities.Reporter.failureReport(Reporter.java:91)
	at com.ctaf.accelerators.ActionEngine.click(ActionEngine.java:100)
	at com.desktopWeb.workflows.HelperClass.navigateToSetting(HelperClass.java:715)
	at com.desktopWeb.scripts.sprint1.TC_129_Verify_Project_Sub_Page_Delete_Cm.TC129_Verify_Project_Sub_Page_Delete_Cm(TC_129_Verify_Project_Sub_Page_Delete_Cm.java:25)
	at sun.reflect.NativeMethodAccessorImpl.invoke0(Native Method)
	at sun.reflect.NativeMethodAccessorImpl.invoke(Unknown Source)
	at sun.reflect.DelegatingMethodAccessorImpl.invoke(Unknown Source)
	at java.lang.reflect.Method.invoke(Unknown Source)
	at org.testng.internal.MethodInvocationHelper.invokeMethod(MethodInvocationHelper.java:80)
	at org.testng.internal.Invoker.invokeMethod(Invoker.java:714)
	at org.testng.internal.Invoker.invokeTestMethod(Invoker.java:901)
	at org.testng.internal.Invoker.invokeTestMethods(Invoker.java:1231)
	at org.testng.internal.TestMethodWorker.invokeTestMethods(TestMethodWorker.java:127)
	at org.testng.internal.TestMethodWorker.run(TestMethodWorker.java:111)
	at org.testng.TestRunner.privateRun(TestRunner.java:767)
	at org.testng.TestRunner.run(TestRunner.java:617)
	at org.testng.SuiteRunner.runTest(SuiteRunner.java:334)
	at org.testng.SuiteRunner.runSequentially(SuiteRunner.java:329)
	at org.testng.SuiteRunner.privateRun(SuiteRunner.java:291)
	at org.testng.SuiteRunner.run(SuiteRunner.java:240)
	at org.testng.SuiteRunnerWorker.runSuite(SuiteRunnerWorker.java:52)
	at org.testng.SuiteRunnerWorker.run(SuiteRunnerWorker.java:86)
	at org.testng.TestNG.runSuitesSequentially(TestNG.java:1198)
	at org.testng.TestNG.runSuitesLocally(TestNG.java:1123)
	at org.testng.TestNG.run(TestNG.java:1031)
	at org.apache.maven.surefire.testng.TestNGExecutor.run(TestNGExecutor.java:178)
	at org.apache.maven.surefire.testng.TestNGXmlTestSuite.execute(TestNGXmlTestSuite.java:92)
	at org.apache.maven.surefire.testng.TestNGProvider.invoke(TestNGProvider.java:96)
	at sun.reflect.NativeMethodAccessorImpl.invoke0(Native Method)
	at sun.reflect.NativeMethodAccessorImpl.invoke(Unknown Source)
	at sun.reflect.DelegatingMethodAccessorImpl.invoke(Unknown Source)
	at java.lang.reflect.Method.invoke(Unknown Source)
	at org.apache.maven.surefire.util.ReflectionUtils.invokeMethodWithArray2(ReflectionUtils.java:208)
	at org.apache.maven.surefire.booter.ProviderFactory$ProviderProxy.invoke(ProviderFactory.java:159)
	at org.apache.maven.surefire.booter.ProviderFactory.invokeProvider(ProviderFactory.java:87)
	at org.apache.maven.surefire.booter.ForkedBooter.runSuitesInProcess(ForkedBooter.java:153)
	at org.apache.maven.surefire.booter.ForkedBooter.main(ForkedBooter.java:95)
]]>
            </full-stacktrace>
          </exception> <!-- java.lang.AssertionError -->
          <reporter-output>
          </reporter-output>
        </test-method> <!-- TC129_Verify_Project_Sub_Page_Delete_Cm -->
        <test-method status="PASS" signature="tearDownMethod()[pri:0, instance:com.desktopWeb.scripts.sprint1.TC_129_Verify_Project_Sub_Page_Delete_Cm@692f203f]" name="tearDownMethod" is-config="true" duration-ms="1092" started-at="2017-02-11T08:09:11Z" finished-at="2017-02-11T08:09:12Z">
          <reporter-output>
          </reporter-output>
        </test-method> <!-- tearDownMethod -->
      </class> <!-- com.desktopWeb.scripts.sprint1.TC_129_Verify_Project_Sub_Page_Delete_Cm -->
      <class name="com.desktopWeb.scripts.dashboard.TC_103_Verify_Dashboard_Moderation_Recently_RejecttoReject">
        <test-method status="PASS" signature="reportHeader(java.lang.reflect.Method)[pri:0, instance:com.desktopWeb.scripts.dashboard.TC_103_Verify_Dashboard_Moderation_Recently_RejecttoReject@6069db50]" name="reportHeader" is-config="true" duration-ms="30851" started-at="2017-02-10T20:58:24Z" finished-at="2017-02-10T20:58:54Z">
          <params>
            <param index="0">
              <value>
                <![CDATA[public void com.desktopWeb.scripts.dashboard.TC_103_Verify_Dashboard_Moderation_Recently_RejecttoReject.TC103_Verify_Dashboard_Moderation_Recently_RejecttoReject(java.lang.String,java.lang.String,java.lang.String,java.lang.String,java.lang.String,java.lang.String) throws java.lang.Throwable]]>
              </value>
            </param>
          </params>
          <reporter-output>
          </reporter-output>
        </test-method> <!-- reportHeader -->
        <test-method status="PASS" signature="TC103_Verify_Dashboard_Moderation_Recently_RejecttoReject(java.lang.String, java.lang.String, java.lang.String, java.lang.String, java.lang.String, java.lang.String)[pri:0, instance:com.desktopWeb.scripts.dashboard.TC_103_Verify_Dashboard_Moderation_Recently_RejecttoReject@6069db50]" name="TC103_Verify_Dashboard_Moderation_Recently_RejecttoReject" duration-ms="135534" started-at="2017-02-10T20:58:54Z" data-provider="testData" finished-at="2017-02-10T21:01:10Z">
          <params>
            <param index="0">
              <value>
                <![CDATA[autosm2017@gmail.com]]>
              </value>
            </param>
            <param index="1">
              <value>
                <![CDATA[Automation2017]]>
              </value>
            </param>
            <param index="2">
              <value>
                <![CDATA[Smart Planning internal consultation]]>
              </value>
            </param>
            <param index="3">
              <value>
                <![CDATA[Automation Testing]]>
              </value>
            </param>
            <param index="4">
              <value>
                <![CDATA[Inappropriate]]>
              </value>
            </param>
            <param index="5">
              <value>
[...]
          <reporter-output>
          </reporter-output>
        </test-method> <!-- tearDownMethod -->
      </class> <!-- com.desktopWeb.scripts.sprint2.TC_175_Verify_Field_Enable_ToEdit_Dashoard_Project_Cm -->
      <class name="com.desktopWeb.scripts.tools.TC_32_Add_Swipe">
        <test-method status="PASS" signature="reportHeader(java.lang.reflect.Method)[pri:0, instance:com.desktopWeb.scripts.tools.TC_32_Add_Swipe@1bb5a082]" name="reportHeader" is-config="true" duration-ms="54121" started-at="2017-02-11T06:40:08Z" finished-at="2017-02-11T06:41:02Z">
          <params>
            <param index="0">
              <value>
                <![CDATA[public void com.desktopWeb.scripts.tools.TC_32_Add_Swipe.TC32_Add_Swipe(java.lang.String,java.lang.String,java.lang.String,java.lang.String,java.lang.String,java.lang.String,java.lang.String,java.lang.String,java.lang.String,java.lang.String,java.lang.String) throws java.lang.Throwable]]>
              </value>
            </param>
          </params>
          <reporter-output>
          </reporter-output>
        </test-method> <!-- reportHeader -->
        <test-method status="PASS" signature="TC32_Add_Swipe(java.lang.String, java.lang.String, java.lang.String, java.lang.String, java.lang.String, java.lang.String, java.lang.String, java.lang.String, java.lang.String, java.lang.String, java.lang.String)[pri:0, instance:com.desktopWeb.scripts.tools.TC_32_Add_Swipe@1bb5a082]" name="TC32_Add_Swipe" duration-ms="812939" started-at="2017-02-11T06:41:02Z" data-provider="testData" finished-at="2017-02-11T06:54:35Z">
          <params>
            <param index="0">
              <value>
                <![CDATA[autosm2017@gmail.com]]>
              </value>
            </param>
            <param index="1">
              <value>
                <![CDATA[Automation2017]]>
              </value>
            </param>
            <param index="2">
              <value>
                <![CDATA[Automation Project]]>
              </value>
            </param>
            <param index="3">
              <value>
                <![CDATA[New Automation Project]]>
              </value>
            </param>
            <param index="4">
              <value>
                <![CDATA[Department of Education & Training]]>
              </value>
            </param>
            <param index="5">
              <value>
                <![CDATA[Public]]>
              </value>
            </param>
            <param index="6">
              <value>
                <![CDATA[Active]]>
              </value>
            </param>
            <param index="7">
              <value>
                <![CDATA[autoconmanager,autoprauthor]]>
              </value>
            </param>
            <param index="8">
              <value>
                <![CDATA[Consultation Manager,Project Author]]>
              </value>
            </param>
            <param index="9">
              <value>
                <![CDATA[Yes]]>
              </value>
            </param>
            <param index="10">
              <value>
                <![CDATA[Verify Add Swipe to page]]>
              </value>
            </param>
          </params>
          <reporter-output>
          </reporter-output>
        </test-method> <!-- TC32_Add_Swipe -->
        <test-method status="PASS" signature="tearDownMethod()[pri:0, instance:com.desktopWeb.scripts.tools.TC_32_Add_Swipe@1bb5a082]" name="tearDownMethod" is-config="true" duration-ms="1311" started-at="2017-02-11T06:54:35Z" finished-at="2017-02-11T06:54:37Z">
          <reporter-output>
          </reporter-output>
        </test-method> <!-- tearDownMethod -->
      </class> <!-- com.desktopWeb.scripts.tools.TC_32_Add_Swipe -->
      <class name="com.desktopWeb.scripts.dashboard.TC_98_Verify_Dashboard_Moderation_Awaiting_Refer">
        <test-method status="PASS" signature="reportHeader(java.lang.reflect.Method)[pri:0, instance:com.desktopWeb.scripts.dashboard.TC_98_Verify_Dashboard_Moderation_Awaiting_Refer@3023df74]" name="reportHeader" is-config="true" duration-ms="85576" started-at="2017-02-11T08:51:20Z" finished-at="2017-02-11T08:52:45Z">
          <params>
            <param index="0">
              <value>
                <![CDATA[public void com.desktopWeb.scripts.dashboard.TC_98_Verify_Dashboard_Moderation_Awaiting_Refer.TC98_Verify_Dashboard_Moderation_Awaiting_Refer(java.lang.String,java.lang.String,java.lang.String,java.lang.String,java.lang.String,java.lang.String) throws java.lang.Throwable]]>
              </value>
            </param>
          </params>
          <reporter-output>
          </reporter-output>
        </test-method> <!-- reportHeader -->
        <test-method status="PASS" signature="TC98_Verify_Dashboard_Moderation_Awaiting_Refer(java.lang.String, java.lang.String, java.lang.String, java.lang.String, java.lang.String, java.lang.String)[pri:0, instance:com.desktopWeb.scripts.dashboard.TC_98_Verify_Dashboard_Moderation_Awaiting_Refer@3023df74]" name="TC98_Verify_Dashboard_Moderation_Awaiting_Refer" duration-ms="167387" started-at="2017-02-11T08:52:45Z" data-provider="testData" finished-at="2017-02-11T08:55:33Z">
          <params>
            <param index="0">
              <value>
                <![CDATA[autosm2017@gmail.com]]>
              </value>
            </param>
            <param index="1">
              <value>
                <![CDATA[Automation2017]]>
              </value>
            </param>
            <param index="2">
              <value>
                <![CDATA[Smart Planning internal consultation]]>
              </value>
            </param>
            <param index="3">
              <value>
                <![CDATA[Automation Testing]]>
              </value>
            </param>
            <param index="4">
              <value>
                <![CDATA[Inappropriate]]>
              </value>
            </param>
            <param index="5">
              <value>
                <![CDATA[Verify Dashboard_Moderation_Awaiting_Refer Options]]>
              </value>
            </param>
          </params>
          <reporter-output>
          </reporter-output>
        </test-method> <!-- TC98_Verify_Dashboard_Moderation_Awaiting_Refer -->
        <test-method status="PASS" signature="tearDownMethod()[pri:0, instance:com.desktopWeb.scripts.dashboard.TC_98_Verify_Dashboard_Moderation_Awaiting_Refer@3023df74]" name="tearDownMethod" is-config="true" duration-ms="1129" started-at="2017-02-11T08:55:33Z" finished-at="2017-02-11T08:55:34Z">
          <reporter-output>
          </reporter-output>
        </test-method> <!-- tearDownMethod -->
      </class> <!-- com.desktopWeb.scripts.dashboard.TC_98_Verify_Dashboard_Moderation_Awaiting_Refer -->
      <class name="com.desktopWeb.scripts.sprint1.TC_151_Location_Page_News_Page_Location_En">
        <test-method status="PASS" signature="reportHeader(java.lang.reflect.Method)[pri:0, instance:com.desktopWeb.scripts.sprint1.TC_151_Location_Page_News_Page_Location_En@595b007d]" name="reportHeader" is-config="true" duration-ms="48128" started-at="2017-02-11T13:12:02Z" finished-at="2017-02-11T13:12:50Z">
          <params>
            <param index="0">
              <value>
                <![CDATA[public void com.desktopWeb.scripts.sprint1.TC_151_Location_Page_News_Page_Location_En.TC151_Location_Page_News_Page_Location_En(java.lang.String,java.lang.String,java.lang.String,java.lang.String,java.lang.String,java.lang.String) throws java.lang.Throwable]]>
              </value>
            </param>
          </params>
          <reporter-output>
          </reporter-output>
        </test-method> <!-- reportHeader -->
        <test-method status="FAIL" signature="TC151_Location_Page_News_Page_Location_En(java.lang.String, java.lang.String, java.lang.String, java.lang.String, java.lang.String, java.lang.String)[pri:0, instance:com.desktopWeb.scripts.sprint1.TC_151_Location_Page_News_Page_Location_En@595b007d]" name="TC151_Location_Page_News_Page_Location_En" duration-ms="247437" started-at="2017-02-11T13:12:50Z" data-provider="testData" finished-at="2017-02-11T13:16:57Z">
          <params>
            <param index="0">
              <value>
                <![CDATA[autoenmanager@harvestdp.com]]>
              </value>
            </param>
            <param index="1">
              <value>
                <![CDATA[Automation2017]]>
              </value>
            </param>
            <param index="2">
              <value>
                <![CDATA[New Project for Test Execution]]>
              </value>
            </param>
            <param index="3">
              <value>
                <![CDATA[savechanges]]>
              </value>
            </param>
            <param index="4">
              <value>
                <![CDATA[Value 1]]>
              </value>
            </param>
            <param index="5">
              <value>
                <![CDATA[Verify Authoring/Page/News_Page/Location funtionality for Engagement Manager]]>
              </value>
            </param>
          </params>
          <exception class="java.lang.AssertionError">
            <message>
              <![CDATA[Step TC151_Location_Page_News_Page_Location_En Failed with description Failed expected [true] but found [false]]]>
            </message>
            <full-stacktrace>
              <![CDATA[java.lang.AssertionError: Step TC151_Location_Page_News_Page_Location_En Failed with description Failed expected [true] but found [false]
	at org.testng.Assert.fail(Assert.java:94)
	at org.testng.Assert.failNotEquals(Assert.java:494)
	at org.testng.Assert.assertTrue(Assert.java:42)
	at com.ctaf.support.HtmlReportSupport.onFailure(HtmlReportSupport.java:778)
	at com.ctaf.utilities.Reporter.failureReport(Reporter.java:91)
	at com.desktopWeb.scripts.sprint1.TC_151_Location_Page_News_Page_Location_En.TC151_Location_Page_News_Page_Location_En(TC_151_Location_Page_News_Page_Location_En.java:30)
	at sun.reflect.NativeMethodAccessorImpl.invoke0(Native Method)
	at sun.reflect.NativeMethodAccessorImpl.invoke(Unknown Source)
	at sun.reflect.DelegatingMethodAccessorImpl.invoke(Unknown Source)
	at java.lang.reflect.Method.invoke(Unknown Source)
	at org.testng.internal.MethodInvocationHelper.invokeMethod(MethodInvocationHelper.java:80)
	at org.testng.internal.Invoker.invokeMethod(Invoker.java:714)
	at org.testng.internal.Invoker.invokeTestMethod(Invoker.java:901)
	at org.testng.internal.Invoker.invokeTestMethods(Invoker.java:1231)
	at org.testng.internal.TestMethodWorker.invokeTestMethods(TestMethodWorker.java:127)
	at org.testng.internal.TestMethodWorker.run(TestMethodWorker.java:111)
	at org.testng.TestRunner.privateRun(TestRunner.java:767)
	at org.testng.TestRunner.run(TestRunner.java:617)
	at org.testng.SuiteRunner.runTest(SuiteRunner.java:334)
	at org.testng.SuiteRunner.runSequentially(SuiteRunner.java:329)
	at org.testng.SuiteRunner.privateRun(SuiteRunner.java:291)
	at org.testng.SuiteRunner.run(SuiteRunner.java:240)
	at org.testng.SuiteRunnerWorker.runSuite(SuiteRunnerWorker.java:52)
	at org.testng.SuiteRunnerWorker.run(SuiteRunnerWorker.java:86)
	at org.testng.TestNG.runSuitesSequentially(TestNG.java:1198)
	at org.testng.TestNG.runSuitesLocally(TestNG.java:1123)
	at org.testng.TestNG.run(TestNG.java:1031)
	at org.apache.maven.surefire.testng.TestNGExecutor.run(TestNGExecutor.java:178)
	at org.apache.maven.surefire.testng.TestNGXmlTestSuite.execute(TestNGXmlTestSuite.java:92)
	at org.apache.maven.surefire.testng.TestNGProvider.invoke(TestNGProvider.java:96)
	at sun.reflect.NativeMethodAccessorImpl.invoke0(Native Method)
	at sun.reflect.NativeMethodAccessorImpl.invoke(Unknown Source)
	at sun.reflect.DelegatingMethodAccessorImpl.invoke(Unknown Source)
	at java.lang.reflect.Method.invoke(Unknown Source)
	at org.apache.maven.surefire.util.ReflectionUtils.invokeMethodWithArray2(ReflectionUtils.java:208)
	at org.apache.maven.surefire.booter.ProviderFactory$ProviderProxy.invoke(ProviderFactory.java:159)
	at org.apache.maven.surefire.booter.ProviderFactory.invokeProvider(ProviderFactory.java:87)
	at org.apache.maven.surefire.booter.ForkedBooter.runSuitesInProcess(ForkedBooter.java:153)
	at org.apache.maven.surefire.booter.ForkedBooter.main(ForkedBooter.java:95)
]]>
            </full-stacktrace>
          </exception> <!-- java.lang.AssertionError -->
          <reporter-output>
          </reporter-output>
        </test-method> <!-- TC151_Location_Page_News_Page_Location_En -->
        <test-method status="PASS" signature="tearDownMethod()[pri:0, instance:com.desktopWeb.scripts.sprint1.TC_151_Location_Page_News_Page_Location_En@595b007d]" name="tearDownMethod" is-config="true" duration-ms="586" started-at="2017-02-11T13:16:57Z" finished-at="2017-02-11T13:16:58Z">
          <reporter-output>
          </reporter-output>
        </test-method> <!-- tearDownMethod -->
      </class> <!-- com.desktopWeb.scripts.sprint1.TC_151_Location_Page_News_Page_Location_En -->
      <class name="com.desktopWeb.scripts.dashboard.TC_99_Verify_Dashboard_Moderation_Recently_ApprovetoRefer">
        <test-method status="PASS" signature="reportHeader(java.lang.reflect.Method)[pri:0, instance:com.desktopWeb.scripts.dashboard.TC_99_Verify_Dashboard_Moderation_Recently_ApprovetoRefer@515aebb0]" name="reportHeader" is-config="true" duration-ms="66973" started-at="2017-02-11T09:12:49Z" finished-at="2017-02-11T09:13:56Z">
          <params>
            <param index="0">
              <value>
                <![CDATA[public void com.desktopWeb.scripts.dashboard.TC_99_Verify_Dashboard_Moderation_Recently_ApprovetoRefer.TC99_Verify_Dashboard_Moderation_Recently_ApprovetoRefer(java.lang.String,java.lang.String,java.lang.String,java.lang.String,java.lang.String,java.lang.String) throws java.lang.Throwable]]>
              </value>
            </param>
          </params>
          <reporter-output>
          </reporter-output>
        </test-method> <!-- reportHeader -->
        <test-method status="FAIL" signature="TC99_Verify_Dashboard_Moderation_Recently_ApprovetoRefer(java.lang.String, java.lang.String, java.lang.String, java.lang.String, java.lang.String, java.lang.String)[pri:0, instance:com.desktopWeb.scripts.dashboard.TC_99_Verify_Dashboard_Moderation_Recently_ApprovetoRefer@515aebb0]" name="TC99_Verify_Dashboard_Moderation_Recently_ApprovetoRefer" duration-ms="193118" started-at="2017-02-11T09:13:56Z" data-provider="testData" finished-at="2017-02-11T09:17:09Z">
          <params>
            <param index="0">
              <value>
                <![CDATA[autosm2017@gmail.com]]>
              </value>
            </param>
            <param index="1">
              <value>
                <![CDATA[Automation2017]]>
              </value>
            </param>
            <param index="2">
              <value>
                <![CDATA[Smart Planning internal consultation]]>
              </value>
            </param>
            <param index="3">
              <value>
                <![CDATA[Automation Testing]]>
              </value>
            </param>
            <param index="4">
              <value>
                <![CDATA[Inappropriate]]>
              </value>
            </param>
            <param index="5">
              <value>
                <![CDATA[Verify Dashboard_Moderation_Recent_ApprovetoRefer Options]]>
              </value>
            </param>
          </params>
          <exception class="java.lang.AssertionError">
            <message>
              <![CDATA[Step AssertText  Failed with description APPROVED is not present in the element  expected [true] but found [false]]]>
            </message>
            <full-stacktrace>
              <![CDATA[java.lang.AssertionError: Step AssertText  Failed with description APPROVED is not present in the element  expected [true] but found [false]
	at org.testng.Assert.fail(Assert.java:94)
	at org.testng.Assert.failNotEquals(Assert.java:494)
	at org.testng.Assert.assertTrue(Assert.java:42)
	at com.ctaf.support.HtmlReportSupport.onFailure(HtmlReportSupport.java:778)
	at com.ctaf.utilities.Reporter.failureReport(Reporter.java:91)
	at com.ctaf.accelerators.ActionEngine.assertText(ActionEngine.java:1392)
	at com.desktopWeb.workflows.HelperClass.approveAwaitingComment(HelperClass.java:2223)
	at com.desktopWeb.scripts.dashboard.TC_99_Verify_Dashboard_Moderation_Recently_ApprovetoRefer.TC99_Verify_Dashboard_Moderation_Recently_ApprovetoRefer(TC_99_Verify_Dashboard_Moderation_Recently_ApprovetoRefer.java:27)
	at sun.reflect.NativeMethodAccessorImpl.invoke0(Native Method)
	at sun.reflect.NativeMethodAccessorImpl.invoke(Unknown Source)
	at sun.reflect.DelegatingMethodAccessorImpl.invoke(Unknown Source)
	at java.lang.reflect.Method.invoke(Unknown Source)
	at org.testng.internal.MethodInvocationHelper.invokeMethod(MethodInvocationHelper.java:80)
	at org.testng.internal.Invoker.invokeMethod(Invoker.java:714)
	at org.testng.internal.Invoker.invokeTestMethod(Invoker.java:901)
	at org.testng.internal.Invoker.invokeTestMethods(Invoker.java:1231)
	at org.testng.internal.TestMethodWorker.invokeTestMethods(TestMethodWorker.java:127)
	at org.testng.internal.TestMethodWorker.run(TestMethodWorker.java:111)
	at org.testng.TestRunner.privateRun(TestRunner.java:767)
	at org.testng.TestRunner.run(TestRunner.java:617)
	at org.testng.SuiteRunner.runTest(SuiteRunner.java:334)
	at org.testng.SuiteRunner.runSequentially(SuiteRunner.java:329)
	at org.testng.SuiteRunner.privateRun(SuiteRunner.java:291)
	at org.testng.SuiteRunner.run(SuiteRunner.java:240)
	at org.testng.SuiteRunnerWorker.runSuite(SuiteRunnerWorker.java:52)
	at org.testng.SuiteRunnerWorker.run(SuiteRunnerWorker.java:86)
	at org.testng.TestNG.runSuitesSequentially(TestNG.java:1198)
	at org.testng.TestNG.runSuitesLocally(TestNG.java:1123)
	at org.testng.TestNG.run(TestNG.java:1031)
	at org.apache.maven.surefire.testng.TestNGExecutor.run(TestNGExecutor.java:178)
	at org.apache.maven.surefire.testng.TestNGXmlTestSuite.execute(TestNGXmlTestSuite.java:92)
	at org.apache.maven.surefire.testng.TestNGProvider.invoke(TestNGProvider.java:96)
	at sun.reflect.NativeMethodAccessorImpl.invoke0(Native Method)
	at sun.reflect.NativeMethodAccessorImpl.invoke(Unknown Source)
	at sun.reflect.DelegatingMethodAccessorImpl.invoke(Unknown Source)
	at java.lang.reflect.Method.invoke(Unknown Source)
	at org.apache.maven.surefire.util.ReflectionUtils.invokeMethodWithArray2(ReflectionUtils.java:208)
	at org.apache.maven.surefire.booter.ProviderFactory$ProviderProxy.invoke(ProviderFactory.java:159)
	at org.apache.maven.surefire.booter.ProviderFactory.invokeProvider(ProviderFactory.java:87)
	at org.apache.maven.surefire.booter.ForkedBooter.runSuitesInProcess(ForkedBooter.java:153)
	at org.apache.maven.surefire.booter.ForkedBooter.main(ForkedBooter.java:95)
]]>
            </full-stacktrace>
          </exception> <!-- java.lang.AssertionError -->
          <reporter-output>
          </reporter-output>
        </test-method> <!-- TC99_Verify_Dashboard_Moderation_Recently_ApprovetoRefer -->
        <test-method status="PASS" signature="tearDownMethod()[pri:0, instance:com.desktopWeb.scripts.dashboard.TC_99_Verify_Dashboard_Moderation_Recently_ApprovetoRefer@515aebb0]" name="tearDownMethod" is-config="true" duration-ms="1310" started-at="2017-02-11T09:17:09Z" finished-at="2017-02-11T09:17:11Z">
          <reporter-output>
          </reporter-output>
        </test-method> <!-- tearDownMethod -->
      </class> <!-- com.desktopWeb.scripts.dashboard.TC_99_Verify_Dashboard_Moderation_Recently_ApprovetoRefer -->
    </test> <!-- Grouping -->
  </suite> <!-- DPC -->
</testng-results>
