<?xml version="1.0" encoding="UTF-8"?>
<testsuite name="TestSuite" time="63,327.638" tests="195" errors="0" skipped="0" failures="115">
  <properties>
[...]
</properties>
  <testcase name="TC01_CommonChecks_HomePage_HambergerMenu_Login_Signout_SiteAdmin" classname="com.desktopWeb.scripts.common.TC_01_CommonChecks_HomePage_HamburgerMenu_Login_Signout_SiteAdmin" time="87.272">
    <failure message="Step Click Failed with description Unable to click on Menu expected [true] but found [false]" type="java.lang.AssertionError">java.lang.AssertionError: Step Click Failed with description Unable to click on Menu expected [true] but found [false]
	at org.testng.Assert.fail(Assert.java:94)
	at org.testng.Assert.failNotEquals(Assert.java:494)
	at org.testng.Assert.assertTrue(Assert.java:42)
	at com.ctaf.support.HtmlReportSupport.onFailure(HtmlReportSupport.java:778)
	at com.ctaf.utilities.Reporter.failureReport(Reporter.java:91)
	at com.ctaf.accelerators.ActionEngine.click(ActionEngine.java:100)
	at com.desktopWeb.workflows.HelperClass.verifyHamberger(HelperClass.java:94)
	at com.desktopWeb.scripts.common.TC_01_CommonChecks_HomePage_HamburgerMenu_Login_Signout_SiteAdmin.TC01_CommonChecks_HomePage_HambergerMenu_Login_Signout_SiteAdmin(TC_01_CommonChecks_HomePage_HamburgerMenu_Login_Signout_SiteAdmin.java:25)
</failure>
    <system-out>...
... TestNG 6.8beta 20120825_1010 by C?dric Beust (cedric@beust.com)
...

In Before sutie
+++++[]
 INFO [main] (TestEngine.java:125) - Starting browser : firefox
File copied from Logos\cigniti.png to Results\Firefox\Firefox_2017-02-10_18_25_25_204\Screenshots\cigniti.png
File copied from Logos\enex.png to Results\Firefox\Firefox_2017-02-10_18_25_25_204\Screenshots\enex.png
File copied from Logos\engage-vic-logo.png to Results\Firefox\Firefox_2017-02-10_18_25_25_204\Screenshots\engage-vic-logo.png
File copied from Logos\failed.ico to Results\Firefox\Firefox_2017-02-10_18_25_25_204\Screenshots\failed.ico
File copied from Logos\Minus.ico to Results\Firefox\Firefox_2017-02-10_18_25_25_204\Screenshots\Minus.ico
File copied from Logos\passed.ico to Results\Firefox\Firefox_2017-02-10_18_25_25_204\Screenshots\passed.ico
File copied from Logos\Plus.ico to Results\Firefox\Firefox_2017-02-10_18_25_25_204\Screenshots\Plus.ico
File copied from Logos\warning.ico to Results\Firefox\Firefox_2017-02-10_18_25_25_204\Screenshots\warning.ico
 INFO [main] (TestEngine.java:507) - Current Test : TC01_CommonChecks_HomePage_HambergerMenu_Login_Signout_SiteAdmin
 INFO [main] (HelperClass.java:182) - in login
 INFO [main] (ActionEngine.java:107) - Successfully click on Menu
 INFO [main] (ActionEngine.java:107) - Successfully click on Click on Menu/Login
 INFO [main] (ActionEngine.java:395) - Type  autosm2017@gmail.com in Email address
 INFO [main] (ActionEngine.java:395) - Type  Automation2017 in Password
 INFO [main] (ActionEngine.java:107) - Successfully click on Login button
 INFO [main] (HelperClass.java:35) - in verifyWebElementHomePage
 INFO [main] (ActionEngine.java:2397) - Hamburger Menu is displaying
 INFO [main] (ActionEngine.java:2397) - Engage Victoria Logo is displaying
 INFO [main] (ActionEngine.java:2397) - Search Site is displaying
 INFO [main] (ActionEngine.java:2397) - Text - Engage Victoria' on hero block  is displaying
 INFO [main] (ActionEngine.java:2397) - Text - Share ideas here and have your say about what matters to you is displaying
 INFO [main] (ActionEngine.java:2397) - Image on hero block is displaying
 INFO [main] (ActionEngine.java:2397) - Text - I'm looking for consultations relating to is displaying
 INFO [main] (ActionEngine.java:2397) - Drop Down for Category is displaying
 INFO [main] (ActionEngine.java:2397) - Help me find a consultation is displaying
 INFO [main] (ActionEngine.java:2397) - WebSite feature section is displaying
 INFO [main] (ActionEngine.java:2397) - Active Consultation section is displaying
 INFO [main] (ActionEngine.java:2397) - Stay informed section is displaying
 INFO [main] (ActionEngine.java:2397) - Sign up email is displaying
 INFO [main] (ActionEngine.java:2397) - Sign up Today is displaying
 INFO [main] (ActionEngine.java:2397) - Footer section with Links is displaying
 INFO [main] (ActionEngine.java:2397) - Footer section with copyright message is displaying
 INFO [main] (ActionEngine.java:2397) - Footer Link - Copyright is displaying
 INFO [main] (ActionEngine.java:2397) - Footer Link - Privacy is displaying
 INFO [main] (ActionEngine.java:2397) - Footer Link - Terms of Use is displaying
 INFO [main] (ActionEngine.java:2397) - Footer Link - Accessibility is displaying
 INFO [main] (ActionEngine.java:2397) - Footer Link - Moderation is displaying
 INFO [main] (ActionEngine.java:2397) - Footer Link - Community Guidelines is displaying
 INFO [main] (ActionEngine.java:2397) - Footer Link - About Us is displaying
 INFO [main] (ActionEngine.java:2397) - Footer Link - Contact Us is displaying
 INFO [main] (ActionEngine.java:2397) - Footer Link - Site Map is displaying
 INFO [main] (HelperClass.java:83) - in verifyHamburger
 INFO [main] (ActionEngine.java:1739) -  Able to get TscreenShot
 Able to get TscreenShot
</system-out>
    <system-err><![CDATA[org.openqa.selenium.WebDriverException: Element is not clickable at point (50, 35). Other element would receive the click: <img id="ccm-logo" src="/application/images/logo.png" alt="The Hive" title="The Hive" height="45" width="45">
Command duration or timeout: 216 milliseconds
Build info: version: '2.53.1', revision: 'a36b8b1cd5757287168e54b817830adce9b0158d', time: '2016-06-30 19:26:09'
System info: host: 'HW1315', ip: '10.62.66.55', os.name: 'Windows 7', os.arch: 'amd64', os.version: '6.1', java.version: '1.8.0_111'
Driver info: org.openqa.selenium.firefox.FirefoxDriver
Capabilities [{applicationCacheEnabled=true, rotatable=false, handlesAlerts=true, databaseEnabled=true, version=46.0, platform=WINDOWS, nativeEvents=false, acceptSslCerts=true, webStorageEnabled=true, locationContextEnabled=true, browserName=firefox, takesScreenshot=true, javascriptEnabled=true, cssSelectorsEnabled=true}]
Session ID: 3c21ee51-5e4b-4cd0-b0a2-69ee7794c844
	at sun.reflect.NativeConstructorAccessorImpl.newInstance0(Native Method)
	at sun.reflect.NativeConstructorAccessorImpl.newInstance(Unknown Source)
	at sun.reflect.DelegatingConstructorAccessorImpl.newInstance(Unknown Source)
	at java.lang.reflect.Constructor.newInstance(Unknown Source)
	at org.openqa.selenium.remote.ErrorHandler.createThrowable(ErrorHandler.java:206)
	at org.openqa.selenium.remote.ErrorHandler.throwIfResponseFailed(ErrorHandler.java:158)
	at org.openqa.selenium.remote.RemoteWebDriver.execute(RemoteWebDriver.java:678)
	at org.openqa.selenium.remote.RemoteWebElement.execute(RemoteWebElement.java:327)
	at org.openqa.selenium.remote.RemoteWebElement.click(RemoteWebElement.java:85)
	at com.ctaf.accelerators.ActionEngine.click(ActionEngine.java:94)
	at com.desktopWeb.workflows.HelperClass.verifyHamberger(HelperClass.java:94)
	at com.desktopWeb.scripts.common.TC_01_CommonChecks_HomePage_HamburgerMenu_Login_Signout_SiteAdmin.TC01_CommonChecks_HomePage_HambergerMenu_Login_Signout_SiteAdmin(TC_01_CommonChecks_HomePage_HamburgerMenu_Login_Signout_SiteAdmin.java:25)
	at sun.reflect.NativeMethodAccessorImpl.invoke0(Native Method)
	at sun.reflect.NativeMethodAccessorImpl.invoke(Unknown Source)
	at sun.reflect.DelegatingMethodAccessorImpl.invoke(Unknown Source)
	at java.lang.reflect.Method.invoke(Unknown Source)
	at org.testng.internal.MethodInvocationHelper.invokeMethod(MethodInvocationHelper.java:80)
	at org.testng.internal.Invoker.invokeMethod(Invoker.java:714)
	at org.testng.internal.Invoker.invokeTestMethod(Invoker.java:901)
	at org.testng.internal.Invoker.invokeTestMethods(Invoker.java:1231)
	at org.testng.internal.TestMethodWorker.invokeTestMethods(TestMethodWorker.java:127)
	at org.testng.internal.TestMethodWorker.run(TestMethodWorker.java:111)
	at org.testng.TestRunner.privateRun(TestRunner.java:767)
	at org.testng.TestRunner.run(TestRunner.java:617)
	at org.testng.SuiteRunner.runTest(SuiteRunner.java:334)
	at org.testng.SuiteRunner.runSequentially(SuiteRunner.java:329)
	at org.testng.SuiteRunner.privateRun(SuiteRunner.java:291)
	at org.testng.SuiteRunner.run(SuiteRunner.java:240)
	at org.testng.SuiteRunnerWorker.runSuite(SuiteRunnerWorker.java:52)
	at org.testng.SuiteRunnerWorker.run(SuiteRunnerWorker.java:86)
	at org.testng.TestNG.runSuitesSequentially(TestNG.java:1198)
	at org.testng.TestNG.runSuitesLocally(TestNG.java:1123)
	at org.testng.TestNG.run(TestNG.java:1031)
	at org.apache.maven.surefire.testng.TestNGExecutor.run(TestNGExecutor.java:178)
	at org.apache.maven.surefire.testng.TestNGXmlTestSuite.execute(TestNGXmlTestSuite.java:92)
	at org.apache.maven.surefire.testng.TestNGProvider.invoke(TestNGProvider.java:96)
	at sun.reflect.NativeMethodAccessorImpl.invoke0(Native Method)
	at sun.reflect.NativeMethodAccessorImpl.invoke(Unknown Source)
	at sun.reflect.DelegatingMethodAccessorImpl.invoke(Unknown Source)
	at java.lang.reflect.Method.invoke(Unknown Source)
	at org.apache.maven.surefire.util.ReflectionUtils.invokeMethodWithArray2(ReflectionUtils.java:208)
	at org.apache.maven.surefire.booter.ProviderFactory$ProviderProxy.invoke(ProviderFactory.java:159)
	at org.apache.maven.surefire.booter.ProviderFactory.invokeProvider(ProviderFactory.java:87)
	at org.apache.maven.surefire.booter.ForkedBooter.runSuitesInProcess(ForkedBooter.java:153)
	at org.apache.maven.surefire.booter.ForkedBooter.main(ForkedBooter.java:95)
]]></system-err>
  </testcase>
  <testcase name="TC19_Add_Content" classname="com.desktopWeb.scripts.tools.TC_19_Add_Content" time="590.684"/>
  <testcase name="TC52_Detail_Update_Project" classname="com.desktopWeb.scripts.addUpdate.TC_52_Detail_Update_Project" time="221.157">
    <failure message="Step Click Failed with description Unable to click on Submit expected [true] but found [false]" type="java.lang.AssertionError">java.lang.AssertionError: Step Click Failed with description Unable to click on Submit expected [true] but found [false]
	at org.testng.Assert.fail(Assert.java:94)
	at org.testng.Assert.failNotEquals(Assert.java:494)
	at org.testng.Assert.assertTrue(Assert.java:42)
	at com.ctaf.support.HtmlReportSupport.onFailure(HtmlReportSupport.java:778)
	at com.ctaf.utilities.Reporter.failureReport(Reporter.java:91)
	at com.ctaf.accelerators.ActionEngine.click(ActionEngine.java:100)
	at com.desktopWeb.workflows.HelperClass.detailName(HelperClass.java:1121)
	at com.desktopWeb.scripts.addUpdate.TC_52_Detail_Update_Project.TC52_Detail_Update_Project(TC_52_Detail_Update_Project.java:26)
</failure>
    <system-out>TC19_Add_Content-10_Feb_2017 06 27 49 850;Time :623
 INFO [main] (TestEngine.java:507) - Current Test : TC52_Detail_Update_Project
 INFO [main] (HelperClass.java:182) - in login
 INFO [main] (ActionEngine.java:107) - Successfully click on Menu
 INFO [main] (ActionEngine.java:107) - Successfully click on Click on Menu/Login
 INFO [main] (ActionEngine.java:395) - Type  autosm2017@gmail.com in Email address
 INFO [main] (ActionEngine.java:395) - Type  Automation2017 in Password
 INFO [main] (ActionEngine.java:107) - Successfully click on Login button
 INFO [main] (HelperClass.java:407) - in navigateConsultation
 INFO [main] (ActionEngine.java:107) - Successfully click on Selected Project
 INFO [main] (ActionEngine.java:1362) - Element By.xpath: //li[contains(text(),'New Project for Test Execution')] is present
 INFO [main] (HelperClass.java:727) - in navigateToUpdate
 INFO [main] (ActionEngine.java:107) - Successfully click on Update
 INFO [main] (HelperClass.java:609) - in getRandomString
 INFO [main] (ActionEngine.java:107) - Successfully click on Details
 INFO [main] (ActionEngine.java:395) - Type  New Project for Test Execution - geLn in Project Name
 INFO [main] (ActionEngine.java:1739) -  Able to get TscreenShot
 Able to get TscreenShot
</system-out>
    <system-err><![CDATA[org.openqa.selenium.WebDriverException: Element is not clickable at point (1285, 599). Other element would receive the click: <div style="z-index: 1299;" class="ui-widget-overlay ui-front"></div>
Command duration or timeout: 137 milliseconds
Build info: version: '2.53.1', revision: 'a36b8b1cd5757287168e54b817830adce9b0158d', time: '2016-06-30 19:26:09'
System info: host: 'HW1315', ip: '10.62.66.55', os.name: 'Windows 7', os.arch: 'amd64', os.version: '6.1', java.version: '1.8.0_111'
Driver info: org.openqa.selenium.firefox.FirefoxDriver
Capabilities [{applicationCacheEnabled=true, rotatable=false, handlesAlerts=true, databaseEnabled=true, version=46.0, platform=WINDOWS, nativeEvents=false, acceptSslCerts=true, webStorageEnabled=true, locationContextEnabled=true, browserName=firefox, takesScreenshot=true, javascriptEnabled=true, cssSelectorsEnabled=true}]
Session ID: 55e7b1a4-3d68-4f38-b294-0c84efa1146f
	at sun.reflect.NativeConstructorAccessorImpl.newInstance0(Native Method)
	at sun.reflect.NativeConstructorAccessorImpl.newInstance(Unknown Source)
	at sun.reflect.DelegatingConstructorAccessorImpl.newInstance(Unknown Source)
	at java.lang.reflect.Constructor.newInstance(Unknown Source)
	at org.openqa.selenium.remote.ErrorHandler.createThrowable(ErrorHandler.java:206)
	at org.openqa.selenium.remote.ErrorHandler.throwIfResponseFailed(ErrorHandler.java:158)
	at org.openqa.selenium.remote.RemoteWebDriver.execute(RemoteWebDriver.java:678)
	at org.openqa.selenium.remote.RemoteWebElement.execute(RemoteWebElement.java:327)
	at org.openqa.selenium.remote.RemoteWebElement.click(RemoteWebElement.java:85)
	at com.ctaf.accelerators.ActionEngine.click(ActionEngine.java:94)
	at com.desktopWeb.workflows.HelperClass.detailName(HelperClass.java:1121)
	at com.desktopWeb.scripts.addUpdate.TC_52_Detail_Update_Project.TC52_Detail_Update_Project(TC_52_Detail_Update_Project.java:26)
	at sun.reflect.NativeMethodAccessorImpl.invoke0(Native Method)
	at sun.reflect.NativeMethodAccessorImpl.invoke(Unknown Source)
	at sun.reflect.DelegatingMethodAccessorImpl.invoke(Unknown Source)
	at java.lang.reflect.Method.invoke(Unknown Source)
	at org.testng.internal.MethodInvocationHelper.invokeMethod(MethodInvocationHelper.java:80)
	at org.testng.internal.Invoker.invokeMethod(Invoker.java:714)
	at org.testng.internal.Invoker.invokeTestMethod(Invoker.java:901)
	at org.testng.internal.Invoker.invokeTestMethods(Invoker.java:1231)
	at org.testng.internal.TestMethodWorker.invokeTestMethods(TestMethodWorker.java:127)
	at org.testng.internal.TestMethodWorker.run(TestMethodWorker.java:111)
	at org.testng.TestRunner.privateRun(TestRunner.java:767)
	at org.testng.TestRunner.run(TestRunner.java:617)
	at org.testng.SuiteRunner.runTest(SuiteRunner.java:334)
	at org.testng.SuiteRunner.runSequentially(SuiteRunner.java:329)
	at org.testng.SuiteRunner.privateRun(SuiteRunner.java:291)
	at org.testng.SuiteRunner.run(SuiteRunner.java:240)
	at org.testng.SuiteRunnerWorker.runSuite(SuiteRunnerWorker.java:52)
	at org.testng.SuiteRunnerWorker.run(SuiteRunnerWorker.java:86)
	at org.testng.TestNG.runSuitesSequentially(TestNG.java:1198)
	at org.testng.TestNG.runSuitesLocally(TestNG.java:1123)
	at org.testng.TestNG.run(TestNG.java:1031)
	at org.apache.maven.surefire.testng.TestNGExecutor.run(TestNGExecutor.java:178)
	at org.apache.maven.surefire.testng.TestNGXmlTestSuite.execute(TestNGXmlTestSuite.java:92)
	at org.apache.maven.surefire.testng.TestNGProvider.invoke(TestNGProvider.java:96)
	at sun.reflect.NativeMethodAccessorImpl.invoke0(Native Method)
	at sun.reflect.NativeMethodAccessorImpl.invoke(Unknown Source)
	at sun.reflect.DelegatingMethodAccessorImpl.invoke(Unknown Source)
	at java.lang.reflect.Method.invoke(Unknown Source)
	at org.apache.maven.surefire.util.ReflectionUtils.invokeMethodWithArray2(ReflectionUtils.java:208)
	at org.apache.maven.surefire.booter.ProviderFactory$ProviderProxy.invoke(ProviderFactory.java:159)
	at org.apache.maven.surefire.booter.ProviderFactory.invokeProvider(ProviderFactory.java:87)
	at org.apache.maven.surefire.booter.ForkedBooter.runSuitesInProcess(ForkedBooter.java:153)
	at org.apache.maven.surefire.booter.ForkedBooter.main(ForkedBooter.java:95)
]]></system-err>
  </testcase>
  <testcase name="TC51_Verify_Authoring_Setting_Options" classname="com.desktopWeb.scripts.setting.TC_51_Verify_Authoring_Setting_Options" time="100.832"/>
  <testcase name="TC69_Detail_Project_Sub_Page_Project" classname="com.desktopWeb.scripts.page.TC_69_Detail_Project_Sub_Page_Project" time="421.552"/>
  <testcase name="TC184_Verify_Dashboard_Create_Community_User_En" classname="com.desktopWeb.scripts.roles_permission.TC_184_Verify_Dashboard_Create_Community_User_En" time="234.671">
    <failure message="Step TC184_Verify_Dashboard_Create_Community_User_En Failed with description Failed expected [true] but found [false]" type="java.lang.AssertionError">java.lang.AssertionError: Step TC184_Verify_Dashboard_Create_Community_User_En Failed with description Failed expected [true] but found [false]
	at org.testng.Assert.fail(Assert.java:94)
	at org.testng.Assert.failNotEquals(Assert.java:494)
	at org.testng.Assert.assertTrue(Assert.java:42)
	at com.ctaf.support.HtmlReportSupport.onFailure(HtmlReportSupport.java:778)
	at com.ctaf.utilities.Reporter.failureReport(Reporter.java:91)
	at com.desktopWeb.scripts.roles_permission.TC_184_Verify_Dashboard_Create_Community_User_En.TC184_Verify_Dashboard_Create_Community_User_En(TC_184_Verify_Dashboard_Create_Community_User_En.java:28)
</failure>
    <system-out>TC69_Detail_Project_Sub_Page_Project-10_Feb_2017 06 45 23 493;Time :460
 INFO [main] (TestEngine.java:507) - Current Test : TC184_Verify_Dashboard_Create_Community_User_En
 INFO [main] (HelperClass.java:182) - in login
 INFO [main] (ActionEngine.java:107) - Successfully click on Menu
 INFO [main] (ActionEngine.java:107) - Successfully click on Click on Menu/Login
 INFO [main] (ActionEngine.java:395) - Type  autoenmanager@harvestdp.com in Email address
 INFO [main] (ActionEngine.java:395) - Type  Automation2017 in Password
 INFO [main] (ActionEngine.java:107) - Successfully click on Login button
 INFO [main] (ActionEngine.java:107) - Successfully click on Dashboard
 INFO [main] (ActionEngine.java:1739) -  Able to get TscreenShot
 Able to get TscreenShot
</system-out>
  </testcase>
  <testcase name="TC100_Verify_Dashboard_Moderation_Recently_ApprovetoReject" classname="com.desktopWeb.scripts.dashboard.TC_100_Verify_Dashboard_Moderation_Recently_ApprovetoReject" time="141.779"/>
  <testcase name="TC114_WCCP_451_Verify_View_Edit_Draft_Page" classname="com.desktopWeb.scripts.sprint1.TC_114_WCCP_451_Verify_View_Edit_Draft_Page" time="175.567"/>
  <testcase name="TC170_Detail_Project_Dashboard_Project_En" classname="com.desktopWeb.scripts.sprint2.TC_170_Detail_Project_Dashboard_Project_En" time="128.173"/>
  <testcase name="TC02_CommonChecks_HomePage_HambergerMenu_Login_Signout_CommunityUser" classname="com.desktopWeb.scripts.common.TC_02_CommonChecks_HomePage_HamburgerMenu_Login_Signout_CommunityUser" time="42.128">
    <failure message="Step Click Failed with description Unable to click on Menu expected [true] but found [false]" type="java.lang.AssertionError">java.lang.AssertionError: Step Click Failed with description Unable to click on Menu expected [true] but found [false]
	at org.testng.Assert.fail(Assert.java:94)
	at org.testng.Assert.failNotEquals(Assert.java:494)
	at org.testng.Assert.assertTrue(Assert.java:42)
	at com.ctaf.support.HtmlReportSupport.onFailure(HtmlReportSupport.java:778)
	at com.ctaf.utilities.Reporter.failureReport(Reporter.java:91)
	at com.ctaf.accelerators.ActionEngine.click(ActionEngine.java:100)
	at com.desktopWeb.scripts.common.TC_02_CommonChecks_HomePage_HamburgerMenu_Login_Signout_CommunityUser.TC02_CommonChecks_HomePage_HambergerMenu_Login_Signout_CommunityUser(TC_02_CommonChecks_HomePage_HamburgerMenu_Login_Signout_CommunityUser.java:25)
</failure>
    <system-out>TC170_Detail_Project_Dashboard_Project_En-10_Feb_2017 07 04 27 401;Time :171
 INFO [main] (TestEngine.java:507) - Current Test : TC02_CommonChecks_HomePage_HambergerMenu_Login_Signout_CommunityUser
 INFO [main] (HelperClass.java:182) - in login
 INFO [main] (ActionEngine.java:107) - Successfully click on Menu
 INFO [main] (ActionEngine.java:107) - Successfully click on Click on Menu/Login
 INFO [main] (ActionEngine.java:395) - Type  autosu2017@gmail.com in Email address
 INFO [main] (ActionEngine.java:395) - Type  Automation2017 in Password
 INFO [main] (ActionEngine.java:107) - Successfully click on Login button
 INFO [main] (ActionEngine.java:1739) -  Able to get TscreenShot
 Able to get TscreenShot
</system-out>
    <system-err><![CDATA[org.openqa.selenium.WebDriverException: Element is not clickable at point (50, 35). Other element would receive the click: <img id="ccm-logo" src="/application/images/logo.png" alt="The Hive" title="The Hive" height="45" width="45">
Command duration or timeout: 152 milliseconds
Build info: version: '2.53.1', revision: 'a36b8b1cd5757287168e54b817830adce9b0158d', time: '2016-06-30 19:26:09'
System info: host: 'HW1315', ip: '10.62.66.55', os.name: 'Windows 7', os.arch: 'amd64', os.version: '6.1', java.version: '1.8.0_111'
Driver info: org.openqa.selenium.firefox.FirefoxDriver
Capabilities [{applicationCacheEnabled=true, rotatable=false, handlesAlerts=true, databaseEnabled=true, version=46.0, platform=WINDOWS, nativeEvents=false, acceptSslCerts=true, webStorageEnabled=true, locationContextEnabled=true, browserName=firefox, takesScreenshot=true, javascriptEnabled=true, cssSelectorsEnabled=true}]
Session ID: 7ca5c666-c1cc-42e4-9863-aa60ebe0c0e5
	at sun.reflect.NativeConstructorAccessorImpl.newInstance0(Native Method)
	at sun.reflect.NativeConstructorAccessorImpl.newInstance(Unknown Source)
	at sun.reflect.DelegatingConstructorAccessorImpl.newInstance(Unknown Source)
	at java.lang.reflect.Constructor.newInstance(Unknown Source)
	at org.openqa.selenium.remote.ErrorHandler.createThrowable(ErrorHandler.java:206)
	at org.openqa.selenium.remote.ErrorHandler.throwIfResponseFailed(ErrorHandler.java:158)
	at org.openqa.selenium.remote.RemoteWebDriver.execute(RemoteWebDriver.java:678)
	at org.openqa.selenium.remote.RemoteWebElement.execute(RemoteWebElement.java:327)
	at org.openqa.selenium.remote.RemoteWebElement.click(RemoteWebElement.java:85)
	at com.ctaf.accelerators.ActionEngine.click(ActionEngine.java:94)
	at com.desktopWeb.scripts.common.TC_02_CommonChecks_HomePage_HamburgerMenu_Login_Signout_CommunityUser.TC02_CommonChecks_HomePage_HambergerMenu_Login_Signout_CommunityUser(TC_02_CommonChecks_HomePage_HamburgerMenu_Login_Signout_CommunityUser.java:25)
	at sun.reflect.NativeMethodAccessorImpl.invoke0(Native Method)
	at sun.reflect.NativeMethodAccessorImpl.invoke(Unknown Source)
	at sun.reflect.DelegatingMethodAccessorImpl.invoke(Unknown Source)
	at java.lang.reflect.Method.invoke(Unknown Source)
	at org.testng.internal.MethodInvocationHelper.invokeMethod(MethodInvocationHelper.java:80)
	at org.testng.internal.Invoker.invokeMethod(Invoker.java:714)
	at org.testng.internal.Invoker.invokeTestMethod(Invoker.java:901)
	at org.testng.internal.Invoker.invokeTestMethods(Invoker.java:1231)
	at org.testng.internal.TestMethodWorker.invokeTestMethods(TestMethodWorker.java:127)
	at org.testng.internal.TestMethodWorker.run(TestMethodWorker.java:111)
	at org.testng.TestRunner.privateRun(TestRunner.java:767)
	at org.testng.TestRunner.run(TestRunner.java:617)
	at org.testng.SuiteRunner.runTest(SuiteRunner.java:334)
	at org.testng.SuiteRunner.runSequentially(SuiteRunner.java:329)
	at org.testng.SuiteRunner.privateRun(SuiteRunner.java:291)
	at org.testng.SuiteRunner.run(SuiteRunner.java:240)
	at org.testng.SuiteRunnerWorker.runSuite(SuiteRunnerWorker.java:52)
	at org.testng.SuiteRunnerWorker.run(SuiteRunnerWorker.java:86)
	at org.testng.TestNG.runSuitesSequentially(TestNG.java:1198)
	at org.testng.TestNG.runSuitesLocally(TestNG.java:1123)
	at org.testng.TestNG.run(TestNG.java:1031)
	at org.apache.maven.surefire.testng.TestNGExecutor.run(TestNGExecutor.java:178)
	at org.apache.maven.surefire.testng.TestNGXmlTestSuite.execute(TestNGXmlTestSuite.java:92)
	at org.apache.maven.surefire.testng.TestNGProvider.invoke(TestNGProvider.java:96)
	at sun.reflect.NativeMethodAccessorImpl.invoke0(Native Method)
	at sun.reflect.NativeMethodAccessorImpl.invoke(Unknown Source)
	at sun.reflect.DelegatingMethodAccessorImpl.invoke(Unknown Source)
	at java.lang.reflect.Method.invoke(Unknown Source)
	at org.apache.maven.surefire.util.ReflectionUtils.invokeMethodWithArray2(ReflectionUtils.java:208)
	at org.apache.maven.surefire.booter.ProviderFactory$ProviderProxy.invoke(ProviderFactory.java:159)
	at org.apache.maven.surefire.booter.ProviderFactory.invokeProvider(ProviderFactory.java:87)
	at org.apache.maven.surefire.booter.ForkedBooter.runSuitesInProcess(ForkedBooter.java:153)
	at org.apache.maven.surefire.booter.ForkedBooter.main(ForkedBooter.java:95)
]]></system-err>
  </testcase>
  <testcase name="TC20_Add_HTML" classname="com.desktopWeb.scripts.tools.TC_20_Add_HTML" time="230.788">
    <failure message="Step Select  Failed with description Public is Not Select from the DropDown Project Department expected [true] but found [false]" type="java.lang.AssertionError">java.lang.AssertionError: Step Select  Failed with description Public is Not Select from the DropDown Project Department expected [true] but found [false]
	at org.testng.Assert.fail(Assert.java:94)
	at org.testng.Assert.failNotEquals(Assert.java:494)
	at org.testng.Assert.assertTrue(Assert.java:42)
	at com.ctaf.support.HtmlReportSupport.onFailure(HtmlReportSupport.java:778)
	at com.ctaf.utilities.Reporter.failureReport(Reporter.java:91)
	at com.ctaf.accelerators.ActionEngine.selectByVisibleText(ActionEngine.java:907)
	at com.desktopWeb.workflows.HelperClass.createProject(HelperClass.java:2059)
	at com.desktopWeb.scripts.tools.TC_20_Add_HTML.TC20_Add_HTML(TC_20_Add_HTML.java:26)
</failure>
    <system-out><![CDATA[TC02_CommonChecks_HomePage_HambergerMenu_Login_Signout_CommunityUser-10_Feb_2017 07 07 20 541;Time :70
 INFO [main] (TestEngine.java:507) - Current Test : TC20_Add_HTML
 INFO [main] (HelperClass.java:182) - in login
 INFO [main] (ActionEngine.java:107) - Successfully click on Menu
 INFO [main] (ActionEngine.java:107) - Successfully click on Click on Menu/Login
 INFO [main] (ActionEngine.java:395) - Type  autosm2017@gmail.com in Email address
 INFO [main] (ActionEngine.java:395) - Type  Automation2017 in Password
 INFO [main] (ActionEngine.java:107) - Successfully click on Login button
 INFO [main] (ActionEngine.java:107) - Successfully click on Dashboard
 INFO [main] (ActionEngine.java:107) - Successfully click on Dashboard/Project
 INFO [main] (ActionEngine.java:107) - Successfully click on Launch New Project
 INFO [main] (HelperClass.java:609) - in getRandomString
 INFO [main] (ActionEngine.java:395) - Type  New Automation Project - SVkE in Project Name
 INFO [main] (ActionEngine.java:395) - Type  Department of Education & Training in Project Description
 INFO [main] (ActionEngine.java:107) - Successfully click on Next Button
 INFO [main] (HelperClass.java:460) - in scrollandClick
 INFO [main] (ActionEngine.java:894) - Select Public from Project Department
 INFO [main] (ActionEngine.java:1739) -  Able to get TscreenShot
 Able to get TscreenShot
]]></system-out>
  </testcase>
  <testcase name="TC53_Design_Update_Template" classname="com.desktopWeb.scripts.addUpdate.TC_53_Design_Update_Template" time="293.845"/>
  <testcase name="TC57_Detail_Setting_Project_Desc" classname="com.desktopWeb.scripts.setting.TC_57_Detail_Setting_Project_Desc" time="108.657"/>
  <testcase name="TC70_Design_Project_Sub_Page_Template" classname="com.desktopWeb.scripts.page.TC_70_Design_Project_Sub_Page_Template" time="285.403">
    <failure message="Step TC70_Design_Project_Sub_Page_Template Failed with description Failed expected [true] but found [false]" type="java.lang.AssertionError">java.lang.AssertionError: Step TC70_Design_Project_Sub_Page_Template Failed with description Failed expected [true] but found [false]
	at org.testng.Assert.fail(Assert.java:94)
	at org.testng.Assert.failNotEquals(Assert.java:494)
	at org.testng.Assert.assertTrue(Assert.java:42)
	at com.ctaf.support.HtmlReportSupport.onFailure(HtmlReportSupport.java:778)
	at com.ctaf.utilities.Reporter.failureReport(Reporter.java:91)
	at com.desktopWeb.scripts.page.TC_70_Design_Project_Sub_Page_Template.TC70_Design_Project_Sub_Page_Template(TC_70_Design_Project_Sub_Page_Template.java:30)
</failure>
    <system-out>TC57_Detail_Setting_Project_Desc-10_Feb_2017 07 18 18 306;Time :141
 INFO [main] (TestEngine.java:507) - Current Test : TC70_Design_Project_Sub_Page_Template
 INFO [main] (HelperClass.java:182) - in login
 INFO [main] (ActionEngine.java:107) - Successfully click on Menu
 INFO [main] (ActionEngine.java:107) - Successfully click on Click on Menu/Login
 INFO [main] (ActionEngine.java:395) - Type  autosm2017@gmail.com in Email address
 INFO [main] (ActionEngine.java:395) - Type  Automation2017 in Password
 INFO [main] (ActionEngine.java:107) - Successfully click on Login button
 INFO [main] (HelperClass.java:733) - in navigateToProjectSubPage
 INFO [main] (ActionEngine.java:107) - Successfully click on Page
 INFO [main] (ActionEngine.java:107) - Successfully click on Project Sub Page
 INFO [main] (ActionEngine.java:1739) -  Able to get TscreenShot
 Able to get TscreenShot
</system-out>
  </testcase>
  <testcase name="TC185_Verify_Dashboard_Create_Community_User_Cm" classname="com.desktopWeb.scripts.roles_permission.TC_185_Verify_Dashboard_Create_Community_User_Cm" time="227.283">
    <failure message="Step TC185_Verify_Dashboard_Create_Community_User_Cm Failed with description Failed expected [true] but found [false]" type="java.lang.AssertionError">java.lang.AssertionError: Step TC185_Verify_Dashboard_Create_Community_User_Cm Failed with description Failed expected [true] but found [false]
	at org.testng.Assert.fail(Assert.java:94)
	at org.testng.Assert.failNotEquals(Assert.java:494)
	at org.testng.Assert.assertTrue(Assert.java:42)
	at com.ctaf.support.HtmlReportSupport.onFailure(HtmlReportSupport.java:778)
	at com.ctaf.utilities.Reporter.failureReport(Reporter.java:91)
	at com.desktopWeb.scripts.roles_permission.TC_185_Verify_Dashboard_Create_Community_User_Cm.TC185_Verify_Dashboard_Create_Community_User_Cm(TC_185_Verify_Dashboard_Create_Community_User_Cm.java:28)
</failure>
    <system-out>TC70_Design_Project_Sub_Page_Template-10_Feb_2017 07 20 41 320;Time :319
 INFO [main] (TestEngine.java:507) - Current Test : TC185_Verify_Dashboard_Create_Community_User_Cm
 INFO [main] (HelperClass.java:182) - in login
 INFO [main] (ActionEngine.java:107) - Successfully click on Menu
 INFO [main] (ActionEngine.java:107) - Successfully click on Click on Menu/Login
 INFO [main] (ActionEngine.java:395) - Type  autoconmanager@harvestdp.com in Email address
 INFO [main] (ActionEngine.java:395) - Type  Automation2017 in Password
 INFO [main] (ActionEngine.java:107) - Successfully click on Login button
 INFO [main] (ActionEngine.java:107) - Successfully click on Dashboard
 INFO [main] (ActionEngine.java:1739) -  Able to get TscreenShot
 Able to get TscreenShot
</system-out>
  </testcase>
  <testcase name="TC101_Verify_Dashboard_Moderation_Recently_ApprovetoApprove" classname="com.desktopWeb.scripts.dashboard.TC_101_Verify_Dashboard_Moderation_Recently_ApprovetoApprove" time="173.134">
    <failure message="Step AssertText  Failed with description Automation TestingypjvZc is not present in the element  expected [true] but found [false]" type="java.lang.AssertionError">java.lang.AssertionError: Step AssertText  Failed with description Automation TestingypjvZc is not present in the element  expected [true] but found [false]
	at org.testng.Assert.fail(Assert.java:94)
	at org.testng.Assert.failNotEquals(Assert.java:494)
	at org.testng.Assert.assertTrue(Assert.java:42)
	at com.ctaf.support.HtmlReportSupport.onFailure(HtmlReportSupport.java:778)
	at com.ctaf.utilities.Reporter.failureReport(Reporter.java:91)
	at com.ctaf.accelerators.ActionEngine.assertText(ActionEngine.java:1392)
	at com.desktopWeb.workflows.HelperClass.getCommentID(HelperClass.java:2215)
	at com.desktopWeb.scripts.dashboard.TC_101_Verify_Dashboard_Moderation_Recently_ApprovetoApprove.TC101_Verify_Dashboard_Moderation_Recently_ApprovetoApprove(TC_101_Verify_Dashboard_Moderation_Recently_ApprovetoApprove.java:26)
</failure>
    <system-out>TC185_Verify_Dashboard_Create_Community_User_Cm-10_Feb_2017 07 26 02 271;Time :258
 INFO [main] (TestEngine.java:507) - Current Test : TC101_Verify_Dashboard_Moderation_Recently_ApprovetoApprove
 INFO [main] (HelperClass.java:609) - in getRandomString
 INFO [main] (HelperClass.java:182) - in login
 INFO [main] (ActionEngine.java:107) - Successfully click on Menu
 INFO [main] (ActionEngine.java:107) - Successfully click on Click on Menu/Login
 INFO [main] (ActionEngine.java:395) - Type  autosm2017@gmail.com in Email address
 INFO [main] (ActionEngine.java:395) - Type  Automation2017 in Password
 INFO [main] (ActionEngine.java:107) - Successfully click on Login button
 INFO [main] (HelperClass.java:407) - in navigateConsultation
 INFO [main] (ActionEngine.java:107) - Successfully click on Selected Project
 INFO [main] (ActionEngine.java:1362) - Element By.xpath: //li[contains(text(),'Smart Planning internal consultation')] is present
 INFO [main] (ActionEngine.java:395) - Type  Automation TestingypjvZc in Project Comment
 INFO [main] (HelperClass.java:509) - in clickTo
 INFO [main] (HelperClass.java:514) - Successfully Click on By.xpath: //button[@class='btn pull-right submit']
 INFO [main] (ActionEngine.java:107) - Successfully click on Dashboard
 INFO [main] (ActionEngine.java:107) - Successfully click on Moderation
 INFO [main] (ActionEngine.java:1739) -  Able to get TscreenShot
 Able to get TscreenShot
 INFO [main] (ActionEngine.java:1739) -  Able to get TscreenShot
 Able to get TscreenShot
 INFO [main] (ActionEngine.java:1739) -  Able to get TscreenShot
 Able to get TscreenShot
</system-out>
  </testcase>
  <testcase name="TC115_WCCP_450_Verify_View_Project_CM" classname="com.desktopWeb.scripts.sprint1.TC_115_WCCP_450_Verify_View_Project_CM" time="142.093"/>
  <testcase name="TC171_Detail_Project_Dashboard_Project_Cm" classname="com.desktopWeb.scripts.sprint2.TC_171_Detail_Project_Dashboard_Project_Cm" time="110.496"/>
  <testcase name="TC03_CommonChecks_HomePage_HambergerMenu_Login_Signout_GuestUser" classname="com.desktopWeb.scripts.common.TC_03_CommonChecks_HomePage_HamburgerMenu_Login_Signout_GuestUser" time="189.352"/>
  <testcase name="TC21_Add_Block_Quote" classname="com.desktopWeb.scripts.tools.TC_21_Add_Block_Quote" time="561.611"/>
  <testcase name="TC54_SEO_Update_Name" classname="com.desktopWeb.scripts.addUpdate.TC_54_SEO_Update_Name" time="385.866">
    <failure message="Step TC54_SEO_Update_Name Failed with description Failed expected [true] but found [false]" type="java.lang.AssertionError">java.lang.AssertionError: Step TC54_SEO_Update_Name Failed with description Failed expected [true] but found [false]
	at org.testng.Assert.fail(Assert.java:94)
	at org.testng.Assert.failNotEquals(Assert.java:494)
	at org.testng.Assert.assertTrue(Assert.java:42)
	at com.ctaf.support.HtmlReportSupport.onFailure(HtmlReportSupport.java:778)
	at com.ctaf.utilities.Reporter.failureReport(Reporter.java:91)
	at com.desktopWeb.scripts.addUpdate.TC_54_SEO_Update_Name.TC54_SEO_Update_Name(TC_54_SEO_Update_Name.java:31)
</failure>
    <system-out>TC21_Add_Block_Quote-10_Feb_2017 07 43 34 276;Time :593
 INFO [main] (TestEngine.java:507) - Current Test : TC54_SEO_Update_Name
 INFO [main] (HelperClass.java:182) - in login
 INFO [main] (ActionEngine.java:107) - Successfully click on Menu
 INFO [main] (ActionEngine.java:107) - Successfully click on Click on Menu/Login
 INFO [main] (ActionEngine.java:395) - Type  autosm2017@gmail.com in Email address
 INFO [main] (ActionEngine.java:395) - Type  Automation2017 in Password
 INFO [main] (ActionEngine.java:107) - Successfully click on Login button
 INFO [main] (HelperClass.java:407) - in navigateConsultation
 INFO [main] (ActionEngine.java:107) - Successfully click on Selected Project
 INFO [main] (ActionEngine.java:1362) - Element By.xpath: //li[contains(text(),'New Project for Test Execution')] is present
 INFO [main] (HelperClass.java:727) - in navigateToUpdate
 INFO [main] (ActionEngine.java:107) - Successfully click on Update
 INFO [main] (ActionEngine.java:107) - Successfully click on SEO
 INFO [main] (HelperClass.java:609) - in getRandomString
 INFO [main] (ActionEngine.java:395) - Type  Value 1JNUp in SEO Name
 INFO [main] (ActionEngine.java:107) - Successfully click on Detail
 INFO [main] (ActionEngine.java:395) - Type  Testing SEO in Project Name
 INFO [main] (ActionEngine.java:107) - Successfully click on Submit
 INFO [main] (ActionEngine.java:107) - Successfully click on Save Page
 INFO [main] (HelperClass.java:2360) - in workflow
 INFO [main] (HelperClass.java:2384) - in sumbitWorkflow
 INFO [main] (ActionEngine.java:395) - Type  Testing SEO in Version Comment
 INFO [main] (ActionEngine.java:1739) -  Able to get TscreenShot
 Able to get TscreenShot
</system-out>
  </testcase>
  <testcase name="TC58_SEO_Setting_Name" classname="com.desktopWeb.scripts.setting.TC_58_SEO_Setting_Name" time="290.057">
    <failure message="Step TC58_SEO_Setting_Name Failed with description Failed expected [true] but found [false]" type="java.lang.AssertionError">java.lang.AssertionError: Step TC58_SEO_Setting_Name Failed with description Failed expected [true] but found [false]
	at org.testng.Assert.fail(Assert.java:94)
	at org.testng.Assert.failNotEquals(Assert.java:494)
	at org.testng.Assert.assertTrue(Assert.java:42)
	at com.ctaf.support.HtmlReportSupport.onFailure(HtmlReportSupport.java:778)
	at com.ctaf.utilities.Reporter.failureReport(Reporter.java:91)
	at com.desktopWeb.scripts.setting.TC_58_SEO_Setting_Name.TC58_SEO_Setting_Name(TC_58_SEO_Setting_Name.java:30)
</failure>
    <system-out>TC54_SEO_Update_Name-10_Feb_2017 07 53 29 431;Time :414
 INFO [main] (TestEngine.java:507) - Current Test : TC58_SEO_Setting_Name
 INFO [main] (HelperClass.java:182) - in login
 INFO [main] (ActionEngine.java:107) - Successfully click on Menu
 INFO [main] (ActionEngine.java:107) - Successfully click on Click on Menu/Login
 INFO [main] (ActionEngine.java:395) - Type  autosm2017@gmail.com in Email address
 INFO [main] (ActionEngine.java:395) - Type  Automation2017 in Password
 INFO [main] (ActionEngine.java:107) - Successfully click on Login button
 INFO [main] (HelperClass.java:407) - in navigateConsultation
 INFO [main] (ActionEngine.java:107) - Successfully click on Selected Project
 INFO [main] (ActionEngine.java:1362) - Element By.xpath: //li[contains(text(),'New Project for Test Execution')] is present
 INFO [main] (HelperClass.java:713) - in navigateToSetting
 INFO [main] (ActionEngine.java:107) - Successfully click on Settings
 INFO [main] (ActionEngine.java:107) - Successfully click on SEO
 INFO [main] (HelperClass.java:609) - in getRandomString
 INFO [main] (ActionEngine.java:1739) -  Able to get TscreenShot
 Able to get TscreenShot
</system-out>
  </testcase>
  <testcase name="TC71_SEO_Project_Sub_Page_Name" classname="com.desktopWeb.scripts.page.TC_71_SEO_Project_Sub_Page_Name" time="383.314"/>
  <testcase name="TC186_Verify_Dashboard_Create_Community_User_Pa" classname="com.desktopWeb.scripts.roles_permission.TC_186_Verify_Dashboard_Create_Community_User_Pa" time="249.696">
    <failure message="Step TC186_Verify_Dashboard_Create_Community_User_Pa Failed with description Failed expected [true] but found [false]" type="java.lang.AssertionError">java.lang.AssertionError: Step TC186_Verify_Dashboard_Create_Community_User_Pa Failed with description Failed expected [true] but found [false]
	at org.testng.Assert.fail(Assert.java:94)
	at org.testng.Assert.failNotEquals(Assert.java:494)
	at org.testng.Assert.assertTrue(Assert.java:42)
	at com.ctaf.support.HtmlReportSupport.onFailure(HtmlReportSupport.java:778)
	at com.ctaf.utilities.Reporter.failureReport(Reporter.java:91)
	at com.desktopWeb.scripts.roles_permission.TC_186_Verify_Dashboard_Create_Community_User_Pa.TC186_Verify_Dashboard_Create_Community_User_Pa(TC_186_Verify_Dashboard_Create_Community_User_Pa.java:28)
</failure>
    <system-out>TC71_SEO_Project_Sub_Page_Name-10_Feb_2017 08 05 49 995;Time :411
 INFO [main] (TestEngine.java:507) - Current Test : TC186_Verify_Dashboard_Create_Community_User_Pa
 INFO [main] (HelperClass.java:182) - in login
 INFO [main] (ActionEngine.java:107) - Successfully click on Menu
 INFO [main] (ActionEngine.java:107) - Successfully click on Click on Menu/Login
 INFO [main] (ActionEngine.java:395) - Type  autoprauthor@harvestdp.com in Email address
 INFO [main] (ActionEngine.java:395) - Type  Automation2017 in Password
 INFO [main] (ActionEngine.java:107) - Successfully click on Login button
 INFO [main] (ActionEngine.java:107) - Successfully click on Dashboard
 INFO [main] (ActionEngine.java:1739) -  Able to get TscreenShot
 Able to get TscreenShot
</system-out>
  </testcase>
  <testcase name="TC102_Verify_Dashboard_Moderation_Recently_RejecttoApprove" classname="com.desktopWeb.scripts.dashboard.TC_102_Verify_Dashboard_Moderation_Recently_RejecttoApprove" time="141.133"/>
  <testcase name="TC116_WCCP_446_Verify_PM_Dept_Agency_Permission_To_En_Manager" classname="com.desktopWeb.scripts.sprint1.TC_116_WCCP_446_Verify_PM_Dept_Agency_Permission_To_En_Manager" time="143.481"/>
  <testcase name="TC172_Detail_Project_Dashboard_Project_Pa" classname="com.desktopWeb.scripts.sprint2.TC_172_Detail_Project_Dashboard_Project_Pa" time="110.219"/>
  <testcase name="TC04_ForgotPwdChangePwd_SiteAdmin" classname="com.desktopWeb.scripts.common.TC_04_ForgotPwdChangePwd_SiteAdmin" time="137.287"/>
  <testcase name="TC22_Add_Heading" classname="com.desktopWeb.scripts.tools.TC_22_Add_Heading" time="491.278">
    <failure message="Step TC22_Add_Heading Failed with description Failed expected [true] but found [false]" type="java.lang.AssertionError">java.lang.AssertionError: Step TC22_Add_Heading Failed with description Failed expected [true] but found [false]
	at org.testng.Assert.fail(Assert.java:94)
	at org.testng.Assert.failNotEquals(Assert.java:494)
	at org.testng.Assert.assertTrue(Assert.java:42)
	at com.ctaf.support.HtmlReportSupport.onFailure(HtmlReportSupport.java:778)
	at com.ctaf.utilities.Reporter.failureReport(Reporter.java:91)
	at com.desktopWeb.scripts.tools.TC_22_Add_Heading.TC22_Add_Heading(TC_22_Add_Heading.java:30)
</failure>
    <system-out><![CDATA[TC04_ForgotPwdChangePwd_SiteAdmin-10_Feb_2017 08 25 36 925;Time :169
 INFO [main] (TestEngine.java:507) - Current Test : TC22_Add_Heading
 INFO [main] (HelperClass.java:182) - in login
 INFO [main] (ActionEngine.java:107) - Successfully click on Menu
 INFO [main] (ActionEngine.java:107) - Successfully click on Click on Menu/Login
 INFO [main] (ActionEngine.java:395) - Type  autosm2017@gmail.com in Email address
 INFO [main] (ActionEngine.java:395) - Type  Automation2017 in Password
 INFO [main] (ActionEngine.java:107) - Successfully click on Login button
 INFO [main] (ActionEngine.java:107) - Successfully click on Dashboard
 INFO [main] (ActionEngine.java:107) - Successfully click on Dashboard/Project
 INFO [main] (ActionEngine.java:107) - Successfully click on Launch New Project
 INFO [main] (HelperClass.java:609) - in getRandomString
 INFO [main] (ActionEngine.java:395) - Type  Automation Project - oIiF in Project Name
 INFO [main] (ActionEngine.java:395) - Type  New Automation Project in Project Description
 INFO [main] (ActionEngine.java:107) - Successfully click on Next Button
 INFO [main] (HelperClass.java:460) - in scrollandClick
 INFO [main] (ActionEngine.java:894) - Select Department of Education & Training from Project Department
 INFO [main] (ActionEngine.java:894) - Select Public from Project Type
 INFO [main] (ActionEngine.java:894) - Select Active from Project Status
 INFO [main] (HelperClass.java:509) - in clickTo
 INFO [main] (HelperClass.java:514) - Successfully Click on By.xpath: //div[@class='ccm-file-selector-choose-new']
 INFO [main] (ActionEngine.java:107) - Successfully click on Select project image
 INFO [main] (HelperClass.java:509) - in clickTo
 INFO [main] (HelperClass.java:514) - Successfully Click on By.xpath: //div[6]/div/fieldset/div[1]/ul/li[1]/span/span[2]
 INFO [main] (HelperClass.java:509) - in clickTo
 INFO [main] (HelperClass.java:514) - Successfully Click on By.xpath: //div[7]/div/fieldset/div[1]/ul/li[1]/span/span[2]
 INFO [main] (HelperClass.java:509) - in clickTo
 INFO [main] (HelperClass.java:514) - Successfully Click on By.xpath: //label/input[@value='1']
 INFO [main] (HelperClass.java:509) - in clickTo
 INFO [main] (HelperClass.java:514) - Successfully Click on By.xpath: //div[contains(@data-file-selector, 'ccm-file-akID-35')]/div[@class='ccm-file-selector-choose-new']
 INFO [main] (ActionEngine.java:1739) -  Able to get TscreenShot
 Able to get TscreenShot
]]></system-out>
  </testcase>
  <testcase name="TC55_Location_Update_Location" classname="com.desktopWeb.scripts.addUpdate.TC_55_Location_Update_Location" time="305.922">
    <failure message="Step TC55_Location_Update_Location Failed with description Failed expected [true] but found [false]" type="java.lang.AssertionError">java.lang.AssertionError: Step TC55_Location_Update_Location Failed with description Failed expected [true] but found [false]
	at org.testng.Assert.fail(Assert.java:94)
	at org.testng.Assert.failNotEquals(Assert.java:494)
	at org.testng.Assert.assertTrue(Assert.java:42)
	at com.ctaf.support.HtmlReportSupport.onFailure(HtmlReportSupport.java:778)
	at com.ctaf.utilities.Reporter.failureReport(Reporter.java:91)
	at com.desktopWeb.scripts.addUpdate.TC_55_Location_Update_Location.TC55_Location_Update_Location(TC_55_Location_Update_Location.java:33)
</failure>
    <system-out>TC22_Add_Heading-10_Feb_2017 08 28 28 024;Time :519
 INFO [main] (TestEngine.java:507) - Current Test : TC55_Location_Update_Location
 INFO [main] (HelperClass.java:182) - in login
 INFO [main] (ActionEngine.java:107) - Successfully click on Menu
 INFO [main] (ActionEngine.java:107) - Successfully click on Click on Menu/Login
 INFO [main] (ActionEngine.java:395) - Type  autosm2017@gmail.com in Email address
 INFO [main] (ActionEngine.java:395) - Type  Automation2017 in Password
 INFO [main] (ActionEngine.java:107) - Successfully click on Login button
 INFO [main] (HelperClass.java:407) - in navigateConsultation
 INFO [main] (ActionEngine.java:107) - Successfully click on Selected Project
 INFO [main] (ActionEngine.java:1362) - Element By.xpath: //li[contains(text(),'New Project for Test Execution')] is present
 INFO [main] (HelperClass.java:727) - in navigateToUpdate
 INFO [main] (ActionEngine.java:107) - Successfully click on Update
 INFO [main] (ActionEngine.java:107) - Successfully click on Location
 INFO [main] (ActionEngine.java:107) - Successfully click on Location
 INFO [main] (ActionEngine.java:1739) -  Able to get TscreenShot
 Able to get TscreenShot
</system-out>
  </testcase>
  <testcase name="TC59_Design_Setting_Template" classname="com.desktopWeb.scripts.setting.TC_59_Design_Setting_Template" time="294.491">
    <failure message="Step TC_59_Design_Setting_Template Failed with description Failed expected [true] but found [false]" type="java.lang.AssertionError">java.lang.AssertionError: Step TC_59_Design_Setting_Template Failed with description Failed expected [true] but found [false]
	at org.testng.Assert.fail(Assert.java:94)
	at org.testng.Assert.failNotEquals(Assert.java:494)
	at org.testng.Assert.assertTrue(Assert.java:42)
	at com.ctaf.support.HtmlReportSupport.onFailure(HtmlReportSupport.java:778)
	at com.ctaf.utilities.Reporter.failureReport(Reporter.java:91)
	at com.desktopWeb.scripts.setting.TC_59_Design_Setting_Template.TC59_Design_Setting_Template(TC_59_Design_Setting_Template.java:30)
</failure>
    <system-out>TC55_Location_Update_Location-10_Feb_2017 08 37 08 474;Time :335
 INFO [main] (TestEngine.java:507) - Current Test : TC59_Design_Setting_Template
 INFO [main] (HelperClass.java:182) - in login
 INFO [main] (ActionEngine.java:107) - Successfully click on Menu
 INFO [main] (ActionEngine.java:107) - Successfully click on Click on Menu/Login
 INFO [main] (ActionEngine.java:395) - Type  autosm2017@gmail.com in Email address
 INFO [main] (ActionEngine.java:395) - Type  Automation2017 in Password
 INFO [main] (ActionEngine.java:107) - Successfully click on Login button
 INFO [main] (HelperClass.java:407) - in navigateConsultation
 INFO [main] (ActionEngine.java:107) - Successfully click on Selected Project
 INFO [main] (ActionEngine.java:1362) - Element By.xpath: //li[contains(text(),'New Project for Test Execution')] is present
 INFO [main] (HelperClass.java:713) - in navigateToSetting
 INFO [main] (ActionEngine.java:107) - Successfully click on Settings
 INFO [main] (ActionEngine.java:107) - Successfully click on Design
 INFO [main] (ActionEngine.java:1739) -  Able to get TscreenShot
 Able to get TscreenShot
</system-out>
  </testcase>
  <testcase name="TC72_Location_Page_Location" classname="com.desktopWeb.scripts.page.TC_72_Location_Project_Sub_Page_Location" time="410.161">
    <failure message="Step TC72_Location_Project_Sub_Page_Location Failed with description Failed expected [true] but found [false]" type="java.lang.AssertionError">java.lang.AssertionError: Step TC72_Location_Project_Sub_Page_Location Failed with description Failed expected [true] but found [false]
	at org.testng.Assert.fail(Assert.java:94)
	at org.testng.Assert.failNotEquals(Assert.java:494)
	at org.testng.Assert.assertTrue(Assert.java:42)
	at com.ctaf.support.HtmlReportSupport.onFailure(HtmlReportSupport.java:778)
	at com.ctaf.utilities.Reporter.failureReport(Reporter.java:91)
	at com.desktopWeb.scripts.page.TC_72_Location_Project_Sub_Page_Location.TC72_Location_Page_Location(TC_72_Location_Project_Sub_Page_Location.java:30)
</failure>
    <system-out>TC59_Design_Setting_Template-10_Feb_2017 08 42 45 604;Time :323
 INFO [main] (TestEngine.java:507) - Current Test : TC72_Location_Page_Location
 INFO [main] (HelperClass.java:182) - in login
 INFO [main] (ActionEngine.java:107) - Successfully click on Menu
 INFO [main] (ActionEngine.java:107) - Successfully click on Click on Menu/Login
 INFO [main] (ActionEngine.java:395) - Type  autosm2017@gmail.com in Email address
 INFO [main] (ActionEngine.java:395) - Type  Automation2017 in Password
 INFO [main] (ActionEngine.java:107) - Successfully click on Login button
 INFO [main] (HelperClass.java:733) - in navigateToProjectSubPage
 INFO [main] (ActionEngine.java:107) - Successfully click on Page
 INFO [main] (ActionEngine.java:107) - Successfully click on Project Sub Page
 INFO [main] (ActionEngine.java:107) - Successfully click on Location
 INFO [main] (ActionEngine.java:107) - Successfully click on Location
 INFO [main] (ActionEngine.java:1739) -  Able to get TscreenShot
 Able to get TscreenShot
</system-out>
  </testcase>
  <testcase name="TC187_Verify_Edit_Site_User_Account_Site_Admin" classname="com.desktopWeb.scripts.roles_permission.TC_187_Verify_Edit_Site_User_Account_Site_Admin" time="143.049"/>
  <testcase name="TC103_Verify_Dashboard_Moderation_Recently_RejecttoReject" classname="com.desktopWeb.scripts.dashboard.TC_103_Verify_Dashboard_Moderation_Recently_RejecttoReject" time="135.534"/>
  <testcase name="TC117_Detail_Project_Sub_Page_Project_En" classname="com.desktopWeb.scripts.sprint1.TC_117_Detail_Project_Sub_Page_Project_En" time="223.04"/>
  <testcase name="TC173_Detail_Project_Dashboard_Project_SiteAdmin" classname="com.desktopWeb.scripts.sprint2.TC_173_Detail_Project_Dashboard_Project_SiteAdmin" time="194.384"/>
  <testcase name="TC05_loginviaFooter_CommonCheck_FooterLinks_SearchSite_SiteAdmin" classname="com.desktopWeb.scripts.common.TC_05_loginviaFooter_CommonCheck_FooterLinks_SearchSite_SiteAdmin" time="946.964"/>
  <testcase name="TC23_Add_Divider" classname="com.desktopWeb.scripts.tools.TC_23_Add_Divider" time="569.293"/>
  <testcase name="TC56_Verify_Mobile_Preview" classname="com.desktopWeb.scripts.addUpdate.TC_56_Verify_Update_Mobile_Preview" time="148.704"/>
  <testcase name="TC60_Location_Setting_Location" classname="com.desktopWeb.scripts.setting.TC_60_Location_Setting_Location" time="289.965">
    <failure message="Step TC60_Location_Setting_Location Failed with description Failed expected [true] but found [false]" type="java.lang.AssertionError">java.lang.AssertionError: Step TC60_Location_Setting_Location Failed with description Failed expected [true] but found [false]
	at org.testng.Assert.fail(Assert.java:94)
	at org.testng.Assert.failNotEquals(Assert.java:494)
	at org.testng.Assert.assertTrue(Assert.java:42)
	at com.ctaf.support.HtmlReportSupport.onFailure(HtmlReportSupport.java:778)
	at com.ctaf.utilities.Reporter.failureReport(Reporter.java:91)
	at com.desktopWeb.scripts.setting.TC_60_Location_Setting_Location.TC60_Location_Setting_Location(TC_60_Location_Setting_Location.java:29)
</failure>
    <system-out>TC56_Verify_Mobile_Preview-10_Feb_2017 09 37 37 319;Time :179
 INFO [main] (TestEngine.java:507) - Current Test : TC60_Location_Setting_Location
 INFO [main] (HelperClass.java:182) - in login
 INFO [main] (ActionEngine.java:107) - Successfully click on Menu
 INFO [main] (ActionEngine.java:107) - Successfully click on Click on Menu/Login
 INFO [main] (ActionEngine.java:395) - Type  autosm2017@gmail.com in Email address
 INFO [main] (ActionEngine.java:395) - Type  Automation2017 in Password
 INFO [main] (ActionEngine.java:107) - Successfully click on Login button
 INFO [main] (HelperClass.java:407) - in navigateConsultation
 INFO [main] (ActionEngine.java:107) - Successfully click on Selected Project
 INFO [main] (ActionEngine.java:1362) - Element By.xpath: //li[contains(text(),'New Project for Test Execution')] is present
 INFO [main] (HelperClass.java:713) - in navigateToSetting
 INFO [main] (ActionEngine.java:107) - Successfully click on Settings
 INFO [main] (ActionEngine.java:107) - Successfully click on Location
 INFO [main] (ActionEngine.java:107) - Successfully click on Location
 INFO [main] (ActionEngine.java:1739) -  Able to get TscreenShot
 Able to get TscreenShot
</system-out>
  </testcase>
  <testcase name="TC73_Verify_Project_Sub_Page_Version_Approve" classname="com.desktopWeb.scripts.page.TC_73_Verify_Project_Sub_Page_Version_Approve" time="219.376"/>
  <testcase name="TC187_Verify_Edit_Site_User_Account_Site_Admin" classname="com.desktopWeb.scripts.roles_permission.TC_188_Verify_Edit_Community_User_Account_Site_Admin" time="139.169">
    <failure message="Step AssertText  Failed with description fxCBwRew is not present in the element  expected [true] but found [false]" type="java.lang.AssertionError">java.lang.AssertionError: Step AssertText  Failed with description fxCBwRew is not present in the element  expected [true] but found [false]
	at org.testng.Assert.fail(Assert.java:94)
	at org.testng.Assert.failNotEquals(Assert.java:494)
	at org.testng.Assert.assertTrue(Assert.java:42)
	at com.ctaf.support.HtmlReportSupport.onFailure(HtmlReportSupport.java:778)
	at com.ctaf.utilities.Reporter.failureReport(Reporter.java:91)
	at com.ctaf.accelerators.ActionEngine.assertText(ActionEngine.java:1392)
	at com.desktopWeb.workflows.HelperClass.editUserAccountUserName(HelperClass.java:2572)
	at com.desktopWeb.scripts.roles_permission.TC_188_Verify_Edit_Community_User_Account_Site_Admin.TC187_Verify_Edit_Site_User_Account_Site_Admin(TC_188_Verify_Edit_Community_User_Account_Site_Admin.java:24)
</failure>
    <system-out>TC73_Verify_Project_Sub_Page_Version_Approve-10_Feb_2017 09 45 58 907;Time :248
 INFO [main] (TestEngine.java:507) - Current Test : TC187_Verify_Edit_Site_User_Account_Site_Admin
 INFO [main] (HelperClass.java:182) - in login
 INFO [main] (ActionEngine.java:107) - Successfully click on Menu
 INFO [main] (ActionEngine.java:107) - Successfully click on Click on Menu/Login
 INFO [main] (ActionEngine.java:395) - Type  autosm2017@gmail.com in Email address
 INFO [main] (ActionEngine.java:395) - Type  Automation2017 in Password
 INFO [main] (ActionEngine.java:107) - Successfully click on Login button
 INFO [main] (HelperClass.java:609) - in getRandomString
 INFO [main] (ActionEngine.java:107) - Successfully click on Dashboard
 INFO [main] (ActionEngine.java:107) - Successfully click on Dashboard/Memebers
 INFO [main] (ActionEngine.java:107) - Successfully click on All User
 INFO [main] (ActionEngine.java:395) - Type  auto_com_user_dont_delete@gmail.com in Email Id
 INFO [main] (ActionEngine.java:107) - Successfully click on Search
 INFO [main] (ActionEngine.java:107) - Successfully click on User
 INFO [main] (ActionEngine.java:107) - Successfully click on Postal None
 INFO [main] (ActionEngine.java:395) - Type  fxCBwRew in Postal code
 INFO [main] (ActionEngine.java:107) - Successfully click on Submit
 INFO [main] (ActionEngine.java:1739) -  Able to get TscreenShot
 Able to get TscreenShot
</system-out>
  </testcase>
  <testcase name="TC104_Verify_Dashboard_Moderation_Recently_RejecttoRefer" classname="com.desktopWeb.scripts.dashboard.TC_104_Verify_Dashboard_Moderation_Recently_RejecttoRefer" time="134.517"/>
  <testcase name="TC118_Design_Project_Sub_Page_Template_en" classname="com.desktopWeb.scripts.sprint1.TC_118_Design_Project_Sub_Page_Template_En" time="264.642"/>
  <testcase name="TC174_Verify_Field_Enable_ToEdit_Dashoard_Project_En" classname="com.desktopWeb.scripts.sprint2.TC_174_Verify_Field_Enable_ToEdit_Dashoard_Project_En" time="183.1">
    <failure message="Step IsEnabled  Failed with description Project Type is not Enabled expected [true] but found [false]" type="java.lang.AssertionError">java.lang.AssertionError: Step IsEnabled  Failed with description Project Type is not Enabled expected [true] but found [false]
	at org.testng.Assert.fail(Assert.java:94)
	at org.testng.Assert.failNotEquals(Assert.java:494)
	at org.testng.Assert.assertTrue(Assert.java:42)
	at com.ctaf.support.HtmlReportSupport.onFailure(HtmlReportSupport.java:778)
	at com.ctaf.utilities.Reporter.failureReport(Reporter.java:91)
	at com.ctaf.accelerators.ActionEngine.isEnabled(ActionEngine.java:1161)
	at com.desktopWeb.workflows.HelperClass.VerifyFieldsEnableToEditOnProjectPage(HelperClass.java:2541)
	at com.desktopWeb.scripts.sprint2.TC_174_Verify_Field_Enable_ToEdit_Dashoard_Project_En.TC174_Verify_Field_Enable_ToEdit_Dashoard_Project_En(TC_174_Verify_Field_Enable_ToEdit_Dashoard_Project_En.java:26)
</failure>
    <system-out>TC118_Design_Project_Sub_Page_Template_en-10_Feb_2017 09 55 41 132;Time :292
 INFO [main] (TestEngine.java:507) - Current Test : TC174_Verify_Field_Enable_ToEdit_Dashoard_Project_En
 INFO [main] (HelperClass.java:182) - in login
 INFO [main] (ActionEngine.java:107) - Successfully click on Menu
 INFO [main] (ActionEngine.java:107) - Successfully click on Click on Menu/Login
 INFO [main] (ActionEngine.java:395) - Type  autoenmanager@harvestdp.com in Email address
 INFO [main] (ActionEngine.java:395) - Type  Automation2017 in Password
 INFO [main] (ActionEngine.java:107) - Successfully click on Login button
 INFO [main] (ActionEngine.java:107) - Successfully click on Dashboard
 INFO [main] (ActionEngine.java:107) - Successfully click on Dashboard/Project
 INFO [main] (ActionEngine.java:395) - Type  New Project for Test Execution in Project
 INFO [main] (ActionEngine.java:107) - Successfully click on Search
 INFO [main] (ActionEngine.java:107) - Successfully click on Project
 INFO [main] (HelperClass.java:713) - in navigateToSetting
 INFO [main] (ActionEngine.java:107) - Successfully click on Settings
 INFO [main] (HelperClass.java:2531) - in VerifyFieldsEnableToEditOnProjectPage
 INFO [main] (ActionEngine.java:1739) -  Able to get TscreenShot
 Able to get TscreenShot
</system-out>
  </testcase>
  <testcase name="TC06_loginviaFooter_CommonCheck_FooterLinks_SearchSite_CommunityUser" classname="com.desktopWeb.scripts.common.TC_06_loginviaFooter_CommonCheck_FooterLinks_SearchSite_CommunityUser" time="430.752"/>
  <testcase name="TC24_Add_Image" classname="com.desktopWeb.scripts.tools.TC_24_Add_Image" time="2,610.908">
    <failure message="Step TC24_Add_Image Failed with description Failed expected [true] but found [false]" type="java.lang.AssertionError">java.lang.AssertionError: Step TC24_Add_Image Failed with description Failed expected [true] but found [false]
	at org.testng.Assert.fail(Assert.java:94)
	at org.testng.Assert.failNotEquals(Assert.java:494)
	at org.testng.Assert.assertTrue(Assert.java:42)
	at com.ctaf.support.HtmlReportSupport.onFailure(HtmlReportSupport.java:778)
	at com.ctaf.utilities.Reporter.failureReport(Reporter.java:91)
	at com.desktopWeb.scripts.tools.TC_24_Add_Image.TC24_Add_Image(TC_24_Add_Image.java:30)
</failure>
    <system-out>TC06_loginviaFooter_CommonCheck_FooterLinks_SearchSite_CommunityUser-10_Feb_2017 10 04 09 724;Time :459
 INFO [main] (TestEngine.java:507) - Current Test : TC24_Add_Image
 INFO [main] (HelperClass.java:182) - in login
 INFO [main] (ActionEngine.java:107) - Successfully click on Menu
 INFO [main] (ActionEngine.java:107) - Successfully click on Click on Menu/Login
 INFO [main] (ActionEngine.java:395) - Type  autosm2017@gmail.com in Email address
 INFO [main] (ActionEngine.java:395) - Type  Automation2017 in Password
 INFO [main] (ActionEngine.java:107) - Successfully click on Login button
 INFO [main] (ActionEngine.java:107) - Successfully click on Dashboard
 INFO [main] (ActionEngine.java:107) - Successfully click on Dashboard/Project
 INFO [main] (ActionEngine.java:1739) -  Able to get TscreenShot
 Able to get TscreenShot
</system-out>
  </testcase>
  <testcase name="TC63_Verify_Update_Delete" classname="com.desktopWeb.scripts.addUpdate.TC_63_Verify_Update_Delete" time="202.711"/>
  <testcase name="TC61_Verify_Setting_Mobile_Preview" classname="com.desktopWeb.scripts.setting.TC_61_Verify_Setting_Mobile_Preview" time="170.812"/>
  <testcase name="TC74_Verify_Project_Sub_Page_Version_Duplicate" classname="com.desktopWeb.scripts.page.TC_74_Verify_Project_Sub_Page_Version_Duplicate" time="234.167"/>
  <testcase name="TC189_Pa_Manage_ProjectUser" classname="com.desktopWeb.scripts.roles_permission.TC_189_Pa_Manage_ProjectUser" time="1,478.395">
    <failure message="Step TC189_Pa_Manage_ProjectUser Failed with description Failed expected [true] but found [false]" type="java.lang.AssertionError">java.lang.AssertionError: Step TC189_Pa_Manage_ProjectUser Failed with description Failed expected [true] but found [false]
	at org.testng.Assert.fail(Assert.java:94)
	at org.testng.Assert.failNotEquals(Assert.java:494)
	at org.testng.Assert.assertTrue(Assert.java:42)
	at com.ctaf.support.HtmlReportSupport.onFailure(HtmlReportSupport.java:778)
	at com.ctaf.utilities.Reporter.failureReport(Reporter.java:91)
	at com.desktopWeb.scripts.roles_permission.TC_189_Pa_Manage_ProjectUser.TC189_Pa_Manage_ProjectUser(TC_189_Pa_Manage_ProjectUser.java:48)
</failure>
    <system-out><![CDATA[TC74_Verify_Project_Sub_Page_Version_Duplicate-10_Feb_2017 11 04 54 472;Time :295
 INFO [main] (TestEngine.java:507) - Current Test : TC189_Pa_Manage_ProjectUser
 INFO [main] (HelperClass.java:182) - in login
 INFO [main] (ActionEngine.java:107) - Successfully click on Menu
 INFO [main] (ActionEngine.java:107) - Successfully click on Click on Menu/Login
 INFO [main] (ActionEngine.java:395) - Type  autosm2017@gmail.com in Email address
 INFO [main] (ActionEngine.java:395) - Type  Automation2017 in Password
 INFO [main] (ActionEngine.java:107) - Successfully click on Login button
 INFO [main] (ActionEngine.java:107) - Successfully click on Dashboard
 INFO [main] (ActionEngine.java:107) - Successfully click on Dashboard/Project
 INFO [main] (ActionEngine.java:107) - Successfully click on Launch New Project
 INFO [main] (HelperClass.java:609) - in getRandomString
 INFO [main] (ActionEngine.java:395) - Type  Automation Project - TaLR in Project Name
 INFO [main] (ActionEngine.java:395) - Type  New Automation Project in Project Description
 INFO [main] (ActionEngine.java:107) - Successfully click on Next Button
 INFO [main] (HelperClass.java:460) - in scrollandClick
 INFO [main] (ActionEngine.java:894) - Select Department of Economic Development, Jobs, Transport & Resources from Project Department
 INFO [main] (ActionEngine.java:894) - Select Public from Project Type
 INFO [main] (ActionEngine.java:894) - Select Active from Project Status
 INFO [main] (HelperClass.java:509) - in clickTo
 INFO [main] (HelperClass.java:514) - Successfully Click on By.xpath: //div[@class='ccm-file-selector-choose-new']
 INFO [main] (ActionEngine.java:107) - Successfully click on Select project image
 INFO [main] (HelperClass.java:509) - in clickTo
 INFO [main] (HelperClass.java:514) - Successfully Click on By.xpath: //div[6]/div/fieldset/div[1]/ul/li[1]/span/span[2]
 INFO [main] (HelperClass.java:509) - in clickTo
 INFO [main] (HelperClass.java:514) - Successfully Click on By.xpath: //div[7]/div/fieldset/div[1]/ul/li[1]/span/span[2]
 INFO [main] (HelperClass.java:509) - in clickTo
 INFO [main] (HelperClass.java:514) - Successfully Click on By.xpath: //label/input[@value='1']
 INFO [main] (HelperClass.java:509) - in clickTo
 INFO [main] (HelperClass.java:514) - Successfully Click on By.xpath: //div[contains(@data-file-selector, 'ccm-file-akID-35')]/div[@class='ccm-file-selector-choose-new']
 INFO [main] (ActionEngine.java:107) - Successfully click on Select Project logo
 INFO [main] (ActionEngine.java:107) - Successfully click on Anothter Partnership
 INFO [main] (ActionEngine.java:107) - Successfully click on Next Button
 INFO [main] (ActionEngine.java:395) - Type  autoconmanager in Project user name
 INFO [main] (ActionEngine.java:107) - Successfully click on User
 INFO [main] (ActionEngine.java:894) - Select Consultation Manager from User Role
 INFO [main] (ActionEngine.java:395) - Type  autoprauthor in Project user name
 INFO [main] (ActionEngine.java:107) - Successfully click on User
 INFO [main] (ActionEngine.java:894) - Select Project Author from User Role
 INFO [main] (ActionEngine.java:107) - Successfully click on Launch Project
 INFO [main] (ActionEngine.java:2397) - Page Draft popup is displaying
 INFO [main] (ActionEngine.java:107) - Successfully click on Submit for approval
 INFO [main] (HelperClass.java:301) - in signOut
 INFO [main] (HelperClass.java:494) - in scrollTo
 INFO [main] (HelperClass.java:500) - Successfully scroll on By.xpath: //a[@aria-label='navigation menu']
 INFO [main] (HelperClass.java:509) - in clickTo
 INFO [main] (HelperClass.java:514) - Successfully Click on By.xpath: //a[@aria-label='navigation menu']
 INFO [main] (ActionEngine.java:107) - Successfully click on Menu/Sign Out
 INFO [main] (HelperClass.java:182) - in login
 INFO [main] (ActionEngine.java:107) - Successfully click on Menu
 INFO [main] (ActionEngine.java:107) - Successfully click on Click on Menu/Login
 INFO [main] (ActionEngine.java:395) - Type  autoprauthor@harvestdp.com in Email address
 INFO [main] (ActionEngine.java:395) - Type  Automation2017 in Password
 INFO [main] (ActionEngine.java:107) - Successfully click on Login button
 INFO [main] (ActionEngine.java:107) - Successfully click on Dashboard
 INFO [main] (ActionEngine.java:107) - Successfully click on Dashboard/Project
 INFO [main] (ActionEngine.java:395) - Type  Automation Project - TaLR in Project
 INFO [main] (ActionEngine.java:107) - Successfully click on Search
 INFO [main] (ActionEngine.java:107) - Successfully click on Project
 INFO [main] (HelperClass.java:713) - in navigateToSetting
 INFO [main] (ActionEngine.java:107) - Successfully click on Settings
 INFO [main] (ActionEngine.java:1739) -  Able to get TscreenShot
 Able to get TscreenShot
]]></system-out>
  </testcase>
  <testcase name="TC105_Verify_Dashboard_Moderation_Refer_Approve" classname="com.desktopWeb.scripts.dashboard.TC_105_Verify_Dashboard_Moderation_Refer_Approve" time="149.477">
    <failure message="Step AssertText  Failed with description Automation TestingMhBVKv is not present in the element  expected [true] but found [false]" type="java.lang.AssertionError">java.lang.AssertionError: Step AssertText  Failed with description Automation TestingMhBVKv is not present in the element  expected [true] but found [false]
	at org.testng.Assert.fail(Assert.java:94)
	at org.testng.Assert.failNotEquals(Assert.java:494)
	at org.testng.Assert.assertTrue(Assert.java:42)
	at com.ctaf.support.HtmlReportSupport.onFailure(HtmlReportSupport.java:778)
	at com.ctaf.utilities.Reporter.failureReport(Reporter.java:91)
	at com.ctaf.accelerators.ActionEngine.assertText(ActionEngine.java:1392)
	at com.desktopWeb.workflows.HelperClass.referAwaitingComment(HelperClass.java:2246)
	at com.desktopWeb.scripts.dashboard.TC_105_Verify_Dashboard_Moderation_Refer_Approve.TC105_Verify_Dashboard_Moderation_Refer_Approve(TC_105_Verify_Dashboard_Moderation_Refer_Approve.java:28)
</failure>
    <system-out>TC189_Pa_Manage_ProjectUser-10_Feb_2017 11 09 51 870;Time :1521
 INFO [main] (TestEngine.java:507) - Current Test : TC105_Verify_Dashboard_Moderation_Refer_Approve
 INFO [main] (HelperClass.java:609) - in getRandomString
 INFO [main] (HelperClass.java:182) - in login
 INFO [main] (ActionEngine.java:107) - Successfully click on Menu
 INFO [main] (ActionEngine.java:107) - Successfully click on Click on Menu/Login
 INFO [main] (ActionEngine.java:395) - Type  autosm2017@gmail.com in Email address
 INFO [main] (ActionEngine.java:395) - Type  Automation2017 in Password
 INFO [main] (ActionEngine.java:107) - Successfully click on Login button
 INFO [main] (HelperClass.java:407) - in navigateConsultation
 INFO [main] (ActionEngine.java:107) - Successfully click on Selected Project
 INFO [main] (ActionEngine.java:1362) - Element By.xpath: //li[contains(text(),'Smart Planning internal consultation')] is present
 INFO [main] (ActionEngine.java:395) - Type  Automation TestingMhBVKv in Project Comment
 INFO [main] (HelperClass.java:509) - in clickTo
 INFO [main] (HelperClass.java:514) - Successfully Click on By.xpath: //button[@class='btn pull-right submit']
 INFO [main] (ActionEngine.java:107) - Successfully click on Dashboard
 INFO [main] (ActionEngine.java:107) - Successfully click on Moderation
 INFO [main] (ActionEngine.java:1400) - Assert text of By.xpath: //div[@id='awaiting']/div[1]/div[3]/p .Expected text Automation TestingMhBVKv is present
1236
 INFO [main] (ActionEngine.java:1295) - Assert data-feedbackid of Comment ID. Equal
 INFO [main] (ActionEngine.java:107) - Successfully click on Refer
 INFO [main] (ActionEngine.java:894) - Select Inappropriate from Reason for refer
 INFO [main] (ActionEngine.java:107) - Successfully click on Sumbit
 INFO [main] (ActionEngine.java:1400) - Assert text of By.xpath: //div[@id='review']/div[1]/div/span/b .Expected text REFERRED is present
 INFO [main] (ActionEngine.java:1739) -  Able to get TscreenShot
 Able to get TscreenShot
</system-out>
  </testcase>
  <testcase name="TC119_SEO_Project_Sub_Page_Name_En" classname="com.desktopWeb.scripts.sprint1.TC_119_SEO_Project_Sub_Page_Name_En" time="182.442">
    <failure message="Step TC119_SEO_Project_Sub_Page_Name_En Failed with description Failed expected [true] but found [false]" type="java.lang.AssertionError">java.lang.AssertionError: Step TC119_SEO_Project_Sub_Page_Name_En Failed with description Failed expected [true] but found [false]
	at org.testng.Assert.fail(Assert.java:94)
	at org.testng.Assert.failNotEquals(Assert.java:494)
	at org.testng.Assert.assertTrue(Assert.java:42)
	at com.ctaf.support.HtmlReportSupport.onFailure(HtmlReportSupport.java:778)
	at com.ctaf.utilities.Reporter.failureReport(Reporter.java:91)
	at com.desktopWeb.scripts.sprint1.TC_119_SEO_Project_Sub_Page_Name_En.TC119_SEO_Project_Sub_Page_Name_En(TC_119_SEO_Project_Sub_Page_Name_En.java:29)
</failure>
    <system-out>TC105_Verify_Dashboard_Moderation_Refer_Approve-10_Feb_2017 11 35 14 860;Time :205
 INFO [main] (TestEngine.java:507) - Current Test : TC119_SEO_Project_Sub_Page_Name_En
 INFO [main] (HelperClass.java:182) - in login
 INFO [main] (ActionEngine.java:1739) -  Able to get TscreenShot
 Able to get TscreenShot
</system-out>
  </testcase>
  <testcase name="TC175_Verify_Field_Enable_ToEdit_Dashoard_Project_Cm" classname="com.desktopWeb.scripts.sprint2.TC_175_Verify_Field_Enable_ToEdit_Dashoard_Project_Cm" time="199.976"/>
  <testcase name="TC07_loginviaFooter_CommonCheck_FooterLinks_SearchSite_GuestUSer" classname="com.desktopWeb.scripts.common.TC_07_loginviaFooter_CommonCheck_FooterLinks_SearchSite_GuestUSer" time="550.777"/>
  <testcase name="TC25_Add_Flexi" classname="com.desktopWeb.scripts.tools.TC_25_Add_Flexi" time="816.889">
    <failure message="Step AssertText  Failed with description flexicontent is not present in the element  expected [true] but found [false]" type="java.lang.AssertionError">java.lang.AssertionError: Step AssertText  Failed with description flexicontent is not present in the element  expected [true] but found [false]
	at org.testng.Assert.fail(Assert.java:94)
	at org.testng.Assert.failNotEquals(Assert.java:494)
	at org.testng.Assert.assertTrue(Assert.java:42)
	at com.ctaf.support.HtmlReportSupport.onFailure(HtmlReportSupport.java:778)
	at com.ctaf.utilities.Reporter.failureReport(Reporter.java:91)
	at com.ctaf.accelerators.ActionEngine.assertText(ActionEngine.java:1392)
	at com.desktopWeb.workflows.HelperClass.addflexi(HelperClass.java:1509)
	at com.desktopWeb.scripts.tools.TC_25_Add_Flexi.TC25_Add_Flexi(TC_25_Add_Flexi.java:27)
</failure>
    <system-out><![CDATA[TC07_loginviaFooter_CommonCheck_FooterLinks_SearchSite_GuestUSer-10_Feb_2017 11 47 24 322;Time :612
 INFO [main] (TestEngine.java:507) - Current Test : TC25_Add_Flexi
 INFO [main] (HelperClass.java:182) - in login
 INFO [main] (ActionEngine.java:107) - Successfully click on Menu
 INFO [main] (ActionEngine.java:107) - Successfully click on Click on Menu/Login
 INFO [main] (ActionEngine.java:395) - Type  autosm2017@gmail.com in Email address
 INFO [main] (ActionEngine.java:395) - Type  Automation2017 in Password
 INFO [main] (ActionEngine.java:107) - Successfully click on Login button
 INFO [main] (ActionEngine.java:107) - Successfully click on Dashboard
 INFO [main] (ActionEngine.java:107) - Successfully click on Dashboard/Project
 INFO [main] (ActionEngine.java:107) - Successfully click on Launch New Project
 INFO [main] (HelperClass.java:609) - in getRandomString
 INFO [main] (ActionEngine.java:395) - Type  Automation Project - ueuz in Project Name
 INFO [main] (ActionEngine.java:395) - Type  New Automation Project in Project Description
 INFO [main] (ActionEngine.java:107) - Successfully click on Next Button
 INFO [main] (HelperClass.java:460) - in scrollandClick
 INFO [main] (ActionEngine.java:894) - Select Department of Education & Training from Project Department
 INFO [main] (ActionEngine.java:894) - Select Public from Project Type
 INFO [main] (ActionEngine.java:894) - Select Active from Project Status
 INFO [main] (HelperClass.java:509) - in clickTo
 INFO [main] (HelperClass.java:514) - Successfully Click on By.xpath: //div[@class='ccm-file-selector-choose-new']
 INFO [main] (ActionEngine.java:107) - Successfully click on Select project image
 INFO [main] (HelperClass.java:509) - in clickTo
 INFO [main] (HelperClass.java:514) - Successfully Click on By.xpath: //div[6]/div/fieldset/div[1]/ul/li[1]/span/span[2]
 INFO [main] (HelperClass.java:509) - in clickTo
 INFO [main] (HelperClass.java:514) - Successfully Click on By.xpath: //div[7]/div/fieldset/div[1]/ul/li[1]/span/span[2]
 INFO [main] (HelperClass.java:509) - in clickTo
 INFO [main] (HelperClass.java:514) - Successfully Click on By.xpath: //label/input[@value='1']
 INFO [main] (HelperClass.java:509) - in clickTo
 INFO [main] (HelperClass.java:514) - Successfully Click on By.xpath: //div[contains(@data-file-selector, 'ccm-file-akID-35')]/div[@class='ccm-file-selector-choose-new']
 INFO [main] (ActionEngine.java:107) - Successfully click on Select Project logo
 INFO [main] (ActionEngine.java:107) - Successfully click on Anothter Partnership
 INFO [main] (ActionEngine.java:107) - Successfully click on Next Button
 INFO [main] (ActionEngine.java:395) - Type  autoconmanager in Project user name
 INFO [main] (ActionEngine.java:107) - Successfully click on User
 INFO [main] (ActionEngine.java:894) - Select Consultation Manager from User Role
 INFO [main] (ActionEngine.java:395) - Type  autoprauthor in Project user name
 INFO [main] (ActionEngine.java:107) - Successfully click on User
 INFO [main] (ActionEngine.java:894) - Select Project Author from User Role
 INFO [main] (ActionEngine.java:107) - Successfully click on Launch Project
 INFO [main] (ActionEngine.java:2397) - Page Draft popup is displaying
 INFO [main] (ActionEngine.java:107) - Successfully click on Submit for approval
 INFO [main] (HelperClass.java:720) - in navigateToTools
 INFO [main] (ActionEngine.java:107) - Successfully click on Tools
 INFO [main] (HelperClass.java:494) - in scrollTo
 INFO [main] (HelperClass.java:500) - Successfully scroll on By.xpath: //a[text()='Home']
 INFO [main] (ActionEngine.java:395) - Type  flexititle in Flexi Title
 INFO [main] (ActionEngine.java:395) - Type  flexicontent in Flexi Content
 INFO [main] (ActionEngine.java:107) - Successfully click on Add
 INFO [main] (ActionEngine.java:107) - Successfully click on Save Page
 INFO [main] (HelperClass.java:2360) - in workflow
 INFO [main] (HelperClass.java:2384) - in sumbitWorkflow
 INFO [main] (ActionEngine.java:395) - Type  Added Image on page in Version Comment
 INFO [main] (ActionEngine.java:107) - Successfully click on Submit to Change
 INFO [main] (ActionEngine.java:1400) - Assert text of By.xpath: //div[@class='hive-block-flexi-content hive-block']/div/h3 .Expected text flexititle is present
 INFO [main] (ActionEngine.java:1739) -  Able to get TscreenShot
 Able to get TscreenShot
 INFO [main] (ActionEngine.java:1739) -  Able to get TscreenShot
 Able to get TscreenShot
 INFO [main] (ActionEngine.java:1739) -  Able to get TscreenShot
 Able to get TscreenShot
]]></system-out>
    <system-err>log4j:ERROR Failed to rename [./Logs/DPCAutomation.log] to [./Logs/DPCAutomation.log_2017-02-10.log].
</system-err>
  </testcase>
  <testcase name="TC64_Verify_Update_Version_Approve" classname="com.desktopWeb.scripts.addUpdate.TC_64_Verify_Update_Version_Approve" time="416.722">
    <failure message="Step TC64_Verify_Update_Version_Approve Failed with description Failed expected [true] but found [false]" type="java.lang.AssertionError">java.lang.AssertionError: Step TC64_Verify_Update_Version_Approve Failed with description Failed expected [true] but found [false]
	at org.testng.Assert.fail(Assert.java:94)
	at org.testng.Assert.failNotEquals(Assert.java:494)
	at org.testng.Assert.assertTrue(Assert.java:42)
	at com.ctaf.support.HtmlReportSupport.onFailure(HtmlReportSupport.java:778)
	at com.ctaf.utilities.Reporter.failureReport(Reporter.java:91)
	at com.desktopWeb.scripts.addUpdate.TC_64_Verify_Update_Version_Approve.TC64_Verify_Update_Version_Approve(TC_64_Verify_Update_Version_Approve.java:29)
</failure>
    <system-out>TC25_Add_Flexi-10_Feb_2017 11 57 39 387;Time :949
 INFO [main] (TestEngine.java:507) - Current Test : TC64_Verify_Update_Version_Approve
 INFO [main] (HelperClass.java:182) - in login
 INFO [main] (ActionEngine.java:107) - Successfully click on Menu
 INFO [main] (ActionEngine.java:107) - Successfully click on Click on Menu/Login
[...]
	at org.testng.Assert.fail(Assert.java:94)
	at org.testng.Assert.failNotEquals(Assert.java:494)
	at org.testng.Assert.assertTrue(Assert.java:42)
	at com.ctaf.support.HtmlReportSupport.onFailure(HtmlReportSupport.java:778)
	at com.ctaf.utilities.Reporter.failureReport(Reporter.java:91)
	at com.ctaf.accelerators.ActionEngine.click(ActionEngine.java:100)
	at com.desktopWeb.workflows.HelperClass.navigateConsultation(HelperClass.java:415)
	at com.desktopWeb.scripts.sprint1.TC_164_Verify_Page_News_Page_Version_Approve_Pa.TC164_Verify_Page_News_Page_Version_Approve_Pa(TC_164_Verify_Page_News_Page_Version_Approve_Pa.java:24)
</failure>
    <system-out>TC163_Verify_Page_News_Page_Mobile_Preview_Pa-11_Feb_2017 02 11 36 697;Time :992
 INFO [main] (TestEngine.java:507) - Current Test : TC164_Verify_Page_News_Page_Version_Approve_Pa
 INFO [main] (HelperClass.java:182) - in login
 INFO [main] (ActionEngine.java:107) - Successfully click on Menu
 INFO [main] (ActionEngine.java:107) - Successfully click on Click on Menu/Login
 INFO [main] (ActionEngine.java:395) - Type  autoprauthor@harvestdp.com in Email address
 INFO [main] (ActionEngine.java:395) - Type  Automation2017 in Password
 INFO [main] (ActionEngine.java:107) - Successfully click on Login button
 INFO [main] (HelperClass.java:407) - in navigateConsultation
 INFO [main] (ActionEngine.java:1739) -  Able to get TscreenShot
 Able to get TscreenShot
</system-out>
    <system-err><![CDATA[org.openqa.selenium.WebDriverException: Element is not clickable at point (1116.9666748046875, 185.10000610351562). Other element would receive the click: <div class="ccm-notification-inner"></div>
Command duration or timeout: 190 milliseconds
Build info: version: '2.53.1', revision: 'a36b8b1cd5757287168e54b817830adce9b0158d', time: '2016-06-30 19:26:09'
System info: host: 'HW1315', ip: '192.168.3.11', os.name: 'Windows 7', os.arch: 'amd64', os.version: '6.1', java.version: '1.8.0_111'
Driver info: org.openqa.selenium.firefox.FirefoxDriver
Capabilities [{applicationCacheEnabled=true, rotatable=false, handlesAlerts=true, databaseEnabled=true, version=46.0, platform=WINDOWS, nativeEvents=false, acceptSslCerts=true, webStorageEnabled=true, locationContextEnabled=true, browserName=firefox, takesScreenshot=true, javascriptEnabled=true, cssSelectorsEnabled=true}]
Session ID: 9dc7fbb4-6914-476b-9607-d1a25ce9c160
	at sun.reflect.NativeConstructorAccessorImpl.newInstance0(Native Method)
	at sun.reflect.NativeConstructorAccessorImpl.newInstance(Unknown Source)
	at sun.reflect.DelegatingConstructorAccessorImpl.newInstance(Unknown Source)
	at java.lang.reflect.Constructor.newInstance(Unknown Source)
	at org.openqa.selenium.remote.ErrorHandler.createThrowable(ErrorHandler.java:206)
	at org.openqa.selenium.remote.ErrorHandler.throwIfResponseFailed(ErrorHandler.java:158)
	at org.openqa.selenium.remote.RemoteWebDriver.execute(RemoteWebDriver.java:678)
	at org.openqa.selenium.remote.RemoteWebElement.execute(RemoteWebElement.java:327)
	at org.openqa.selenium.remote.RemoteWebElement.click(RemoteWebElement.java:85)
	at com.ctaf.accelerators.ActionEngine.click(ActionEngine.java:94)
	at com.desktopWeb.workflows.HelperClass.navigateConsultation(HelperClass.java:415)
	at com.desktopWeb.scripts.sprint1.TC_164_Verify_Page_News_Page_Version_Approve_Pa.TC164_Verify_Page_News_Page_Version_Approve_Pa(TC_164_Verify_Page_News_Page_Version_Approve_Pa.java:24)
	at sun.reflect.NativeMethodAccessorImpl.invoke0(Native Method)
	at sun.reflect.NativeMethodAccessorImpl.invoke(Unknown Source)
	at sun.reflect.DelegatingMethodAccessorImpl.invoke(Unknown Source)
	at java.lang.reflect.Method.invoke(Unknown Source)
	at org.testng.internal.MethodInvocationHelper.invokeMethod(MethodInvocationHelper.java:80)
	at org.testng.internal.Invoker.invokeMethod(Invoker.java:714)
	at org.testng.internal.Invoker.invokeTestMethod(Invoker.java:901)
	at org.testng.internal.Invoker.invokeTestMethods(Invoker.java:1231)
	at org.testng.internal.TestMethodWorker.invokeTestMethods(TestMethodWorker.java:127)
	at org.testng.internal.TestMethodWorker.run(TestMethodWorker.java:111)
	at org.testng.TestRunner.privateRun(TestRunner.java:767)
	at org.testng.TestRunner.run(TestRunner.java:617)
	at org.testng.SuiteRunner.runTest(SuiteRunner.java:334)
	at org.testng.SuiteRunner.runSequentially(SuiteRunner.java:329)
	at org.testng.SuiteRunner.privateRun(SuiteRunner.java:291)
	at org.testng.SuiteRunner.run(SuiteRunner.java:240)
	at org.testng.SuiteRunnerWorker.runSuite(SuiteRunnerWorker.java:52)
	at org.testng.SuiteRunnerWorker.run(SuiteRunnerWorker.java:86)
	at org.testng.TestNG.runSuitesSequentially(TestNG.java:1198)
	at org.testng.TestNG.runSuitesLocally(TestNG.java:1123)
	at org.testng.TestNG.run(TestNG.java:1031)
	at org.apache.maven.surefire.testng.TestNGExecutor.run(TestNGExecutor.java:178)
	at org.apache.maven.surefire.testng.TestNGXmlTestSuite.execute(TestNGXmlTestSuite.java:92)
	at org.apache.maven.surefire.testng.TestNGProvider.invoke(TestNGProvider.java:96)
	at sun.reflect.NativeMethodAccessorImpl.invoke0(Native Method)
	at sun.reflect.NativeMethodAccessorImpl.invoke(Unknown Source)
	at sun.reflect.DelegatingMethodAccessorImpl.invoke(Unknown Source)
	at java.lang.reflect.Method.invoke(Unknown Source)
	at org.apache.maven.surefire.util.ReflectionUtils.invokeMethodWithArray2(ReflectionUtils.java:208)
	at org.apache.maven.surefire.booter.ProviderFactory$ProviderProxy.invoke(ProviderFactory.java:159)
	at org.apache.maven.surefire.booter.ProviderFactory.invokeProvider(ProviderFactory.java:87)
	at org.apache.maven.surefire.booter.ForkedBooter.runSuitesInProcess(ForkedBooter.java:153)
	at org.apache.maven.surefire.booter.ForkedBooter.main(ForkedBooter.java:95)
]]></system-err>
  </testcase>
  <testcase name="TC165_Location_Page_News_Page_Location_Pa" classname="com.desktopWeb.scripts.sprint1.TC_165_Location_Page_News_Page_Location_Pa" time="242.616">
    <failure message="Step TC165_Location_Page_News_Page_Location_Pa Failed with description Failed expected [true] but found [false]" type="java.lang.AssertionError">java.lang.AssertionError: Step TC165_Location_Page_News_Page_Location_Pa Failed with description Failed expected [true] but found [false]
	at org.testng.Assert.fail(Assert.java:94)
	at org.testng.Assert.failNotEquals(Assert.java:494)
	at org.testng.Assert.assertTrue(Assert.java:42)
	at com.ctaf.support.HtmlReportSupport.onFailure(HtmlReportSupport.java:778)
	at com.ctaf.utilities.Reporter.failureReport(Reporter.java:91)
	at com.desktopWeb.scripts.sprint1.TC_165_Location_Page_News_Page_Location_Pa.TC165_Location_Page_News_Page_Location_Pa(TC_165_Location_Page_News_Page_Location_Pa.java:30)
</failure>
    <system-out>TC164_Verify_Page_News_Page_Version_Approve_Pa-11_Feb_2017 02 28 11 191;Time :108
 INFO [main] (TestEngine.java:507) - Current Test : TC165_Location_Page_News_Page_Location_Pa
 INFO [main] (HelperClass.java:182) - in login
 INFO [main] (ActionEngine.java:107) - Successfully click on Menu
 INFO [main] (ActionEngine.java:107) - Successfully click on Click on Menu/Login
 INFO [main] (ActionEngine.java:395) - Type  autoprauthor@harvestdp.com in Email address
 INFO [main] (ActionEngine.java:395) - Type  Automation2017 in Password
 INFO [main] (ActionEngine.java:107) - Successfully click on Login button
 INFO [main] (HelperClass.java:759) - in navigateToNewsPage
 INFO [main] (ActionEngine.java:107) - Successfully click on Page
 INFO [main] (ActionEngine.java:107) - Successfully click on More
 INFO [main] (ActionEngine.java:1739) -  Able to get TscreenShot
 Able to get TscreenShot
</system-out>
  </testcase>
  <testcase name="TC166_Design_Page_News_Page_Template_Pa" classname="com.desktopWeb.scripts.sprint1.TC_166_Design_Page_News_Page_Template_Pa" time="242.026">
    <failure message="Step TC166_Design_Page_News_Page_Template_Pa Failed with description Failed expected [true] but found [false]" type="java.lang.AssertionError">java.lang.AssertionError: Step TC166_Design_Page_News_Page_Template_Pa Failed with description Failed expected [true] but found [false]
	at org.testng.Assert.fail(Assert.java:94)
	at org.testng.Assert.failNotEquals(Assert.java:494)
	at org.testng.Assert.assertTrue(Assert.java:42)
	at com.ctaf.support.HtmlReportSupport.onFailure(HtmlReportSupport.java:778)
	at com.ctaf.utilities.Reporter.failureReport(Reporter.java:91)
	at com.desktopWeb.scripts.sprint1.TC_166_Design_Page_News_Page_Template_Pa.TC166_Design_Page_News_Page_Template_Pa(TC_166_Design_Page_News_Page_Template_Pa.java:30)
</failure>
    <system-out>TC165_Location_Page_News_Page_Location_Pa-11_Feb_2017 02 30 00 085;Time :290
 INFO [main] (TestEngine.java:507) - Current Test : TC166_Design_Page_News_Page_Template_Pa
 INFO [main] (HelperClass.java:182) - in login
 INFO [main] (ActionEngine.java:107) - Successfully click on Menu
 INFO [main] (ActionEngine.java:107) - Successfully click on Click on Menu/Login
 INFO [main] (ActionEngine.java:395) - Type  autoprauthor@harvestdp.com in Email address
 INFO [main] (ActionEngine.java:395) - Type  Automation2017 in Password
 INFO [main] (ActionEngine.java:107) - Successfully click on Login button
 INFO [main] (HelperClass.java:759) - in navigateToNewsPage
 INFO [main] (ActionEngine.java:107) - Successfully click on Page
 INFO [main] (ActionEngine.java:107) - Successfully click on More
 INFO [main] (ActionEngine.java:1739) -  Able to get TscreenShot
 Able to get TscreenShot
</system-out>
  </testcase>
  <testcase name="TC167_Verify_Page_News_Page_Version_NewPage_Pa" classname="com.desktopWeb.scripts.sprint1.TC_167_Verify_Page_News_Page_Version_NewPage_Pa" time="243.046">
    <failure message="Step TC167_Verify_Page_News_Page_Version_NewPage_Pa Failed with description Failed expected [true] but found [false]" type="java.lang.AssertionError">java.lang.AssertionError: Step TC167_Verify_Page_News_Page_Version_NewPage_Pa Failed with description Failed expected [true] but found [false]
	at org.testng.Assert.fail(Assert.java:94)
	at org.testng.Assert.failNotEquals(Assert.java:494)
	at org.testng.Assert.assertTrue(Assert.java:42)
	at com.ctaf.support.HtmlReportSupport.onFailure(HtmlReportSupport.java:778)
	at com.ctaf.utilities.Reporter.failureReport(Reporter.java:91)
	at com.desktopWeb.scripts.sprint1.TC_167_Verify_Page_News_Page_Version_NewPage_Pa.TC167_Verify_Page_News_Page_Version_NewPage_Pa(TC_167_Verify_Page_News_Page_Version_NewPage_Pa.java:32)
</failure>
    <system-out>TC166_Design_Page_News_Page_Template_Pa-11_Feb_2017 02 34 51 703;Time :946
 INFO [main] (TestEngine.java:507) - Current Test : TC167_Verify_Page_News_Page_Version_NewPage_Pa
 INFO [main] (HelperClass.java:182) - in login
 INFO [main] (ActionEngine.java:107) - Successfully click on Menu
 INFO [main] (ActionEngine.java:107) - Successfully click on Click on Menu/Login
 INFO [main] (ActionEngine.java:395) - Type  autoprauthor@harvestdp.com in Email address
 INFO [main] (ActionEngine.java:395) - Type  Automation2017 in Password
 INFO [main] (ActionEngine.java:107) - Successfully click on Login button
 INFO [main] (HelperClass.java:759) - in navigateToNewsPage
 INFO [main] (ActionEngine.java:107) - Successfully click on Page
 INFO [main] (ActionEngine.java:107) - Successfully click on More
 INFO [main] (ActionEngine.java:1739) -  Able to get TscreenShot
 Able to get TscreenShot
</system-out>
  </testcase>
  <testcase name="TC168_Verify_Project_News_Page_Delete_Pa" classname="com.desktopWeb.scripts.sprint1.TC_168_Verify_Project_Sub_Page_Delete_Pa" time="253.48">
    <failure message="Step TC168_Verify_Project_News_Page_Delete_Pa Failed with description Failed expected [true] but found [false]" type="java.lang.AssertionError">java.lang.AssertionError: Step TC168_Verify_Project_News_Page_Delete_Pa Failed with description Failed expected [true] but found [false]
	at org.testng.Assert.fail(Assert.java:94)
	at org.testng.Assert.failNotEquals(Assert.java:494)
	at org.testng.Assert.assertTrue(Assert.java:42)
	at com.ctaf.support.HtmlReportSupport.onFailure(HtmlReportSupport.java:778)
	at com.ctaf.utilities.Reporter.failureReport(Reporter.java:91)
	at com.desktopWeb.scripts.sprint1.TC_168_Verify_Project_Sub_Page_Delete_Pa.TC168_Verify_Project_News_Page_Delete_Pa(TC_168_Verify_Project_Sub_Page_Delete_Pa.java:27)
</failure>
    <system-out>TC167_Verify_Page_News_Page_Version_NewPage_Pa-11_Feb_2017 02 50 39 405;Time :286
 INFO [main] (TestEngine.java:507) - Current Test : TC168_Verify_Project_News_Page_Delete_Pa
 INFO [main] (HelperClass.java:182) - in login
 INFO [main] (ActionEngine.java:107) - Successfully click on Menu
 INFO [main] (ActionEngine.java:107) - Successfully click on Click on Menu/Login
 INFO [main] (ActionEngine.java:395) - Type  autoprauthor@harvestdp.com in Email address
 INFO [main] (ActionEngine.java:395) - Type  Automation2017 in Password
 INFO [main] (ActionEngine.java:107) - Successfully click on Login button
 INFO [main] (HelperClass.java:759) - in navigateToNewsPage
 INFO [main] (ActionEngine.java:107) - Successfully click on Page
 INFO [main] (ActionEngine.java:107) - Successfully click on More
 INFO [main] (ActionEngine.java:1739) -  Able to get TscreenShot
 Able to get TscreenShot
</system-out>
  </testcase>
  <testcase name="TC169_Detail_Page_News_Page_Project_Pa" classname="com.desktopWeb.scripts.sprint1.TC_169_Detail_Page_News_Page_Project_Pa" time="45.523">
    <failure message="Step Click Failed with description Unable to click on Selected Project expected [true] but found [false]" type="java.lang.AssertionError">java.lang.AssertionError: Step Click Failed with description Unable to click on Selected Project expected [true] but found [false]
	at org.testng.Assert.fail(Assert.java:94)
	at org.testng.Assert.failNotEquals(Assert.java:494)
	at org.testng.Assert.assertTrue(Assert.java:42)
	at com.ctaf.support.HtmlReportSupport.onFailure(HtmlReportSupport.java:778)
	at com.ctaf.utilities.Reporter.failureReport(Reporter.java:91)
	at com.ctaf.accelerators.ActionEngine.click(ActionEngine.java:100)
	at com.desktopWeb.workflows.HelperClass.navigateConsultation(HelperClass.java:415)
	at com.desktopWeb.scripts.sprint1.TC_169_Detail_Page_News_Page_Project_Pa.TC169_Detail_Page_News_Page_Project_Pa(TC_169_Detail_Page_News_Page_Project_Pa.java:23)
</failure>
    <system-out>TC168_Verify_Project_News_Page_Delete_Pa-11_Feb_2017 02 55 26 321;Time :297
 INFO [main] (TestEngine.java:507) - Current Test : TC169_Detail_Page_News_Page_Project_Pa
 INFO [main] (HelperClass.java:182) - in login
 INFO [main] (ActionEngine.java:107) - Successfully click on Menu
 INFO [main] (ActionEngine.java:107) - Successfully click on Click on Menu/Login
 INFO [main] (ActionEngine.java:395) - Type  autoprauthor@harvestdp.com in Email address
 INFO [main] (ActionEngine.java:395) - Type  Automation2017 in Password
 INFO [main] (ActionEngine.java:107) - Successfully click on Login button
 INFO [main] (HelperClass.java:407) - in navigateConsultation
 INFO [main] (ActionEngine.java:1739) -  Able to get TscreenShot
 Able to get TscreenShot
</system-out>
    <system-err><![CDATA[org.openqa.selenium.WebDriverException: Element is not clickable at point (1116.9666748046875, 185.10000610351562). Other element would receive the click: <div class="ccm-notification-inner"></div>
Command duration or timeout: 265 milliseconds
Build info: version: '2.53.1', revision: 'a36b8b1cd5757287168e54b817830adce9b0158d', time: '2016-06-30 19:26:09'
System info: host: 'HW1315', ip: '192.168.3.11', os.name: 'Windows 7', os.arch: 'amd64', os.version: '6.1', java.version: '1.8.0_111'
Driver info: org.openqa.selenium.firefox.FirefoxDriver
Capabilities [{applicationCacheEnabled=true, rotatable=false, handlesAlerts=true, databaseEnabled=true, version=46.0, platform=WINDOWS, nativeEvents=false, acceptSslCerts=true, webStorageEnabled=true, locationContextEnabled=true, browserName=firefox, takesScreenshot=true, javascriptEnabled=true, cssSelectorsEnabled=true}]
Session ID: 7f0eb6ae-3383-4f81-8043-9be2c529e242
	at sun.reflect.NativeConstructorAccessorImpl.newInstance0(Native Method)
	at sun.reflect.NativeConstructorAccessorImpl.newInstance(Unknown Source)
	at sun.reflect.DelegatingConstructorAccessorImpl.newInstance(Unknown Source)
	at java.lang.reflect.Constructor.newInstance(Unknown Source)
	at org.openqa.selenium.remote.ErrorHandler.createThrowable(ErrorHandler.java:206)
	at org.openqa.selenium.remote.ErrorHandler.throwIfResponseFailed(ErrorHandler.java:158)
	at org.openqa.selenium.remote.RemoteWebDriver.execute(RemoteWebDriver.java:678)
	at org.openqa.selenium.remote.RemoteWebElement.execute(RemoteWebElement.java:327)
	at org.openqa.selenium.remote.RemoteWebElement.click(RemoteWebElement.java:85)
	at com.ctaf.accelerators.ActionEngine.click(ActionEngine.java:94)
	at com.desktopWeb.workflows.HelperClass.navigateConsultation(HelperClass.java:415)
	at com.desktopWeb.scripts.sprint1.TC_169_Detail_Page_News_Page_Project_Pa.TC169_Detail_Page_News_Page_Project_Pa(TC_169_Detail_Page_News_Page_Project_Pa.java:23)
	at sun.reflect.NativeMethodAccessorImpl.invoke0(Native Method)
	at sun.reflect.NativeMethodAccessorImpl.invoke(Unknown Source)
	at sun.reflect.DelegatingMethodAccessorImpl.invoke(Unknown Source)
	at java.lang.reflect.Method.invoke(Unknown Source)
	at org.testng.internal.MethodInvocationHelper.invokeMethod(MethodInvocationHelper.java:80)
	at org.testng.internal.Invoker.invokeMethod(Invoker.java:714)
	at org.testng.internal.Invoker.invokeTestMethod(Invoker.java:901)
	at org.testng.internal.Invoker.invokeTestMethods(Invoker.java:1231)
	at org.testng.internal.TestMethodWorker.invokeTestMethods(TestMethodWorker.java:127)
	at org.testng.internal.TestMethodWorker.run(TestMethodWorker.java:111)
	at org.testng.TestRunner.privateRun(TestRunner.java:767)
	at org.testng.TestRunner.run(TestRunner.java:617)
	at org.testng.SuiteRunner.runTest(SuiteRunner.java:334)
	at org.testng.SuiteRunner.runSequentially(SuiteRunner.java:329)
	at org.testng.SuiteRunner.privateRun(SuiteRunner.java:291)
	at org.testng.SuiteRunner.run(SuiteRunner.java:240)
	at org.testng.SuiteRunnerWorker.runSuite(SuiteRunnerWorker.java:52)
	at org.testng.SuiteRunnerWorker.run(SuiteRunnerWorker.java:86)
	at org.testng.TestNG.runSuitesSequentially(TestNG.java:1198)
	at org.testng.TestNG.runSuitesLocally(TestNG.java:1123)
	at org.testng.TestNG.run(TestNG.java:1031)
	at org.apache.maven.surefire.testng.TestNGExecutor.run(TestNGExecutor.java:178)
	at org.apache.maven.surefire.testng.TestNGXmlTestSuite.execute(TestNGXmlTestSuite.java:92)
	at org.apache.maven.surefire.testng.TestNGProvider.invoke(TestNGProvider.java:96)
	at sun.reflect.NativeMethodAccessorImpl.invoke0(Native Method)
	at sun.reflect.NativeMethodAccessorImpl.invoke(Unknown Source)
	at sun.reflect.DelegatingMethodAccessorImpl.invoke(Unknown Source)
	at java.lang.reflect.Method.invoke(Unknown Source)
	at org.apache.maven.surefire.util.ReflectionUtils.invokeMethodWithArray2(ReflectionUtils.java:208)
	at org.apache.maven.surefire.booter.ProviderFactory$ProviderProxy.invoke(ProviderFactory.java:159)
	at org.apache.maven.surefire.booter.ProviderFactory.invokeProvider(ProviderFactory.java:87)
	at org.apache.maven.surefire.booter.ForkedBooter.runSuitesInProcess(ForkedBooter.java:153)
	at org.apache.maven.surefire.booter.ForkedBooter.main(ForkedBooter.java:95)
]]></system-err>
  </testcase>
  <testcase name="TC03_CommonChecks_HomePage_HambergerMenu_Login_Signout_GuestUser" classname="com.desktopWeb.scripts.common.TC_03_CommonChecks_HomePage_HamburgerMenu_Login_Signout_GuestUser" time="214.603"/>
  <testcase name="TC03_CommonChecks_HomePage_HambergerMenu_Login_Signout_GuestUser" classname="com.desktopWeb.scripts.common.TC_03_CommonChecks_HomePage_HamburgerMenu_Login_Signout_GuestUser" time="254.409"/>
  <testcase name="TC03_CommonChecks_HomePage_HambergerMenu_Login_Signout_GuestUser" classname="com.desktopWeb.scripts.common.TC_03_CommonChecks_HomePage_HamburgerMenu_Login_Signout_GuestUser" time="216.929"/>
</testsuite>